{"/Users/hzwangfei3/Documents/gitrepos/froguard/github/json-toy/lib/type-of.js":{"path":"/Users/hzwangfei3/Documents/gitrepos/froguard/github/json-toy/lib/type-of.js","s":{"1":1,"2":2062,"3":1,"4":2068,"5":6,"6":2062,"7":2061,"8":2061,"9":1823,"10":2061,"11":1,"12":44,"13":44,"14":1901,"15":2,"16":2,"17":26,"18":2,"19":2,"20":2,"21":2,"22":2,"23":2,"24":1,"25":1863,"26":1,"27":2,"28":1,"29":28,"30":1,"31":4,"32":1,"33":2,"34":1,"35":2,"36":1,"37":2,"38":1,"39":1947,"40":1,"41":1853,"42":1,"43":21,"44":1,"45":4,"46":1,"47":1845,"48":1,"49":13,"50":1,"51":2276,"52":1,"53":3,"54":1,"55":12,"56":12,"57":1,"58":12,"59":1,"60":56,"61":1,"62":3,"63":1,"64":13,"65":1,"66":1851,"67":31,"68":1819,"69":1692,"70":1683,"71":1683,"72":136,"73":1,"74":11,"75":11,"76":3,"77":1,"78":1,"79":1,"80":7,"81":2,"82":35,"83":4,"84":31,"85":31,"86":21,"87":20,"88":20,"89":1,"90":10,"91":2,"92":30,"93":2,"94":17,"95":1,"96":16,"97":8,"98":8,"99":2,"100":2,"101":2,"102":2,"103":2,"104":2,"105":2,"106":2,"107":1,"108":82,"109":82,"110":82,"111":36,"112":36,"113":36,"114":36,"115":82,"116":2},"b":{"1":[6,2062],"2":[2068,2064],"3":[2,4],"4":[1823,238],"5":[2061,2060,254],"6":[1823,0],"7":[1823,1823],"8":[43,1],"9":[44,1],"10":[1863,1827,1827],"11":[2,1],"12":[28,7],"13":[4,3],"14":[2,1],"15":[2,1],"16":[2,1],"17":[1947,166,1793],"18":[1853,1838],"19":[1845,1840],"20":[13,12,11],"21":[2276,177],"22":[3,3],"23":[10,2],"24":[1,11],"25":[12,11],"26":[12,1],"27":[3,2],"28":[13,7],"29":[31,1819],"30":[1692,127],"31":[1819,127],"32":[1683,0],"33":[11,7],"34":[11,5,2,3,2],"35":[1,0,1,1,1],"36":[4,31],"37":[35,4],"38":[31,4],"39":[20,1],"40":[20,0],"41":[1,16],"42":[8,8],"43":[8,8],"44":[2,2,2],"45":[2,2,2],"46":[2,2,2],"47":[2,2,2],"48":[36,46],"49":[82,55,49],"50":[36,36],"51":[36,36],"52":[36,7],"53":[36,29]},"f":{"1":2062,"2":2068,"3":44,"4":1901,"5":26,"6":1863,"7":2,"8":28,"9":4,"10":2,"11":2,"12":2,"13":1947,"14":1853,"15":21,"16":4,"17":1845,"18":13,"19":2276,"20":3,"21":12,"22":56,"23":3,"24":13,"25":1851,"26":11,"27":3,"28":1,"29":7,"30":35,"31":30,"32":17,"33":2,"34":2,"35":2,"36":2,"37":82},"fnMap":{"1":{"name":"_typeString","line":14,"loc":{"start":{"line":14,"column":0},"end":{"line":14,"column":25}}},"2":{"name":"_getType","line":28,"loc":{"start":{"line":28,"column":0},"end":{"line":28,"column":22}}},"3":{"name":"_isTypeOf","line":47,"loc":{"start":{"line":47,"column":0},"end":{"line":47,"column":24}}},"4":{"name":"(anonymous_4)","line":49,"loc":{"start":{"line":49,"column":11},"end":{"line":49,"column":24}}},"5":{"name":"(anonymous_5)","line":66,"loc":{"start":{"line":66,"column":10},"end":{"line":66,"column":21}}},"6":{"name":"isArray","line":75,"loc":{"start":{"line":75,"column":0},"end":{"line":75,"column":21}}},"7":{"name":"isDate","line":79,"loc":{"start":{"line":79,"column":0},"end":{"line":79,"column":20}}},"8":{"name":"isRegExp","line":82,"loc":{"start":{"line":82,"column":0},"end":{"line":82,"column":22}}},"9":{"name":"isError","line":85,"loc":{"start":{"line":85,"column":0},"end":{"line":85,"column":21}}},"10":{"name":"isSyntaxError","line":88,"loc":{"start":{"line":88,"column":0},"end":{"line":88,"column":27}}},"11":{"name":"isTypeError","line":91,"loc":{"start":{"line":91,"column":0},"end":{"line":91,"column":25}}},"12":{"name":"isRangeError","line":94,"loc":{"start":{"line":94,"column":0},"end":{"line":94,"column":26}}},"13":{"name":"isObject","line":107,"loc":{"start":{"line":107,"column":0},"end":{"line":107,"column":23}}},"14":{"name":"isFunction","line":110,"loc":{"start":{"line":110,"column":0},"end":{"line":110,"column":25}}},"15":{"name":"isNull","line":113,"loc":{"start":{"line":113,"column":0},"end":{"line":113,"column":20}}},"16":{"name":"isUndefined","line":116,"loc":{"start":{"line":116,"column":0},"end":{"line":116,"column":25}}},"17":{"name":"isNill","line":119,"loc":{"start":{"line":119,"column":0},"end":{"line":119,"column":20}}},"18":{"name":"isBoolean","line":124,"loc":{"start":{"line":124,"column":0},"end":{"line":124,"column":23}}},"19":{"name":"isString","line":127,"loc":{"start":{"line":127,"column":0},"end":{"line":127,"column":23}}},"20":{"name":"isChar","line":130,"loc":{"start":{"line":130,"column":0},"end":{"line":130,"column":20}}},"21":{"name":"isNumber","line":133,"loc":{"start":{"line":133,"column":0},"end":{"line":133,"column":28}}},"22":{"name":"isNaN","line":140,"loc":{"start":{"line":140,"column":0},"end":{"line":140,"column":19}}},"23":{"name":"isRealNumber","line":143,"loc":{"start":{"line":143,"column":0},"end":{"line":143,"column":26}}},"24":{"name":"isPrimitive","line":147,"loc":{"start":{"line":147,"column":0},"end":{"line":147,"column":25}}},"25":{"name":"isSpreadable","line":151,"loc":{"start":{"line":151,"column":0},"end":{"line":151,"column":26}}},"26":{"name":"_isJSON","line":164,"loc":{"start":{"line":164,"column":0},"end":{"line":164,"column":33}}},"27":{"name":"(anonymous_27)","line":167,"loc":{"start":{"line":167,"column":40},"end":{"line":167,"column":58}}},"28":{"name":"(anonymous_28)","line":170,"loc":{"start":{"line":170,"column":60},"end":{"line":170,"column":74}}},"29":{"name":"isJSON","line":178,"loc":{"start":{"line":178,"column":0},"end":{"line":178,"column":20}}},"30":{"name":"(anonymous_30)","line":182,"loc":{"start":{"line":182,"column":19},"end":{"line":182,"column":41}}},"31":{"name":"(anonymous_31)","line":199,"loc":{"start":{"line":199,"column":22},"end":{"line":199,"column":35}}},"32":{"name":"(anonymous_32)","line":208,"loc":{"start":{"line":208,"column":18},"end":{"line":208,"column":32}}},"33":{"name":"(anonymous_33)","line":219,"loc":{"start":{"line":219,"column":19},"end":{"line":219,"column":32}}},"34":{"name":"(anonymous_34)","line":223,"loc":{"start":{"line":223,"column":19},"end":{"line":223,"column":32}}},"35":{"name":"(anonymous_35)","line":227,"loc":{"start":{"line":227,"column":15},"end":{"line":227,"column":28}}},"36":{"name":"(anonymous_36)","line":231,"loc":{"start":{"line":231,"column":16},"end":{"line":231,"column":29}}},"37":{"name":"_instOf","line":253,"loc":{"start":{"line":253,"column":0},"end":{"line":253,"column":30}}}},"statementMap":{"1":{"start":{"line":14,"column":0},"end":{"line":16,"column":1}},"2":{"start":{"line":15,"column":4},"end":{"line":15,"column":47}},"3":{"start":{"line":28,"column":0},"end":{"line":40,"column":1}},"4":{"start":{"line":29,"column":4},"end":{"line":39,"column":5}},"5":{"start":{"line":30,"column":8},"end":{"line":30,"column":56}},"6":{"start":{"line":32,"column":8},"end":{"line":32,"column":66}},"7":{"start":{"line":34,"column":8},"end":{"line":34,"column":30}},"8":{"start":{"line":35,"column":8},"end":{"line":37,"column":9}},"9":{"start":{"line":36,"column":12},"end":{"line":36,"column":113}},"10":{"start":{"line":38,"column":8},"end":{"line":38,"column":24}},"11":{"start":{"line":47,"column":0},"end":{"line":52,"column":1}},"12":{"start":{"line":48,"column":4},"end":{"line":48,"column":94}},"13":{"start":{"line":49,"column":4},"end":{"line":51,"column":5}},"14":{"start":{"line":50,"column":8},"end":{"line":50,"column":38}},"15":{"start":{"line":59,"column":0},"end":{"line":59,"column":16}},"16":{"start":{"line":60,"column":0},"end":{"line":68,"column":3}},"17":{"start":{"line":67,"column":4},"end":{"line":67,"column":67}},"18":{"start":{"line":69,"column":0},"end":{"line":69,"column":37}},"19":{"start":{"line":70,"column":0},"end":{"line":70,"column":31}},"20":{"start":{"line":71,"column":0},"end":{"line":71,"column":25}},"21":{"start":{"line":72,"column":0},"end":{"line":72,"column":33}},"22":{"start":{"line":73,"column":0},"end":{"line":73,"column":25}},"23":{"start":{"line":74,"column":0},"end":{"line":74,"column":33}},"24":{"start":{"line":75,"column":0},"end":{"line":77,"column":1}},"25":{"start":{"line":76,"column":4},"end":{"line":76,"column":94}},"26":{"start":{"line":79,"column":0},"end":{"line":81,"column":1}},"27":{"start":{"line":80,"column":4},"end":{"line":80,"column":53}},"28":{"start":{"line":82,"column":0},"end":{"line":84,"column":1}},"29":{"start":{"line":83,"column":4},"end":{"line":83,"column":57}},"30":{"start":{"line":85,"column":0},"end":{"line":87,"column":1}},"31":{"start":{"line":86,"column":4},"end":{"line":86,"column":55}},"32":{"start":{"line":88,"column":0},"end":{"line":90,"column":1}},"33":{"start":{"line":89,"column":4},"end":{"line":89,"column":67}},"34":{"start":{"line":91,"column":0},"end":{"line":93,"column":1}},"35":{"start":{"line":92,"column":4},"end":{"line":92,"column":63}},"36":{"start":{"line":94,"column":0},"end":{"line":96,"column":1}},"37":{"start":{"line":95,"column":4},"end":{"line":95,"column":65}},"38":{"start":{"line":107,"column":0},"end":{"line":109,"column":1}},"39":{"start":{"line":108,"column":4},"end":{"line":108,"column":77}},"40":{"start":{"line":110,"column":0},"end":{"line":112,"column":1}},"41":{"start":{"line":111,"column":4},"end":{"line":111,"column":64}},"42":{"start":{"line":113,"column":0},"end":{"line":115,"column":1}},"43":{"start":{"line":114,"column":4},"end":{"line":114,"column":24}},"44":{"start":{"line":116,"column":0},"end":{"line":118,"column":1}},"45":{"start":{"line":117,"column":4},"end":{"line":117,"column":29}},"46":{"start":{"line":119,"column":0},"end":{"line":121,"column":1}},"47":{"start":{"line":120,"column":4},"end":{"line":120,"column":47}},"48":{"start":{"line":124,"column":0},"end":{"line":126,"column":1}},"49":{"start":{"line":125,"column":4},"end":{"line":125,"column":67}},"50":{"start":{"line":127,"column":0},"end":{"line":129,"column":1}},"51":{"start":{"line":128,"column":4},"end":{"line":128,"column":60}},"52":{"start":{"line":130,"column":0},"end":{"line":132,"column":1}},"53":{"start":{"line":131,"column":4},"end":{"line":131,"column":45}},"54":{"start":{"line":133,"column":0},"end":{"line":139,"column":1}},"55":{"start":{"line":134,"column":4},"end":{"line":134,"column":44}},"56":{"start":{"line":135,"column":4},"end":{"line":137,"column":5}},"57":{"start":{"line":136,"column":8},"end":{"line":136,"column":143}},"58":{"start":{"line":138,"column":4},"end":{"line":138,"column":60}},"59":{"start":{"line":140,"column":0},"end":{"line":142,"column":1}},"60":{"start":{"line":141,"column":4},"end":{"line":141,"column":23}},"61":{"start":{"line":143,"column":0},"end":{"line":145,"column":1}},"62":{"start":{"line":144,"column":4},"end":{"line":144,"column":41}},"63":{"start":{"line":147,"column":0},"end":{"line":149,"column":1}},"64":{"start":{"line":148,"column":4},"end":{"line":148,"column":46}},"65":{"start":{"line":151,"column":0},"end":{"line":162,"column":1}},"66":{"start":{"line":152,"column":4},"end":{"line":160,"column":5}},"67":{"start":{"line":153,"column":8},"end":{"line":153,"column":28}},"68":{"start":{"line":154,"column":10},"end":{"line":160,"column":5}},"69":{"start":{"line":155,"column":8},"end":{"line":159,"column":9}},"70":{"start":{"line":156,"column":12},"end":{"line":158,"column":13}},"71":{"start":{"line":157,"column":16},"end":{"line":157,"column":27}},"72":{"start":{"line":161,"column":4},"end":{"line":161,"column":17}},"73":{"start":{"line":164,"column":0},"end":{"line":176,"column":1}},"74":{"start":{"line":165,"column":4},"end":{"line":165,"column":44}},"75":{"start":{"line":166,"column":4},"end":{"line":175,"column":12}},"76":{"start":{"line":168,"column":12},"end":{"line":168,"column":45}},"77":{"start":{"line":171,"column":12},"end":{"line":171,"column":64}},"78":{"start":{"line":172,"column":12},"end":{"line":174,"column":50}},"79":{"start":{"line":178,"column":0},"end":{"line":180,"column":1}},"80":{"start":{"line":179,"column":4},"end":{"line":179,"column":24}},"81":{"start":{"line":182,"column":0},"end":{"line":197,"column":2}},"82":{"start":{"line":183,"column":4},"end":{"line":185,"column":5}},"83":{"start":{"line":184,"column":8},"end":{"line":184,"column":21}},"84":{"start":{"line":186,"column":4},"end":{"line":186,"column":33}},"85":{"start":{"line":187,"column":4},"end":{"line":195,"column":5}},"86":{"start":{"line":188,"column":8},"end":{"line":194,"column":9}},"87":{"start":{"line":189,"column":12},"end":{"line":191,"column":13}},"88":{"start":{"line":190,"column":16},"end":{"line":190,"column":29}},"89":{"start":{"line":193,"column":12},"end":{"line":193,"column":25}},"90":{"start":{"line":196,"column":4},"end":{"line":196,"column":16}},"91":{"start":{"line":199,"column":0},"end":{"line":201,"column":2}},"92":{"start":{"line":200,"column":4},"end":{"line":200,"column":38}},"93":{"start":{"line":208,"column":0},"end":{"line":217,"column":2}},"94":{"start":{"line":209,"column":4},"end":{"line":216,"column":5}},"95":{"start":{"line":210,"column":8},"end":{"line":210,"column":20}},"96":{"start":{"line":211,"column":10},"end":{"line":216,"column":5}},"97":{"start":{"line":212,"column":8},"end":{"line":213,"column":74}},"98":{"start":{"line":215,"column":8},"end":{"line":215,"column":21}},"99":{"start":{"line":219,"column":0},"end":{"line":221,"column":2}},"100":{"start":{"line":220,"column":4},"end":{"line":220,"column":59}},"101":{"start":{"line":223,"column":0},"end":{"line":225,"column":2}},"102":{"start":{"line":224,"column":4},"end":{"line":224,"column":59}},"103":{"start":{"line":227,"column":0},"end":{"line":229,"column":2}},"104":{"start":{"line":228,"column":4},"end":{"line":228,"column":59}},"105":{"start":{"line":231,"column":0},"end":{"line":233,"column":2}},"106":{"start":{"line":232,"column":4},"end":{"line":232,"column":59}},"107":{"start":{"line":253,"column":0},"end":{"line":265,"column":1}},"108":{"start":{"line":255,"column":4},"end":{"line":255,"column":45}},"109":{"start":{"line":257,"column":4},"end":{"line":257,"column":54}},"110":{"start":{"line":258,"column":4},"end":{"line":263,"column":5}},"111":{"start":{"line":259,"column":8},"end":{"line":259,"column":92}},"112":{"start":{"line":260,"column":8},"end":{"line":260,"column":99}},"113":{"start":{"line":261,"column":8},"end":{"line":261,"column":74}},"114":{"start":{"line":262,"column":8},"end":{"line":262,"column":83}},"115":{"start":{"line":264,"column":4},"end":{"line":264,"column":24}},"116":{"start":{"line":268,"column":0},"end":{"line":303,"column":2}}},"branchMap":{"1":{"line":29,"type":"if","locations":[{"start":{"line":29,"column":4},"end":{"line":29,"column":4}},{"start":{"line":29,"column":4},"end":{"line":29,"column":4}}]},"2":{"line":29,"type":"binary-expr","locations":[{"start":{"line":29,"column":7},"end":{"line":29,"column":19}},{"start":{"line":29,"column":23},"end":{"line":29,"column":40}}]},"3":{"line":30,"type":"cond-expr","locations":[{"start":{"line":30,"column":35},"end":{"line":30,"column":46}},{"start":{"line":30,"column":49},"end":{"line":30,"column":55}}]},"4":{"line":35,"type":"if","locations":[{"start":{"line":35,"column":8},"end":{"line":35,"column":8}},{"start":{"line":35,"column":8},"end":{"line":35,"column":8}}]},"5":{"line":35,"type":"binary-expr","locations":[{"start":{"line":35,"column":11},"end":{"line":35,"column":33}},{"start":{"line":35,"column":38},"end":{"line":35,"column":53}},{"start":{"line":35,"column":57},"end":{"line":35,"column":74}}]},"6":{"line":36,"type":"cond-expr","locations":[{"start":{"line":36,"column":67},"end":{"line":36,"column":101}},{"start":{"line":36,"column":104},"end":{"line":36,"column":112}}]},"7":{"line":36,"type":"binary-expr","locations":[{"start":{"line":36,"column":24},"end":{"line":36,"column":39}},{"start":{"line":36,"column":43},"end":{"line":36,"column":63}}]},"8":{"line":48,"type":"cond-expr","locations":[{"start":{"line":48,"column":68},"end":{"line":48,"column":72}},{"start":{"line":48,"column":75},"end":{"line":48,"column":77}}]},"9":{"line":48,"type":"binary-expr","locations":[{"start":{"line":48,"column":14},"end":{"line":48,"column":38}},{"start":{"line":48,"column":42},"end":{"line":48,"column":64}}]},"10":{"line":76,"type":"binary-expr","locations":[{"start":{"line":76,"column":11},"end":{"line":76,"column":30}},{"start":{"line":76,"column":35},"end":{"line":76,"column":70}},{"start":{"line":76,"column":74},"end":{"line":76,"column":92}}]},"11":{"line":80,"type":"binary-expr","locations":[{"start":{"line":80,"column":11},"end":{"line":80,"column":30}},{"start":{"line":80,"column":34},"end":{"line":80,"column":52}}]},"12":{"line":83,"type":"binary-expr","locations":[{"start":{"line":83,"column":11},"end":{"line":83,"column":32}},{"start":{"line":83,"column":36},"end":{"line":83,"column":56}}]},"13":{"line":86,"type":"binary-expr","locations":[{"start":{"line":86,"column":11},"end":{"line":86,"column":30}},{"start":{"line":86,"column":34},"end":{"line":86,"column":54}}]},"14":{"line":89,"type":"binary-expr","locations":[{"start":{"line":89,"column":11},"end":{"line":89,"column":36}},{"start":{"line":89,"column":40},"end":{"line":89,"column":66}}]},"15":{"line":92,"type":"binary-expr","locations":[{"start":{"line":92,"column":11},"end":{"line":92,"column":34}},{"start":{"line":92,"column":38},"end":{"line":92,"column":62}}]},"16":{"line":95,"type":"binary-expr","locations":[{"start":{"line":95,"column":11},"end":{"line":95,"column":35}},{"start":{"line":95,"column":39},"end":{"line":95,"column":64}}]},"17":{"line":108,"type":"binary-expr","locations":[{"start":{"line":108,"column":12},"end":{"line":108,"column":35}},{"start":{"line":108,"column":39},"end":{"line":108,"column":60}},{"start":{"line":108,"column":65},"end":{"line":108,"column":76}}]},"18":{"line":111,"type":"binary-expr","locations":[{"start":{"line":111,"column":11},"end":{"line":111,"column":36}},{"start":{"line":111,"column":40},"end":{"line":111,"column":63}}]},"19":{"line":120,"type":"binary-expr","locations":[{"start":{"line":120,"column":12},"end":{"line":120,"column":24}},{"start":{"line":120,"column":28},"end":{"line":120,"column":45}}]},"20":{"line":125,"type":"binary-expr","locations":[{"start":{"line":125,"column":11},"end":{"line":125,"column":23}},{"start":{"line":125,"column":27},"end":{"line":125,"column":40}},{"start":{"line":125,"column":44},"end":{"line":125,"column":66}}]},"21":{"line":128,"type":"binary-expr","locations":[{"start":{"line":128,"column":11},"end":{"line":128,"column":34}},{"start":{"line":128,"column":38},"end":{"line":128,"column":59}}]},"22":{"line":131,"type":"binary-expr","locations":[{"start":{"line":131,"column":11},"end":{"line":131,"column":24}},{"start":{"line":131,"column":28},"end":{"line":131,"column":44}}]},"23":{"line":134,"type":"cond-expr","locations":[{"start":{"line":134,"column":30},"end":{"line":134,"column":34}},{"start":{"line":134,"column":37},"end":{"line":134,"column":43}}]},"24":{"line":135,"type":"if","locations":[{"start":{"line":135,"column":4},"end":{"line":135,"column":4}},{"start":{"line":135,"column":4},"end":{"line":135,"column":4}}]},"25":{"line":135,"type":"binary-expr","locations":[{"start":{"line":135,"column":7},"end":{"line":135,"column":11}},{"start":{"line":135,"column":15},"end":{"line":135,"column":26}}]},"26":{"line":138,"type":"binary-expr","locations":[{"start":{"line":138,"column":11},"end":{"line":138,"column":34}},{"start":{"line":138,"column":38},"end":{"line":138,"column":59}}]},"27":{"line":144,"type":"binary-expr","locations":[{"start":{"line":144,"column":11},"end":{"line":144,"column":22}},{"start":{"line":144,"column":26},"end":{"line":144,"column":39}}]},"28":{"line":148,"type":"binary-expr","locations":[{"start":{"line":148,"column":11},"end":{"line":148,"column":25}},{"start":{"line":148,"column":29},"end":{"line":148,"column":45}}]},"29":{"line":152,"type":"if","locations":[{"start":{"line":152,"column":4},"end":{"line":152,"column":4}},{"start":{"line":152,"column":4},"end":{"line":152,"column":4}}]},"30":{"line":154,"type":"if","locations":[{"start":{"line":154,"column":10},"end":{"line":154,"column":10}},{"start":{"line":154,"column":10},"end":{"line":154,"column":10}}]},"31":{"line":154,"type":"binary-expr","locations":[{"start":{"line":154,"column":13},"end":{"line":154,"column":26}},{"start":{"line":154,"column":30},"end":{"line":154,"column":45}}]},"32":{"line":156,"type":"if","locations":[{"start":{"line":156,"column":12},"end":{"line":156,"column":12}},{"start":{"line":156,"column":12},"end":{"line":156,"column":12}}]},"33":{"line":165,"type":"binary-expr","locations":[{"start":{"line":165,"column":5},"end":{"line":165,"column":12}},{"start":{"line":165,"column":17},"end":{"line":165,"column":29}}]},"34":{"line":166,"type":"binary-expr","locations":[{"start":{"line":166,"column":12},"end":{"line":166,"column":30}},{"start":{"line":167,"column":9},"end":{"line":167,"column":23}},{"start":{"line":167,"column":28},"end":{"line":169,"column":10}},{"start":{"line":170,"column":9},"end":{"line":170,"column":31}},{"start":{"line":170,"column":35},"end":{"line":175,"column":10}}]},"35":{"line":172,"type":"binary-expr","locations":[{"start":{"line":172,"column":22},"end":{"line":172,"column":40}},{"start":{"line":172,"column":44},"end":{"line":172,"column":70}},{"start":{"line":173,"column":23},"end":{"line":173,"column":36}},{"start":{"line":173,"column":40},"end":{"line":173,"column":53}},{"start":{"line":174,"column":23},"end":{"line":174,"column":48}}]},"36":{"line":183,"type":"if","locations":[{"start":{"line":183,"column":4},"end":{"line":183,"column":4}},{"start":{"line":183,"column":4},"end":{"line":183,"column":4}}]},"37":{"line":183,"type":"binary-expr","locations":[{"start":{"line":183,"column":7},"end":{"line":183,"column":21}},{"start":{"line":183,"column":25},"end":{"line":183,"column":38}}]},"38":{"line":186,"type":"binary-expr","locations":[{"start":{"line":186,"column":15},"end":{"line":186,"column":23}},{"start":{"line":186,"column":27},"end":{"line":186,"column":32}}]},"39":{"line":188,"type":"if","locations":[{"start":{"line":188,"column":8},"end":{"line":188,"column":8}},{"start":{"line":188,"column":8},"end":{"line":188,"column":8}}]},"40":{"line":189,"type":"if","locations":[{"start":{"line":189,"column":12},"end":{"line":189,"column":12}},{"start":{"line":189,"column":12},"end":{"line":189,"column":12}}]},"41":{"line":209,"type":"if","locations":[{"start":{"line":209,"column":4},"end":{"line":209,"column":4}},{"start":{"line":209,"column":4},"end":{"line":209,"column":4}}]},"42":{"line":211,"type":"if","locations":[{"start":{"line":211,"column":10},"end":{"line":211,"column":10}},{"start":{"line":211,"column":10},"end":{"line":211,"column":10}}]},"43":{"line":212,"type":"binary-expr","locations":[{"start":{"line":212,"column":15},"end":{"line":212,"column":48}},{"start":{"line":213,"column":16},"end":{"line":213,"column":72}}]},"44":{"line":220,"type":"binary-expr","locations":[{"start":{"line":220,"column":11},"end":{"line":220,"column":22}},{"start":{"line":220,"column":26},"end":{"line":220,"column":39}},{"start":{"line":220,"column":44},"end":{"line":220,"column":57}}]},"45":{"line":224,"type":"binary-expr","locations":[{"start":{"line":224,"column":11},"end":{"line":224,"column":22}},{"start":{"line":224,"column":26},"end":{"line":224,"column":39}},{"start":{"line":224,"column":44},"end":{"line":224,"column":57}}]},"46":{"line":228,"type":"binary-expr","locations":[{"start":{"line":228,"column":11},"end":{"line":228,"column":22}},{"start":{"line":228,"column":26},"end":{"line":228,"column":39}},{"start":{"line":228,"column":44},"end":{"line":228,"column":57}}]},"47":{"line":232,"type":"binary-expr","locations":[{"start":{"line":232,"column":11},"end":{"line":232,"column":22}},{"start":{"line":232,"column":26},"end":{"line":232,"column":39}},{"start":{"line":232,"column":44},"end":{"line":232,"column":57}}]},"48":{"line":258,"type":"if","locations":[{"start":{"line":258,"column":4},"end":{"line":258,"column":4}},{"start":{"line":258,"column":4},"end":{"line":258,"column":4}}]},"49":{"line":258,"type":"binary-expr","locations":[{"start":{"line":258,"column":8},"end":{"line":258,"column":21}},{"start":{"line":258,"column":25},"end":{"line":258,"column":42}},{"start":{"line":258,"column":46},"end":{"line":258,"column":58}}]},"50":{"line":259,"type":"binary-expr","locations":[{"start":{"line":259,"column":33},"end":{"line":259,"column":50}},{"start":{"line":259,"column":54},"end":{"line":259,"column":90}}]},"51":{"line":260,"type":"binary-expr","locations":[{"start":{"line":260,"column":35},"end":{"line":260,"column":52}},{"start":{"line":260,"column":56},"end":{"line":260,"column":97}}]},"52":{"line":261,"type":"binary-expr","locations":[{"start":{"line":261,"column":24},"end":{"line":261,"column":45}},{"start":{"line":261,"column":49},"end":{"line":261,"column":72}}]},"53":{"line":262,"type":"binary-expr","locations":[{"start":{"line":262,"column":23},"end":{"line":262,"column":35}},{"start":{"line":262,"column":39},"end":{"line":262,"column":82}}]}}},"/Users/hzwangfei3/Documents/gitrepos/froguard/github/json-toy/lib/json-travel.js":{"path":"/Users/hzwangfei3/Documents/gitrepos/froguard/github/json-toy/lib/json-travel.js","s":{"1":1,"2":1,"3":23,"4":2,"5":21,"6":21,"7":21,"8":21,"9":21,"10":21,"11":1,"12":1719,"13":1719,"14":93,"15":93,"16":0,"17":0,"18":93,"19":93,"20":1719,"21":1719,"22":1719,"23":1828,"24":1828,"25":1828,"26":1828,"27":1828,"28":1828,"29":1828,"30":1828,"31":202,"32":202,"33":14,"34":14,"35":188,"36":188,"37":1828,"38":1827,"39":1827,"40":1698,"41":21,"42":21,"43":1,"44":1,"45":1,"46":0,"47":20,"48":1},"b":{"1":[2,21],"2":[17,4],"3":[21,7],"4":[14,7],"5":[1719,0],"6":[93,1626],"7":[0,93],"8":[202,1626],"9":[14,188],"10":[1828,1698],"11":[1827,151],"12":[1698,129]},"f":{"1":23,"2":1719,"3":1828},"fnMap":{"1":{"name":"travelJson","line":10,"loc":{"start":{"line":10,"column":0},"end":{"line":10,"column":47}}},"2":{"name":"travel","line":21,"loc":{"start":{"line":21,"column":4},"end":{"line":21,"column":44}}},"3":{"name":"(anonymous_3)","line":37,"loc":{"start":{"line":37,"column":25},"end":{"line":37,"column":39}}}},"statementMap":{"1":{"start":{"line":1,"column":0},"end":{"line":1,"column":93}},"2":{"start":{"line":10,"column":0},"end":{"line":82,"column":1}},"3":{"start":{"line":11,"column":4},"end":{"line":11,"column":96}},"4":{"start":{"line":11,"column":25},"end":{"line":11,"column":94}},"5":{"start":{"line":13,"column":4},"end":{"line":13,"column":56}},"6":{"start":{"line":14,"column":4},"end":{"line":14,"column":23}},"7":{"start":{"line":15,"column":4},"end":{"line":15,"column":22}},"8":{"start":{"line":17,"column":4},"end":{"line":17,"column":21}},"9":{"start":{"line":18,"column":4},"end":{"line":18,"column":32}},"10":{"start":{"line":19,"column":4},"end":{"line":19,"column":65}},"11":{"start":{"line":21,"column":4},"end":{"line":69,"column":5}},"12":{"start":{"line":22,"column":8},"end":{"line":68,"column":9}},"13":{"start":{"line":24,"column":12},"end":{"line":33,"column":13}},"14":{"start":{"line":25,"column":16},"end":{"line":25,"column":54}},"15":{"start":{"line":26,"column":16},"end":{"line":32,"column":17}},"16":{"start":{"line":27,"column":20},"end":{"line":27,"column":51}},"17":{"start":{"line":28,"column":20},"end":{"line":28,"column":50}},"18":{"start":{"line":30,"column":20},"end":{"line":30,"column":40}},"19":{"start":{"line":31,"column":20},"end":{"line":31,"column":46}},"20":{"start":{"line":35,"column":12},"end":{"line":35,"column":40}},"21":{"start":{"line":36,"column":12},"end":{"line":36,"column":46}},"22":{"start":{"line":37,"column":12},"end":{"line":67,"column":15}},"23":{"start":{"line":38,"column":16},"end":{"line":38,"column":43}},"24":{"start":{"line":39,"column":16},"end":{"line":39,"column":50}},"25":{"start":{"line":41,"column":16},"end":{"line":41,"column":54}},"26":{"start":{"line":42,"column":16},"end":{"line":42,"column":44}},"27":{"start":{"line":44,"column":16},"end":{"line":44,"column":41}},"28":{"start":{"line":46,"column":16},"end":{"line":46,"column":31}},"29":{"start":{"line":47,"column":16},"end":{"line":47,"column":39}},"30":{"start":{"line":49,"column":16},"end":{"line":58,"column":17}},"31":{"start":{"line":50,"column":20},"end":{"line":50,"column":54}},"32":{"start":{"line":51,"column":20},"end":{"line":57,"column":21}},"33":{"start":{"line":52,"column":24},"end":{"line":52,"column":42}},"34":{"start":{"line":53,"column":24},"end":{"line":53,"column":62}},"35":{"start":{"line":55,"column":24},"end":{"line":55,"column":43}},"36":{"start":{"line":56,"column":24},"end":{"line":56,"column":35}},"37":{"start":{"line":60,"column":16},"end":{"line":60,"column":68}},"38":{"start":{"line":62,"column":16},"end":{"line":62,"column":126}},"39":{"start":{"line":64,"column":16},"end":{"line":66,"column":17}},"40":{"start":{"line":65,"column":20},"end":{"line":65,"column":53}},"41":{"start":{"line":71,"column":4},"end":{"line":80,"column":5}},"42":{"start":{"line":72,"column":8},"end":{"line":72,"column":39}},"43":{"start":{"line":74,"column":8},"end":{"line":78,"column":9}},"44":{"start":{"line":75,"column":12},"end":{"line":75,"column":33}},"45":{"start":{"line":77,"column":12},"end":{"line":77,"column":29}},"46":{"start":{"line":79,"column":8},"end":{"line":79,"column":22}},"47":{"start":{"line":81,"column":4},"end":{"line":81,"column":19}},"48":{"start":{"line":84,"column":0},"end":{"line":84,"column":28}}},"branchMap":{"1":{"line":11,"type":"if","locations":[{"start":{"line":11,"column":4},"end":{"line":11,"column":4}},{"start":{"line":11,"column":4},"end":{"line":11,"column":4}}]},"2":{"line":13,"type":"cond-expr","locations":[{"start":{"line":13,"column":40},"end":{"line":13,"column":44}},{"start":{"line":13,"column":47},"end":{"line":13,"column":55}}]},"3":{"line":19,"type":"binary-expr","locations":[{"start":{"line":19,"column":17},"end":{"line":19,"column":53}},{"start":{"line":19,"column":58},"end":{"line":19,"column":64}}]},"4":{"line":19,"type":"cond-expr","locations":[{"start":{"line":19,"column":39},"end":{"line":19,"column":48}},{"start":{"line":19,"column":51},"end":{"line":19,"column":53}}]},"5":{"line":22,"type":"if","locations":[{"start":{"line":22,"column":8},"end":{"line":22,"column":8}},{"start":{"line":22,"column":8},"end":{"line":22,"column":8}}]},"6":{"line":24,"type":"if","locations":[{"start":{"line":24,"column":12},"end":{"line":24,"column":12}},{"start":{"line":24,"column":12},"end":{"line":24,"column":12}}]},"7":{"line":26,"type":"if","locations":[{"start":{"line":26,"column":16},"end":{"line":26,"column":16}},{"start":{"line":26,"column":16},"end":{"line":26,"column":16}}]},"8":{"line":49,"type":"if","locations":[{"start":{"line":49,"column":16},"end":{"line":49,"column":16}},{"start":{"line":49,"column":16},"end":{"line":49,"column":16}}]},"9":{"line":51,"type":"if","locations":[{"start":{"line":51,"column":20},"end":{"line":51,"column":20}},{"start":{"line":51,"column":20},"end":{"line":51,"column":20}}]},"10":{"line":60,"type":"binary-expr","locations":[{"start":{"line":60,"column":34},"end":{"line":60,"column":49}},{"start":{"line":60,"column":53},"end":{"line":60,"column":67}}]},"11":{"line":62,"type":"binary-expr","locations":[{"start":{"line":62,"column":16},"end":{"line":62,"column":22}},{"start":{"line":62,"column":26},"end":{"line":62,"column":125}}]},"12":{"line":64,"type":"if","locations":[{"start":{"line":64,"column":16},"end":{"line":64,"column":16}},{"start":{"line":64,"column":16},"end":{"line":64,"column":16}}]}}},"/Users/hzwangfei3/Documents/gitrepos/froguard/github/json-toy/lib/json-check-circular.js":{"path":"/Users/hzwangfei3/Documents/gitrepos/froguard/github/json-toy/lib/json-check-circular.js","s":{"1":1,"2":1,"3":3,"4":3,"5":3,"6":28,"7":4,"8":4,"9":3,"10":1},"b":{"1":[4,24]},"f":{"1":3,"2":28},"fnMap":{"1":{"name":"checkCircular","line":7,"loc":{"start":{"line":7,"column":0},"end":{"line":7,"column":27}}},"2":{"name":"(anonymous_2)","line":10,"loc":{"start":{"line":10,"column":19},"end":{"line":10,"column":56}}}},"statementMap":{"1":{"start":{"line":1,"column":0},"end":{"line":1,"column":42}},"2":{"start":{"line":7,"column":0},"end":{"line":25,"column":1}},"3":{"start":{"line":8,"column":4},"end":{"line":8,"column":22}},"4":{"start":{"line":9,"column":4},"end":{"line":9,"column":24}},"5":{"start":{"line":10,"column":4},"end":{"line":20,"column":19}},"6":{"start":{"line":11,"column":8},"end":{"line":19,"column":9}},"7":{"start":{"line":12,"column":12},"end":{"line":12,"column":25}},"8":{"start":{"line":13,"column":12},"end":{"line":18,"column":15}},"9":{"start":{"line":21,"column":4},"end":{"line":24,"column":6}},"10":{"start":{"line":28,"column":0},"end":{"line":28,"column":31}}},"branchMap":{"1":{"line":11,"type":"if","locations":[{"start":{"line":11,"column":8},"end":{"line":11,"column":8}},{"start":{"line":11,"column":8},"end":{"line":11,"column":8}}]}}},"/Users/hzwangfei3/Documents/gitrepos/froguard/github/json-toy/lib/json-treeify.js":{"path":"/Users/hzwangfei3/Documents/gitrepos/froguard/github/json-toy/lib/json-treeify.js","s":{"1":1,"2":1,"3":1,"4":1,"5":137,"6":137,"7":5,"8":5,"9":1,"10":1,"11":1,"12":1,"13":1,"14":2186,"15":1,"16":1,"17":1,"18":15,"19":15,"20":1,"21":131,"22":131,"23":963,"24":963,"25":36,"26":927,"27":65,"28":65,"29":131,"30":1,"31":11,"32":11,"33":11,"34":275,"35":275,"36":1259,"37":1259,"38":131,"39":131,"40":66,"41":66,"42":552,"43":552,"44":543,"45":11,"46":11,"47":11,"48":1,"49":22,"50":22,"51":22,"52":22,"53":22,"54":24,"55":22,"56":1,"57":21,"58":21,"59":21,"60":20,"61":20,"62":20,"63":1,"64":21,"65":21,"66":21,"67":21,"68":21,"69":1,"70":21,"71":21,"72":5,"73":16,"74":2,"75":14,"76":3,"77":11,"78":11,"79":11,"80":11,"81":11,"82":11,"83":12,"84":11,"85":120,"86":120,"87":120,"88":76,"89":52,"90":15,"91":15,"92":37,"93":1,"94":36,"95":1,"96":35,"97":3,"98":32,"99":52,"100":24,"101":44,"102":120,"103":120,"104":336,"105":120,"106":120,"107":120,"108":120,"109":132,"110":637,"111":637,"112":11,"113":11,"114":275,"115":1},"b":{"1":[1,136],"2":[5,0],"3":[2186,2047],"4":[15,15],"5":[6,9],"6":[15,6],"7":[36,927],"8":[65,862],"9":[131,1128],"10":[66,65],"11":[552,0],"12":[543,9],"13":[552,549],"14":[22,2],"15":[20,2],"16":[21,1],"17":[21,21],"18":[3,18],"19":[20,1],"20":[13,7],"21":[1,19],"22":[2,17],"23":[15,6],"24":[1,14],"25":[1,20],"26":[1,19],"27":[18,3],"28":[5,16],"29":[2,14],"30":[3,11],"31":[2,1],"32":[76,44],"33":[52,24],"34":[15,37],"35":[1,36],"36":[1,35],"37":[3,32],"38":[120,216],"39":[637,132],"40":[553,84],"41":[637,132],"42":[132,421],"43":[1,10]},"f":{"1":137,"2":5,"3":1,"4":2186,"5":15,"6":131,"7":11,"8":22,"9":21,"10":21,"11":120,"12":637},"fnMap":{"1":{"name":"escapeString","line":18,"loc":{"start":{"line":18,"column":0},"end":{"line":18,"column":30}}},"2":{"name":"(anonymous_2)","line":24,"loc":{"start":{"line":24,"column":68},"end":{"line":24,"column":81}}},"3":{"name":"_isStartWith","line":50,"loc":{"start":{"line":50,"column":0},"end":{"line":50,"column":28}}},"4":{"name":"(anonymous_4)","line":53,"loc":{"start":{"line":53,"column":11},"end":{"line":53,"column":24}}},"5":{"name":"replaceTreeLinkChar","line":60,"loc":{"start":{"line":60,"column":0},"end":{"line":60,"column":33}}},"6":{"name":"checkNextSibling","line":65,"loc":{"start":{"line":65,"column":0},"end":{"line":65,"column":34}}},"7":{"name":"fixArr","line":89,"loc":{"start":{"line":89,"column":0},"end":{"line":89,"column":20}}},"8":{"name":"repeatChar","line":128,"loc":{"start":{"line":128,"column":0},"end":{"line":128,"column":27}}},"9":{"name":"formatOption","line":137,"loc":{"start":{"line":137,"column":0},"end":{"line":137,"column":35}}},"10":{"name":"treeify","line":172,"loc":{"start":{"line":172,"column":0},"end":{"line":172,"column":30}}},"11":{"name":"(anonymous_11)","line":203,"loc":{"start":{"line":203,"column":20},"end":{"line":203,"column":80}}},"12":{"name":"(anonymous_12)","line":241,"loc":{"start":{"line":241,"column":33},"end":{"line":241,"column":53}}}},"statementMap":{"1":{"start":{"line":1,"column":0},"end":{"line":1,"column":103}},"2":{"start":{"line":2,"column":0},"end":{"line":2,"column":42}},"3":{"start":{"line":8,"column":0},"end":{"line":17,"column":6}},"4":{"start":{"line":18,"column":0},"end":{"line":30,"column":1}},"5":{"start":{"line":23,"column":4},"end":{"line":23,"column":28}},"6":{"start":{"line":24,"column":4},"end":{"line":29,"column":34}},"7":{"start":{"line":25,"column":8},"end":{"line":25,"column":24}},"8":{"start":{"line":26,"column":8},"end":{"line":28,"column":66}},"9":{"start":{"line":32,"column":0},"end":{"line":48,"column":2}},"10":{"start":{"line":50,"column":0},"end":{"line":56,"column":1}},"11":{"start":{"line":51,"column":4},"end":{"line":51,"column":28}},"12":{"start":{"line":52,"column":4},"end":{"line":52,"column":42}},"13":{"start":{"line":53,"column":4},"end":{"line":55,"column":6}},"14":{"start":{"line":54,"column":8},"end":{"line":54,"column":49}},"15":{"start":{"line":57,"column":0},"end":{"line":57,"column":65}},"16":{"start":{"line":59,"column":0},"end":{"line":59,"column":109}},"17":{"start":{"line":60,"column":0},"end":{"line":63,"column":1}},"18":{"start":{"line":61,"column":4},"end":{"line":61,"column":62}},"19":{"start":{"line":62,"column":4},"end":{"line":62,"column":73}},"20":{"start":{"line":65,"column":0},"end":{"line":87,"column":1}},"21":{"start":{"line":69,"column":4},"end":{"line":69,"column":33}},"22":{"start":{"line":70,"column":4},"end":{"line":81,"column":5}},"23":{"start":{"line":74,"column":8},"end":{"line":74,"column":28}},"24":{"start":{"line":75,"column":8},"end":{"line":80,"column":9}},"25":{"start":{"line":76,"column":12},"end":{"line":76,"column":18}},"26":{"start":{"line":77,"column":14},"end":{"line":80,"column":9}},"27":{"start":{"line":78,"column":12},"end":{"line":78,"column":34}},"28":{"start":{"line":79,"column":12},"end":{"line":79,"column":18}},"29":{"start":{"line":82,"column":4},"end":{"line":86,"column":6}},"30":{"start":{"line":89,"column":0},"end":{"line":126,"column":1}},"31":{"start":{"line":93,"column":4},"end":{"line":95,"column":16}},"32":{"start":{"line":96,"column":4},"end":{"line":96,"column":28}},"33":{"start":{"line":97,"column":4},"end":{"line":118,"column":5}},"34":{"start":{"line":98,"column":8},"end":{"line":98,"column":25}},"35":{"start":{"line":102,"column":8},"end":{"line":117,"column":9}},"36":{"start":{"line":103,"column":12},"end":{"line":103,"column":27}},"37":{"start":{"line":104,"column":12},"end":{"line":116,"column":13}},"38":{"start":{"line":105,"column":16},"end":{"line":105,"column":58}},"39":{"start":{"line":106,"column":16},"end":{"line":115,"column":17}},"40":{"start":{"line":107,"column":20},"end":{"line":107,"column":65}},"41":{"start":{"line":108,"column":20},"end":{"line":114,"column":21}},"42":{"start":{"line":109,"column":24},"end":{"line":113,"column":25}},"43":{"start":{"line":110,"column":28},"end":{"line":112,"column":29}},"44":{"start":{"line":111,"column":32},"end":{"line":111,"column":73}},"45":{"start":{"line":121,"column":4},"end":{"line":122,"column":73}},"46":{"start":{"line":123,"column":4},"end":{"line":123,"column":75}},"47":{"start":{"line":125,"column":4},"end":{"line":125,"column":15}},"48":{"start":{"line":128,"column":0},"end":{"line":135,"column":1}},"49":{"start":{"line":129,"column":4},"end":{"line":129,"column":17}},"50":{"start":{"line":130,"column":4},"end":{"line":130,"column":26}},"51":{"start":{"line":131,"column":4},"end":{"line":131,"column":25}},"52":{"start":{"line":132,"column":4},"end":{"line":132,"column":22}},"53":{"start":{"line":133,"column":4},"end":{"line":133,"column":27}},"54":{"start":{"line":133,"column":15},"end":{"line":133,"column":27}},"55":{"start":{"line":134,"column":4},"end":{"line":134,"column":15}},"56":{"start":{"line":137,"column":0},"end":{"line":157,"column":1}},"57":{"start":{"line":139,"column":4},"end":{"line":139,"column":75}},"58":{"start":{"line":141,"column":4},"end":{"line":141,"column":61}},"59":{"start":{"line":143,"column":4},"end":{"line":149,"column":5}},"60":{"start":{"line":144,"column":8},"end":{"line":144,"column":32}},"61":{"start":{"line":145,"column":8},"end":{"line":145,"column":41}},"62":{"start":{"line":146,"column":8},"end":{"line":146,"column":55}},"63":{"start":{"line":148,"column":8},"end":{"line":148,"column":18}},"64":{"start":{"line":151,"column":4},"end":{"line":151,"column":30}},"65":{"start":{"line":152,"column":4},"end":{"line":152,"column":58}},"66":{"start":{"line":153,"column":4},"end":{"line":153,"column":53}},"67":{"start":{"line":155,"column":4},"end":{"line":155,"column":64}},"68":{"start":{"line":156,"column":4},"end":{"line":156,"column":65}},"69":{"start":{"line":172,"column":0},"end":{"line":264,"column":1}},"70":{"start":{"line":174,"column":4},"end":{"line":174,"column":86}},"71":{"start":{"line":177,"column":4},"end":{"line":183,"column":5}},"72":{"start":{"line":178,"column":8},"end":{"line":178,"column":58}},"73":{"start":{"line":179,"column":10},"end":{"line":183,"column":5}},"74":{"start":{"line":180,"column":8},"end":{"line":180,"column":49}},"75":{"start":{"line":181,"column":10},"end":{"line":183,"column":5}},"76":{"start":{"line":182,"column":8},"end":{"line":182,"column":98}},"77":{"start":{"line":186,"column":4},"end":{"line":189,"column":39}},"78":{"start":{"line":190,"column":4},"end":{"line":190,"column":53}},"79":{"start":{"line":191,"column":4},"end":{"line":191,"column":34}},"80":{"start":{"line":192,"column":4},"end":{"line":192,"column":52}},"81":{"start":{"line":195,"column":4},"end":{"line":197,"column":6}},"82":{"start":{"line":198,"column":4},"end":{"line":200,"column":5}},"83":{"start":{"line":199,"column":8},"end":{"line":199,"column":30}},"84":{"start":{"line":203,"column":4},"end":{"line":248,"column":13}},"85":{"start":{"line":204,"column":8},"end":{"line":204,"column":29}},"86":{"start":{"line":205,"column":8},"end":{"line":205,"column":14}},"87":{"start":{"line":206,"column":8},"end":{"line":228,"column":9}},"88":{"start":{"line":207,"column":12},"end":{"line":225,"column":13}},"89":{"start":{"line":208,"column":16},"end":{"line":220,"column":17}},"90":{"start":{"line":210,"column":20},"end":{"line":210,"column":51}},"91":{"start":{"line":211,"column":20},"end":{"line":211,"column":40}},"92":{"start":{"line":212,"column":22},"end":{"line":220,"column":17}},"93":{"start":{"line":213,"column":20},"end":{"line":213,"column":29}},"94":{"start":{"line":214,"column":22},"end":{"line":220,"column":17}},"95":{"start":{"line":215,"column":20},"end":{"line":215,"column":29}},"96":{"start":{"line":216,"column":22},"end":{"line":220,"column":17}},"97":{"start":{"line":217,"column":20},"end":{"line":217,"column":42}},"98":{"start":{"line":219,"column":20},"end":{"line":219,"column":38}},"99":{"start":{"line":222,"column":16},"end":{"line":222,"column":30}},"100":{"start":{"line":224,"column":16},"end":{"line":224,"column":23}},"101":{"start":{"line":227,"column":12},"end":{"line":227,"column":26}},"102":{"start":{"line":230,"column":8},"end":{"line":230,"column":27}},"103":{"start":{"line":231,"column":8},"end":{"line":233,"column":9}},"104":{"start":{"line":232,"column":12},"end":{"line":232,"column":41}},"105":{"start":{"line":234,"column":8},"end":{"line":234,"column":58}},"106":{"start":{"line":235,"column":8},"end":{"line":235,"column":24}},"107":{"start":{"line":237,"column":8},"end":{"line":237,"column":26}},"108":{"start":{"line":240,"column":8},"end":{"line":247,"column":9}},"109":{"start":{"line":241,"column":12},"end":{"line":246,"column":16}},"110":{"start":{"line":242,"column":16},"end":{"line":244,"column":73}},"111":{"start":{"line":245,"column":16},"end":{"line":245,"column":108}},"112":{"start":{"line":250,"column":4},"end":{"line":250,"column":16}},"113":{"start":{"line":263,"column":4},"end":{"line":263,"column":105}},"114":{"start":{"line":263,"column":27},"end":{"line":263,"column":68}},"115":{"start":{"line":266,"column":0},"end":{"line":266,"column":25}}},"branchMap":{"1":{"line":24,"type":"cond-expr","locations":[{"start":{"line":24,"column":36},"end":{"line":29,"column":12}},{"start":{"line":29,"column":15},"end":{"line":29,"column":33}}]},"2":{"line":26,"type":"cond-expr","locations":[{"start":{"line":27,"column":12},"end":{"line":27,"column":13}},{"start":{"line":28,"column":8},"end":{"line":28,"column":65}}]},"3":{"line":54,"type":"binary-expr","locations":[{"start":{"line":54,"column":15},"end":{"line":54,"column":28}},{"start":{"line":54,"column":32},"end":{"line":54,"column":48}}]},"4":{"line":61,"type":"binary-expr","locations":[{"start":{"line":61,"column":16},"end":{"line":61,"column":29}},{"start":{"line":61,"column":33},"end":{"line":61,"column":61}}]},"5":{"line":62,"type":"cond-expr","locations":[{"start":{"line":62,"column":35},"end":{"line":62,"column":66}},{"start":{"line":62,"column":69},"end":{"line":62,"column":72}}]},"6":{"line":62,"type":"binary-expr","locations":[{"start":{"line":62,"column":11},"end":{"line":62,"column":16}},{"start":{"line":62,"column":20},"end":{"line":62,"column":32}}]},"7":{"line":75,"type":"if","locations":[{"start":{"line":75,"column":8},"end":{"line":75,"column":8}},{"start":{"line":75,"column":8},"end":{"line":75,"column":8}}]},"8":{"line":77,"type":"if","locations":[{"start":{"line":77,"column":14},"end":{"line":77,"column":14}},{"start":{"line":77,"column":14},"end":{"line":77,"column":14}}]},"9":{"line":104,"type":"if","locations":[{"start":{"line":104,"column":12},"end":{"line":104,"column":12}},{"start":{"line":104,"column":12},"end":{"line":104,"column":12}}]},"10":{"line":106,"type":"if","locations":[{"start":{"line":106,"column":16},"end":{"line":106,"column":16}},{"start":{"line":106,"column":16},"end":{"line":106,"column":16}}]},"11":{"line":109,"type":"if","locations":[{"start":{"line":109,"column":24},"end":{"line":109,"column":24}},{"start":{"line":109,"column":24},"end":{"line":109,"column":24}}]},"12":{"line":110,"type":"if","locations":[{"start":{"line":110,"column":28},"end":{"line":110,"column":28}},{"start":{"line":110,"column":28},"end":{"line":110,"column":28}}]},"13":{"line":110,"type":"binary-expr","locations":[{"start":{"line":110,"column":31},"end":{"line":110,"column":42}},{"start":{"line":110,"column":46},"end":{"line":110,"column":72}}]},"14":{"line":131,"type":"binary-expr","locations":[{"start":{"line":131,"column":8},"end":{"line":131,"column":19}},{"start":{"line":131,"column":23},"end":{"line":131,"column":24}}]},"15":{"line":132,"type":"cond-expr","locations":[{"start":{"line":132,"column":16},"end":{"line":132,"column":17}},{"start":{"line":132,"column":20},"end":{"line":132,"column":21}}]},"16":{"line":139,"type":"binary-expr","locations":[{"start":{"line":139,"column":61},"end":{"line":139,"column":68}},{"start":{"line":139,"column":72},"end":{"line":139,"column":74}}]},"17":{"line":141,"type":"binary-expr","locations":[{"start":{"line":141,"column":16},"end":{"line":141,"column":49}},{"start":{"line":141,"column":54},"end":{"line":141,"column":60}}]},"18":{"line":141,"type":"cond-expr","locations":[{"start":{"line":141,"column":37},"end":{"line":141,"column":45}},{"start":{"line":141,"column":48},"end":{"line":141,"column":49}}]},"19":{"line":143,"type":"if","locations":[{"start":{"line":143,"column":4},"end":{"line":143,"column":4}},{"start":{"line":143,"column":4},"end":{"line":143,"column":4}}]},"20":{"line":145,"type":"cond-expr","locations":[{"start":{"line":145,"column":31},"end":{"line":145,"column":32}},{"start":{"line":145,"column":35},"end":{"line":145,"column":40}}]},"21":{"line":146,"type":"cond-expr","locations":[{"start":{"line":146,"column":29},"end":{"line":146,"column":30}},{"start":{"line":146,"column":33},"end":{"line":146,"column":54}}]},"22":{"line":146,"type":"cond-expr","locations":[{"start":{"line":146,"column":45},"end":{"line":146,"column":46}},{"start":{"line":146,"column":49},"end":{"line":146,"column":54}}]},"23":{"line":152,"type":"cond-expr","locations":[{"start":{"line":152,"column":30},"end":{"line":152,"column":47}},{"start":{"line":152,"column":51},"end":{"line":152,"column":57}}]},"24":{"line":152,"type":"cond-expr","locations":[{"start":{"line":152,"column":42},"end":{"line":152,"column":43}},{"start":{"line":152,"column":46},"end":{"line":152,"column":47}}]},"25":{"line":153,"type":"cond-expr","locations":[{"start":{"line":153,"column":25},"end":{"line":153,"column":26}},{"start":{"line":153,"column":29},"end":{"line":153,"column":52}}]},"26":{"line":153,"type":"cond-expr","locations":[{"start":{"line":153,"column":42},"end":{"line":153,"column":43}},{"start":{"line":153,"column":46},"end":{"line":153,"column":52}}]},"27":{"line":155,"type":"cond-expr","locations":[{"start":{"line":155,"column":42},"end":{"line":155,"column":46}},{"start":{"line":155,"column":49},"end":{"line":155,"column":63}}]},"28":{"line":177,"type":"if","locations":[{"start":{"line":177,"column":4},"end":{"line":177,"column":4}},{"start":{"line":177,"column":4},"end":{"line":177,"column":4}}]},"29":{"line":179,"type":"if","locations":[{"start":{"line":179,"column":10},"end":{"line":179,"column":10}},{"start":{"line":179,"column":10},"end":{"line":179,"column":10}}]},"30":{"line":181,"type":"if","locations":[{"start":{"line":181,"column":10},"end":{"line":181,"column":10}},{"start":{"line":181,"column":10},"end":{"line":181,"column":10}}]},"31":{"line":182,"type":"cond-expr","locations":[{"start":{"line":182,"column":63},"end":{"line":182,"column":81}},{"start":{"line":182,"column":84},"end":{"line":182,"column":96}}]},"32":{"line":206,"type":"if","locations":[{"start":{"line":206,"column":8},"end":{"line":206,"column":8}},{"start":{"line":206,"column":8},"end":{"line":206,"column":8}}]},"33":{"line":207,"type":"if","locations":[{"start":{"line":207,"column":12},"end":{"line":207,"column":12}},{"start":{"line":207,"column":12},"end":{"line":207,"column":12}}]},"34":{"line":208,"type":"if","locations":[{"start":{"line":208,"column":16},"end":{"line":208,"column":16}},{"start":{"line":208,"column":16},"end":{"line":208,"column":16}}]},"35":{"line":212,"type":"if","locations":[{"start":{"line":212,"column":22},"end":{"line":212,"column":22}},{"start":{"line":212,"column":22},"end":{"line":212,"column":22}}]},"36":{"line":214,"type":"if","locations":[{"start":{"line":214,"column":22},"end":{"line":214,"column":22}},{"start":{"line":214,"column":22},"end":{"line":214,"column":22}}]},"37":{"line":216,"type":"if","locations":[{"start":{"line":216,"column":22},"end":{"line":216,"column":22}},{"start":{"line":216,"column":22},"end":{"line":216,"column":22}}]},"38":{"line":232,"type":"cond-expr","locations":[{"start":{"line":232,"column":31},"end":{"line":232,"column":35}},{"start":{"line":232,"column":36},"end":{"line":232,"column":39}}]},"39":{"line":244,"type":"binary-expr","locations":[{"start":{"line":244,"column":46},"end":{"line":244,"column":52}},{"start":{"line":244,"column":56},"end":{"line":244,"column":72}}]},"40":{"line":245,"type":"cond-expr","locations":[{"start":{"line":245,"column":78},"end":{"line":245,"column":94}},{"start":{"line":245,"column":98},"end":{"line":245,"column":107}}]},"41":{"line":245,"type":"binary-expr","locations":[{"start":{"line":245,"column":23},"end":{"line":245,"column":47}},{"start":{"line":245,"column":51},"end":{"line":245,"column":74}}]},"42":{"line":245,"type":"cond-expr","locations":[{"start":{"line":245,"column":86},"end":{"line":245,"column":90}},{"start":{"line":245,"column":91},"end":{"line":245,"column":94}}]},"43":{"line":263,"type":"cond-expr","locations":[{"start":{"line":263,"column":90},"end":{"line":263,"column":96}},{"start":{"line":263,"column":99},"end":{"line":263,"column":103}}]}}},"/Users/hzwangfei3/Documents/gitrepos/froguard/github/json-toy/lib/json-get-val-by-keypath.js":{"path":"/Users/hzwangfei3/Documents/gitrepos/froguard/github/json-toy/lib/json-get-val-by-keypath.js","s":{"1":1,"2":1,"3":15,"4":1,"5":14,"6":14,"7":14,"8":14,"9":39,"10":36,"11":36,"12":36,"13":3,"14":14,"15":1},"b":{"1":[1,14],"2":[15,14],"3":[12,2],"4":[36,3],"5":[3,33],"6":[30,3]},"f":{"1":15,"2":39},"fnMap":{"1":{"name":"getValByKey","line":19,"loc":{"start":{"line":19,"column":0},"end":{"line":19,"column":47}}},"2":{"name":"(anonymous_2)","line":30,"loc":{"start":{"line":30,"column":21},"end":{"line":30,"column":32}}}},"statementMap":{"1":{"start":{"line":1,"column":0},"end":{"line":1,"column":56}},"2":{"start":{"line":19,"column":0},"end":{"line":43,"column":1}},"3":{"start":{"line":21,"column":4},"end":{"line":23,"column":5}},"4":{"start":{"line":22,"column":8},"end":{"line":22,"column":80}},"5":{"start":{"line":24,"column":4},"end":{"line":24,"column":61}},"6":{"start":{"line":25,"column":4},"end":{"line":25,"column":17}},"7":{"start":{"line":26,"column":4},"end":{"line":26,"column":38}},"8":{"start":{"line":30,"column":4},"end":{"line":39,"column":7}},"9":{"start":{"line":32,"column":8},"end":{"line":38,"column":9}},"10":{"start":{"line":33,"column":12},"end":{"line":33,"column":41}},"11":{"start":{"line":34,"column":12},"end":{"line":34,"column":40}},"12":{"start":{"line":35,"column":12},"end":{"line":35,"column":79}},"13":{"start":{"line":37,"column":12},"end":{"line":37,"column":21}},"14":{"start":{"line":42,"column":4},"end":{"line":42,"column":13}},"15":{"start":{"line":45,"column":0},"end":{"line":45,"column":29}}},"branchMap":{"1":{"line":21,"type":"if","locations":[{"start":{"line":21,"column":4},"end":{"line":21,"column":4}},{"start":{"line":21,"column":4},"end":{"line":21,"column":4}}]},"2":{"line":21,"type":"binary-expr","locations":[{"start":{"line":21,"column":7},"end":{"line":21,"column":22}},{"start":{"line":21,"column":26},"end":{"line":21,"column":44}}]},"3":{"line":24,"type":"cond-expr","locations":[{"start":{"line":24,"column":40},"end":{"line":24,"column":44}},{"start":{"line":24,"column":47},"end":{"line":24,"column":60}}]},"4":{"line":32,"type":"if","locations":[{"start":{"line":32,"column":8},"end":{"line":32,"column":8}},{"start":{"line":32,"column":8},"end":{"line":32,"column":8}}]},"5":{"line":35,"type":"cond-expr","locations":[{"start":{"line":35,"column":31},"end":{"line":35,"column":35}},{"start":{"line":35,"column":39},"end":{"line":35,"column":77}}]},"6":{"line":35,"type":"cond-expr","locations":[{"start":{"line":35,"column":61},"end":{"line":35,"column":65}},{"start":{"line":35,"column":68},"end":{"line":35,"column":77}}]}}},"/Users/hzwangfei3/Documents/gitrepos/froguard/github/json-toy/lib/cli/colorful.js":{"path":"/Users/hzwangfei3/Documents/gitrepos/froguard/github/json-toy/lib/cli/colorful.js","s":{"1":2,"2":1,"3":1,"4":1,"5":48,"6":1,"7":48,"8":2,"9":1,"10":17,"11":0,"12":17,"13":1,"14":16,"15":16,"16":9,"17":16,"18":1,"19":1,"20":1,"21":1,"22":16,"23":16,"24":16,"25":16,"26":16,"27":16,"28":16,"29":16,"30":16,"31":16,"32":16,"33":2,"34":2,"35":2,"36":1,"37":15506,"38":15506,"39":5,"40":15506,"41":17,"42":17,"43":14,"44":14,"45":3,"46":3,"47":3,"48":12,"49":12,"50":3,"51":1,"52":5,"53":5,"54":5,"55":5,"56":5,"57":5,"58":5,"59":5,"60":90,"61":90,"62":90,"63":1440,"64":1440,"65":1440,"66":1440,"67":1440,"68":15840,"69":90,"70":90,"71":990,"72":5,"73":80,"74":80,"75":80,"76":80,"77":880,"78":5,"79":55,"80":5,"81":4,"82":1,"83":3,"84":3,"85":5,"86":2,"87":1,"88":1,"89":1,"90":5,"91":2,"92":1,"93":1,"94":1,"95":5,"96":2,"97":1,"98":1,"99":1,"100":5,"101":2,"102":2},"b":{"1":[48,48,48],"2":[0,17],"3":[17,17,0],"4":[1,16],"5":[9,7],"6":[1,15],"7":[16,1],"8":[16,15],"9":[16,12],"10":[16,4],"11":[16,12],"12":[16,4],"13":[5,15501],"14":[15506,817,49],"15":[14,3],"16":[13,1],"17":[2,12],"18":[11,1],"19":[3,9],"20":[9,3],"21":[1,4],"22":[72,18],"23":[1152,288],"24":[12672,3168],"25":[792,198],"26":[64,16],"27":[704,176],"28":[44,11],"29":[1,3],"30":[1,1],"31":[1,1],"32":[1,1]},"f":{"1":1,"2":48,"3":48,"4":17,"5":15506,"6":17,"7":5,"8":4,"9":2,"10":2,"11":2},"fnMap":{"1":{"name":"noop","line":8,"loc":{"start":{"line":8,"column":0},"end":{"line":8,"column":15}}},"2":{"name":"isNotNaN","line":13,"loc":{"start":{"line":13,"column":0},"end":{"line":13,"column":20}}},"3":{"name":"isCorrectCode","line":16,"loc":{"start":{"line":16,"column":0},"end":{"line":16,"column":25}}},"4":{"name":"colorify","line":68,"loc":{"start":{"line":68,"column":0},"end":{"line":68,"column":43}}},"5":{"name":"genFn","line":108,"loc":{"start":{"line":108,"column":0},"end":{"line":108,"column":39}}},"6":{"name":"(anonymous_6)","line":113,"loc":{"start":{"line":113,"column":11},"end":{"line":113,"column":21}}},"7":{"name":"config","line":139,"loc":{"start":{"line":139,"column":0},"end":{"line":139,"column":26}}},"8":{"name":"(anonymous_8)","line":186,"loc":{"start":{"line":186,"column":22},"end":{"line":186,"column":35}}},"9":{"name":"(anonymous_9)","line":191,"loc":{"start":{"line":191,"column":23},"end":{"line":191,"column":36}}},"10":{"name":"(anonymous_10)","line":196,"loc":{"start":{"line":196,"column":25},"end":{"line":196,"column":38}}},"11":{"name":"(anonymous_11)","line":201,"loc":{"start":{"line":201,"column":22},"end":{"line":201,"column":35}}}},"statementMap":{"1":{"start":{"line":6,"column":0},"end":{"line":6,"column":27}},"2":{"start":{"line":8,"column":0},"end":{"line":10,"column":1}},"3":{"start":{"line":9,"column":4},"end":{"line":9,"column":45}},"4":{"start":{"line":13,"column":0},"end":{"line":15,"column":1}},"5":{"start":{"line":14,"column":4},"end":{"line":14,"column":17}},"6":{"start":{"line":16,"column":0},"end":{"line":18,"column":1}},"7":{"start":{"line":17,"column":4},"end":{"line":17,"column":52}},"8":{"start":{"line":19,"column":0},"end":{"line":67,"column":2}},"9":{"start":{"line":68,"column":0},"end":{"line":97,"column":1}},"10":{"start":{"line":69,"column":4},"end":{"line":69,"column":80}},"11":{"start":{"line":69,"column":68},"end":{"line":69,"column":80}},"12":{"start":{"line":70,"column":4},"end":{"line":70,"column":26}},"13":{"start":{"line":70,"column":14},"end":{"line":70,"column":26}},"14":{"start":{"line":71,"column":4},"end":{"line":71,"column":74}},"15":{"start":{"line":72,"column":4},"end":{"line":74,"column":5}},"16":{"start":{"line":73,"column":8},"end":{"line":73,"column":25}},"17":{"start":{"line":75,"column":4},"end":{"line":80,"column":5}},"18":{"start":{"line":76,"column":8},"end":{"line":76,"column":20}},"19":{"start":{"line":77,"column":8},"end":{"line":77,"column":25}},"20":{"start":{"line":78,"column":8},"end":{"line":78,"column":25}},"21":{"start":{"line":79,"column":8},"end":{"line":79,"column":27}},"22":{"start":{"line":81,"column":4},"end":{"line":81,"column":16}},"23":{"start":{"line":82,"column":4},"end":{"line":82,"column":51}},"24":{"start":{"line":83,"column":4},"end":{"line":83,"column":53}},"25":{"start":{"line":85,"column":4},"end":{"line":85,"column":51}},"26":{"start":{"line":86,"column":4},"end":{"line":86,"column":53}},"27":{"start":{"line":88,"column":4},"end":{"line":88,"column":54}},"28":{"start":{"line":89,"column":4},"end":{"line":89,"column":53}},"29":{"start":{"line":91,"column":4},"end":{"line":91,"column":30}},"30":{"start":{"line":92,"column":4},"end":{"line":92,"column":20}},"31":{"start":{"line":93,"column":4},"end":{"line":93,"column":32}},"32":{"start":{"line":96,"column":4},"end":{"line":96,"column":59}},"33":{"start":{"line":99,"column":0},"end":{"line":101,"column":13}},"34":{"start":{"line":102,"column":0},"end":{"line":104,"column":13}},"35":{"start":{"line":105,"column":0},"end":{"line":107,"column":13}},"36":{"start":{"line":108,"column":0},"end":{"line":128,"column":1}},"37":{"start":{"line":109,"column":4},"end":{"line":109,"column":22}},"38":{"start":{"line":110,"column":4},"end":{"line":112,"column":5}},"39":{"start":{"line":111,"column":8},"end":{"line":111,"column":21}},"40":{"start":{"line":113,"column":4},"end":{"line":127,"column":6}},"41":{"start":{"line":114,"column":8},"end":{"line":114,"column":36}},"42":{"start":{"line":115,"column":8},"end":{"line":126,"column":9}},"43":{"start":{"line":116,"column":12},"end":{"line":116,"column":47}},"44":{"start":{"line":117,"column":12},"end":{"line":117,"column":71}},"45":{"start":{"line":119,"column":12},"end":{"line":119,"column":28}},"46":{"start":{"line":120,"column":12},"end":{"line":120,"column":18}},"47":{"start":{"line":121,"column":12},"end":{"line":124,"column":13}},"48":{"start":{"line":122,"column":16},"end":{"line":122,"column":107}},"49":{"start":{"line":123,"column":16},"end":{"line":123,"column":97}},"50":{"start":{"line":125,"column":12},"end":{"line":125,"column":26}},"51":{"start":{"line":139,"column":0},"end":{"line":208,"column":1}},"52":{"start":{"line":140,"column":4},"end":{"line":140,"column":24}},"53":{"start":{"line":141,"column":4},"end":{"line":141,"column":56}},"54":{"start":{"line":143,"column":4},"end":{"line":143,"column":65}},"55":{"start":{"line":145,"column":4},"end":{"line":145,"column":14}},"56":{"start":{"line":146,"column":4},"end":{"line":146,"column":27}},"57":{"start":{"line":147,"column":4},"end":{"line":147,"column":27}},"58":{"start":{"line":148,"column":4},"end":{"line":148,"column":27}},"59":{"start":{"line":150,"column":4},"end":{"line":169,"column":5}},"60":{"start":{"line":151,"column":8},"end":{"line":151,"column":74}},"61":{"start":{"line":153,"column":8},"end":{"line":153,"column":15}},"62":{"start":{"line":154,"column":8},"end":{"line":163,"column":9}},"63":{"start":{"line":155,"column":12},"end":{"line":155,"column":48}},"64":{"start":{"line":156,"column":12},"end":{"line":156,"column":73}},"65":{"start":{"line":157,"column":12},"end":{"line":157,"column":89}},"66":{"start":{"line":159,"column":12},"end":{"line":159,"column":19}},"67":{"start":{"line":160,"column":12},"end":{"line":162,"column":13}},"68":{"start":{"line":161,"column":16},"end":{"line":161,"column":107}},"69":{"start":{"line":165,"column":8},"end":{"line":165,"column":15}},"70":{"start":{"line":166,"column":8},"end":{"line":168,"column":9}},"71":{"start":{"line":167,"column":12},"end":{"line":167,"column":92}},"72":{"start":{"line":171,"column":4},"end":{"line":179,"column":5}},"73":{"start":{"line":172,"column":8},"end":{"line":172,"column":58}},"74":{"start":{"line":173,"column":8},"end":{"line":173,"column":73}},"75":{"start":{"line":175,"column":8},"end":{"line":175,"column":15}},"76":{"start":{"line":176,"column":8},"end":{"line":178,"column":9}},"77":{"start":{"line":177,"column":12},"end":{"line":177,"column":91}},"78":{"start":{"line":181,"column":4},"end":{"line":183,"column":5}},"79":{"start":{"line":182,"column":8},"end":{"line":182,"column":74}},"80":{"start":{"line":186,"column":4},"end":{"line":190,"column":6}},"81":{"start":{"line":187,"column":8},"end":{"line":187,"column":49}},"82":{"start":{"line":187,"column":36},"end":{"line":187,"column":47}},"83":{"start":{"line":188,"column":8},"end":{"line":188,"column":35}},"84":{"start":{"line":189,"column":8},"end":{"line":189,"column":116}},"85":{"start":{"line":191,"column":4},"end":{"line":195,"column":6}},"86":{"start":{"line":192,"column":8},"end":{"line":192,"column":49}},"87":{"start":{"line":192,"column":36},"end":{"line":192,"column":47}},"88":{"start":{"line":193,"column":8},"end":{"line":193,"column":35}},"89":{"start":{"line":194,"column":8},"end":{"line":194,"column":125}},"90":{"start":{"line":196,"column":4},"end":{"line":200,"column":6}},"91":{"start":{"line":197,"column":8},"end":{"line":197,"column":49}},"92":{"start":{"line":197,"column":36},"end":{"line":197,"column":47}},"93":{"start":{"line":198,"column":8},"end":{"line":198,"column":35}},"94":{"start":{"line":199,"column":8},"end":{"line":199,"column":42}},"95":{"start":{"line":201,"column":4},"end":{"line":205,"column":6}},"96":{"start":{"line":202,"column":8},"end":{"line":202,"column":49}},"97":{"start":{"line":202,"column":36},"end":{"line":202,"column":47}},"98":{"start":{"line":203,"column":8},"end":{"line":203,"column":35}},"99":{"start":{"line":204,"column":8},"end":{"line":204,"column":41}},"100":{"start":{"line":207,"column":4},"end":{"line":207,"column":22}},"101":{"start":{"line":211,"column":0},"end":{"line":211,"column":27}},"102":{"start":{"line":212,"column":0},"end":{"line":212,"column":31}}},"branchMap":{"1":{"line":17,"type":"binary-expr","locations":[{"start":{"line":17,"column":11},"end":{"line":17,"column":19}},{"start":{"line":17,"column":23},"end":{"line":17,"column":36}},{"start":{"line":17,"column":40},"end":{"line":17,"column":51}}]},"2":{"line":69,"type":"if","locations":[{"start":{"line":69,"column":4},"end":{"line":69,"column":4}},{"start":{"line":69,"column":4},"end":{"line":69,"column":4}}]},"3":{"line":69,"type":"binary-expr","locations":[{"start":{"line":69,"column":7},"end":{"line":69,"column":13}},{"start":{"line":69,"column":17},"end":{"line":69,"column":32}},{"start":{"line":69,"column":36},"end":{"line":69,"column":66}}]},"4":{"line":70,"type":"if","locations":[{"start":{"line":70,"column":4},"end":{"line":70,"column":4}},{"start":{"line":70,"column":4},"end":{"line":70,"column":4}}]},"5":{"line":72,"type":"if","locations":[{"start":{"line":72,"column":4},"end":{"line":72,"column":4}},{"start":{"line":72,"column":4},"end":{"line":72,"column":4}}]},"6":{"line":75,"type":"if","locations":[{"start":{"line":75,"column":4},"end":{"line":75,"column":4}},{"start":{"line":75,"column":4},"end":{"line":75,"column":4}}]},"7":{"line":82,"type":"binary-expr","locations":[{"start":{"line":82,"column":15},"end":{"line":82,"column":32}},{"start":{"line":82,"column":36},"end":{"line":82,"column":50}}]},"8":{"line":83,"type":"binary-expr","locations":[{"start":{"line":83,"column":4},"end":{"line":83,"column":27}},{"start":{"line":83,"column":31},"end":{"line":83,"column":52}}]},"9":{"line":85,"type":"binary-expr","locations":[{"start":{"line":85,"column":15},"end":{"line":85,"column":32}},{"start":{"line":85,"column":36},"end":{"line":85,"column":50}}]},"10":{"line":86,"type":"binary-expr","locations":[{"start":{"line":86,"column":4},"end":{"line":86,"column":27}},{"start":{"line":86,"column":31},"end":{"line":86,"column":52}}]},"11":{"line":88,"type":"binary-expr","locations":[{"start":{"line":88,"column":15},"end":{"line":88,"column":34}},{"start":{"line":88,"column":38},"end":{"line":88,"column":53}}]},"12":{"line":89,"type":"binary-expr","locations":[{"start":{"line":89,"column":4},"end":{"line":89,"column":27}},{"start":{"line":89,"column":31},"end":{"line":89,"column":52}}]},"13":{"line":110,"type":"if","locations":[{"start":{"line":110,"column":4},"end":{"line":110,"column":4}},{"start":{"line":110,"column":4},"end":{"line":110,"column":4}}]},"14":{"line":110,"type":"binary-expr","locations":[{"start":{"line":110,"column":7},"end":{"line":110,"column":16}},{"start":{"line":110,"column":20},"end":{"line":110,"column":27}},{"start":{"line":110,"column":31},"end":{"line":110,"column":39}}]},"15":{"line":115,"type":"if","locations":[{"start":{"line":115,"column":8},"end":{"line":115,"column":8}},{"start":{"line":115,"column":8},"end":{"line":115,"column":8}}]},"16":{"line":116,"type":"cond-expr","locations":[{"start":{"line":116,"column":29},"end":{"line":116,"column":41}},{"start":{"line":116,"column":44},"end":{"line":116,"column":46}}]},"17":{"line":117,"type":"cond-expr","locations":[{"start":{"line":117,"column":27},"end":{"line":117,"column":30}},{"start":{"line":117,"column":33},"end":{"line":117,"column":70}}]},"18":{"line":122,"type":"cond-expr","locations":[{"start":{"line":122,"column":62},"end":{"line":122,"column":74}},{"start":{"line":122,"column":77},"end":{"line":122,"column":105}}]},"19":{"line":123,"type":"cond-expr","locations":[{"start":{"line":123,"column":33},"end":{"line":123,"column":35}},{"start":{"line":123,"column":36},"end":{"line":123,"column":39}}]},"20":{"line":123,"type":"cond-expr","locations":[{"start":{"line":123,"column":52},"end":{"line":123,"column":55}},{"start":{"line":123,"column":58},"end":{"line":123,"column":95}}]},"21":{"line":143,"type":"cond-expr","locations":[{"start":{"line":143,"column":40},"end":{"line":143,"column":50}},{"start":{"line":143,"column":53},"end":{"line":143,"column":64}}]},"22":{"line":151,"type":"cond-expr","locations":[{"start":{"line":151,"column":42},"end":{"line":151,"column":66}},{"start":{"line":151,"column":69},"end":{"line":151,"column":73}}]},"23":{"line":157,"type":"cond-expr","locations":[{"start":{"line":157,"column":56},"end":{"line":157,"column":81}},{"start":{"line":157,"column":84},"end":{"line":157,"column":88}}]},"24":{"line":161,"type":"cond-expr","locations":[{"start":{"line":161,"column":70},"end":{"line":161,"column":99}},{"start":{"line":161,"column":102},"end":{"line":161,"column":106}}]},"25":{"line":167,"type":"cond-expr","locations":[{"start":{"line":167,"column":56},"end":{"line":167,"column":84}},{"start":{"line":167,"column":87},"end":{"line":167,"column":91}}]},"26":{"line":173,"type":"cond-expr","locations":[{"start":{"line":173,"column":42},"end":{"line":173,"column":65}},{"start":{"line":173,"column":68},"end":{"line":173,"column":72}}]},"27":{"line":177,"type":"cond-expr","locations":[{"start":{"line":177,"column":56},"end":{"line":177,"column":83}},{"start":{"line":177,"column":86},"end":{"line":177,"column":90}}]},"28":{"line":182,"type":"cond-expr","locations":[{"start":{"line":182,"column":42},"end":{"line":182,"column":66}},{"start":{"line":182,"column":69},"end":{"line":182,"column":73}}]},"29":{"line":187,"type":"if","locations":[{"start":{"line":187,"column":8},"end":{"line":187,"column":8}},{"start":{"line":187,"column":8},"end":{"line":187,"column":8}}]},"30":{"line":192,"type":"if","locations":[{"start":{"line":192,"column":8},"end":{"line":192,"column":8}},{"start":{"line":192,"column":8},"end":{"line":192,"column":8}}]},"31":{"line":197,"type":"if","locations":[{"start":{"line":197,"column":8},"end":{"line":197,"column":8}},{"start":{"line":197,"column":8},"end":{"line":197,"column":8}}]},"32":{"line":202,"type":"if","locations":[{"start":{"line":202,"column":8},"end":{"line":202,"column":8}},{"start":{"line":202,"column":8},"end":{"line":202,"column":8}}]}}},"/Users/hzwangfei3/Documents/gitrepos/froguard/github/json-toy/lib/cli/walk-dir.js":{"path":"/Users/hzwangfei3/Documents/gitrepos/froguard/github/json-toy/lib/cli/walk-dir.js","s":{"1":1,"2":1,"3":1,"4":1,"5":1,"6":1,"7":1,"8":1,"9":12,"10":11,"11":1,"12":10,"13":10,"14":1,"15":9,"16":9,"17":9,"18":9,"19":9,"20":9,"21":9,"22":2,"23":9,"24":3,"25":6,"26":6,"27":6,"28":6,"29":9,"30":9,"31":9,"32":9,"33":9,"34":9,"35":9,"36":9,"37":8,"38":1,"39":1,"40":1,"41":9,"42":8,"43":1,"44":1,"45":1,"46":9,"47":9,"48":9,"49":9,"50":9,"51":1,"52":15,"53":15,"54":15,"55":15,"56":0,"57":0,"58":15,"59":15,"60":0,"61":15,"62":43,"63":43,"64":43,"65":43,"66":0,"67":0,"68":43,"69":40,"70":0,"71":0,"72":40,"73":32,"74":30,"75":8,"76":8,"77":8,"78":6,"79":6,"80":6,"81":2,"82":1,"83":1,"84":0,"85":9,"86":9,"87":1},"b":{"1":[12,0],"2":[1,10],"3":[1,9],"4":[9,1],"5":[9,1],"6":[2,7],"7":[9,8],"8":[3,6],"9":[6,0],"10":[6,5],"11":[6,4],"12":[6,4],"13":[9,7],"14":[2,7],"15":[0,7],"16":[9,0],"17":[0,0],"18":[9,0],"19":[0,0],"20":[8,1],"21":[1,0],"22":[0,1],"23":[0,1],"24":[8,1],"25":[1,0],"26":[0,1],"27":[0,1],"28":[15,0],"29":[15,13,13],"30":[15,0],"31":[15,15],"32":[0,15],"33":[40,3],"34":[43,4,4],"35":[0,40],"36":[32,8],"37":[30,2],"38":[32,32,32],"39":[8,0],"40":[6,2],"41":[8,8,8],"42":[1,1],"43":[2,2,2],"44":[1,8]},"f":{"1":12,"2":15,"3":43},"fnMap":{"1":{"name":"dir2Json","line":20,"loc":{"start":{"line":20,"column":0},"end":{"line":20,"column":36}}},"2":{"name":"travel","line":88,"loc":{"start":{"line":88,"column":4},"end":{"line":88,"column":41}}},"3":{"name":"(anonymous_3)","line":104,"loc":{"start":{"line":104,"column":29},"end":{"line":104,"column":45}}}},"statementMap":{"1":{"start":{"line":1,"column":0},"end":{"line":1,"column":27}},"2":{"start":{"line":2,"column":0},"end":{"line":2,"column":23}},"3":{"start":{"line":3,"column":0},"end":{"line":3,"column":67}},"4":{"start":{"line":4,"column":0},"end":{"line":4,"column":34}},"5":{"start":{"line":5,"column":0},"end":{"line":5,"column":37}},"6":{"start":{"line":7,"column":0},"end":{"line":7,"column":78}},"7":{"start":{"line":8,"column":0},"end":{"line":8,"column":52}},"8":{"start":{"line":20,"column":0},"end":{"line":150,"column":1}},"9":{"start":{"line":22,"column":4},"end":{"line":22,"column":48}},"10":{"start":{"line":23,"column":4},"end":{"line":25,"column":5}},"11":{"start":{"line":24,"column":8},"end":{"line":24,"column":67}},"12":{"start":{"line":26,"column":4},"end":{"line":26,"column":45}},"13":{"start":{"line":27,"column":4},"end":{"line":29,"column":5}},"14":{"start":{"line":28,"column":8},"end":{"line":28,"column":33}},"15":{"start":{"line":32,"column":4},"end":{"line":32,"column":28}},"16":{"start":{"line":33,"column":4},"end":{"line":33,"column":34}},"17":{"start":{"line":34,"column":4},"end":{"line":34,"column":36}},"18":{"start":{"line":35,"column":4},"end":{"line":35,"column":36}},"19":{"start":{"line":36,"column":4},"end":{"line":36,"column":46}},"20":{"start":{"line":37,"column":4},"end":{"line":37,"column":29}},"21":{"start":{"line":38,"column":4},"end":{"line":41,"column":5}},"22":{"start":{"line":40,"column":8},"end":{"line":40,"column":161}},"23":{"start":{"line":43,"column":4},"end":{"line":55,"column":5}},"24":{"start":{"line":44,"column":8},"end":{"line":49,"column":9}},"25":{"start":{"line":51,"column":8},"end":{"line":51,"column":51}},"26":{"start":{"line":52,"column":8},"end":{"line":52,"column":59}},"27":{"start":{"line":53,"column":8},"end":{"line":53,"column":67}},"28":{"start":{"line":54,"column":8},"end":{"line":54,"column":63}},"29":{"start":{"line":56,"column":4},"end":{"line":56,"column":44}},"30":{"start":{"line":57,"column":4},"end":{"line":57,"column":34}},"31":{"start":{"line":58,"column":4},"end":{"line":58,"column":38}},"32":{"start":{"line":59,"column":4},"end":{"line":59,"column":46}},"33":{"start":{"line":60,"column":4},"end":{"line":60,"column":121}},"34":{"start":{"line":61,"column":4},"end":{"line":61,"column":111}},"35":{"start":{"line":62,"column":4},"end":{"line":62,"column":106}},"36":{"start":{"line":64,"column":4},"end":{"line":70,"column":5}},"37":{"start":{"line":65,"column":8},"end":{"line":65,"column":47}},"38":{"start":{"line":67,"column":8},"end":{"line":67,"column":34}},"39":{"start":{"line":68,"column":8},"end":{"line":68,"column":69}},"40":{"start":{"line":69,"column":8},"end":{"line":69,"column":84}},"41":{"start":{"line":72,"column":4},"end":{"line":78,"column":5}},"42":{"start":{"line":73,"column":8},"end":{"line":73,"column":47}},"43":{"start":{"line":75,"column":8},"end":{"line":75,"column":34}},"44":{"start":{"line":76,"column":8},"end":{"line":76,"column":69}},"45":{"start":{"line":77,"column":8},"end":{"line":77,"column":84}},"46":{"start":{"line":79,"column":4},"end":{"line":79,"column":29}},"47":{"start":{"line":80,"column":4},"end":{"line":80,"column":34}},"48":{"start":{"line":81,"column":4},"end":{"line":81,"column":29}},"49":{"start":{"line":82,"column":4},"end":{"line":82,"column":34}},"50":{"start":{"line":85,"column":4},"end":{"line":85,"column":18}},"51":{"start":{"line":88,"column":4},"end":{"line":147,"column":5}},"52":{"start":{"line":89,"column":8},"end":{"line":146,"column":9}},"53":{"start":{"line":90,"column":12},"end":{"line":90,"column":21}},"54":{"start":{"line":91,"column":12},"end":{"line":97,"column":13}},"55":{"start":{"line":93,"column":16},"end":{"line":93,"column":47}},"56":{"start":{"line":95,"column":16},"end":{"line":95,"column":108}},"57":{"start":{"line":96,"column":16},"end":{"line":96,"column":29}},"58":{"start":{"line":98,"column":12},"end":{"line":145,"column":13}},"59":{"start":{"line":99,"column":16},"end":{"line":102,"column":17}},"60":{"start":{"line":100,"column":20},"end":{"line":101,"column":120}},"61":{"start":{"line":104,"column":16},"end":{"line":144,"column":19}},"62":{"start":{"line":105,"column":20},"end":{"line":105,"column":58}},"63":{"start":{"line":106,"column":20},"end":{"line":106,"column":29}},"64":{"start":{"line":107,"column":20},"end":{"line":113,"column":21}},"65":{"start":{"line":109,"column":24},"end":{"line":109,"column":52}},"66":{"start":{"line":111,"column":24},"end":{"line":111,"column":113}},"67":{"start":{"line":112,"column":24},"end":{"line":112,"column":37}},"68":{"start":{"line":115,"column":20},"end":{"line":143,"column":21}},"69":{"start":{"line":118,"column":24},"end":{"line":121,"column":25}},"70":{"start":{"line":119,"column":28},"end":{"line":119,"column":61}},"71":{"start":{"line":120,"column":28},"end":{"line":120,"column":41}},"72":{"start":{"line":122,"column":24},"end":{"line":142,"column":25}},"73":{"start":{"line":123,"column":28},"end":{"line":125,"column":29}},"74":{"start":{"line":124,"column":32},"end":{"line":124,"column":65}},"75":{"start":{"line":126,"column":30},"end":{"line":142,"column":25}},"76":{"start":{"line":127,"column":28},"end":{"line":127,"column":42}},"77":{"start":{"line":128,"column":28},"end":{"line":137,"column":29}},"78":{"start":{"line":129,"column":32},"end":{"line":129,"column":63}},"79":{"start":{"line":130,"column":32},"end":{"line":130,"column":52}},"80":{"start":{"line":131,"column":32},"end":{"line":131,"column":75}},"81":{"start":{"line":133,"column":32},"end":{"line":136,"column":33}},"82":{"start":{"line":134,"column":36},"end":{"line":134,"column":82}},"83":{"start":{"line":135,"column":36},"end":{"line":135,"column":56}},"84":{"start":{"line":141,"column":28},"end":{"line":141,"column":58}},"85":{"start":{"line":148,"column":4},"end":{"line":148,"column":28}},"86":{"start":{"line":149,"column":4},"end":{"line":149,"column":51}},"87":{"start":{"line":152,"column":0},"end":{"line":152,"column":26}}},"branchMap":{"1":{"line":22,"type":"binary-expr","locations":[{"start":{"line":22,"column":15},"end":{"line":22,"column":39}},{"start":{"line":22,"column":43},"end":{"line":22,"column":47}}]},"2":{"line":23,"type":"if","locations":[{"start":{"line":23,"column":4},"end":{"line":23,"column":4}},{"start":{"line":23,"column":4},"end":{"line":23,"column":4}}]},"3":{"line":27,"type":"if","locations":[{"start":{"line":27,"column":4},"end":{"line":27,"column":4}},{"start":{"line":27,"column":4},"end":{"line":27,"column":4}}]},"4":{"line":32,"type":"binary-expr","locations":[{"start":{"line":32,"column":14},"end":{"line":32,"column":21}},{"start":{"line":32,"column":25},"end":{"line":32,"column":27}}]},"5":{"line":37,"type":"binary-expr","locations":[{"start":{"line":37,"column":15},"end":{"line":37,"column":23}},{"start":{"line":37,"column":27},"end":{"line":37,"column":28}}]},"6":{"line":38,"type":"if","locations":[{"start":{"line":38,"column":4},"end":{"line":38,"column":4}},{"start":{"line":38,"column":4},"end":{"line":38,"column":4}}]},"7":{"line":38,"type":"binary-expr","locations":[{"start":{"line":38,"column":7},"end":{"line":38,"column":16}},{"start":{"line":38,"column":20},"end":{"line":38,"column":30}}]},"8":{"line":43,"type":"if","locations":[{"start":{"line":43,"column":4},"end":{"line":43,"column":4}},{"start":{"line":43,"column":4},"end":{"line":43,"column":4}}]},"9":{"line":51,"type":"cond-expr","locations":[{"start":{"line":51,"column":38},"end":{"line":51,"column":45}},{"start":{"line":51,"column":48},"end":{"line":51,"column":50}}]},"10":{"line":52,"type":"binary-expr","locations":[{"start":{"line":52,"column":24},"end":{"line":52,"column":36}},{"start":{"line":52,"column":40},"end":{"line":52,"column":58}}]},"11":{"line":53,"type":"binary-expr","locations":[{"start":{"line":53,"column":28},"end":{"line":53,"column":45}},{"start":{"line":53,"column":49},"end":{"line":53,"column":66}}]},"12":{"line":54,"type":"binary-expr","locations":[{"start":{"line":54,"column":32},"end":{"line":54,"column":53}},{"start":{"line":54,"column":57},"end":{"line":54,"column":62}}]},"13":{"line":56,"type":"binary-expr","locations":[{"start":{"line":56,"column":23},"end":{"line":56,"column":34}},{"start":{"line":56,"column":38},"end":{"line":56,"column":43}}]},"14":{"line":60,"type":"cond-expr","locations":[{"start":{"line":60,"column":44},"end":{"line":60,"column":56}},{"start":{"line":60,"column":59},"end":{"line":60,"column":120}}]},"15":{"line":60,"type":"cond-expr","locations":[{"start":{"line":60,"column":84},"end":{"line":60,"column":112}},{"start":{"line":60,"column":115},"end":{"line":60,"column":120}}]},"16":{"line":61,"type":"cond-expr","locations":[{"start":{"line":61,"column":40},"end":{"line":61,"column":50}},{"start":{"line":61,"column":53},"end":{"line":61,"column":110}}]},"17":{"line":61,"type":"cond-expr","locations":[{"start":{"line":61,"column":76},"end":{"line":61,"column":102}},{"start":{"line":61,"column":105},"end":{"line":61,"column":110}}]},"18":{"line":62,"type":"cond-expr","locations":[{"start":{"line":62,"column":38},"end":{"line":62,"column":47}},{"start":{"line":62,"column":50},"end":{"line":62,"column":105}}]},"19":{"line":62,"type":"cond-expr","locations":[{"start":{"line":62,"column":72},"end":{"line":62,"column":97}},{"start":{"line":62,"column":100},"end":{"line":62,"column":105}}]},"20":{"line":64,"type":"if","locations":[{"start":{"line":64,"column":4},"end":{"line":64,"column":4}},{"start":{"line":64,"column":4},"end":{"line":64,"column":4}}]},"21":{"line":67,"type":"binary-expr","locations":[{"start":{"line":67,"column":19},"end":{"line":67,"column":27}},{"start":{"line":67,"column":31},"end":{"line":67,"column":33}}]},"22":{"line":68,"type":"cond-expr","locations":[{"start":{"line":68,"column":50},"end":{"line":68,"column":63}},{"start":{"line":68,"column":66},"end":{"line":68,"column":68}}]},"23":{"line":69,"type":"cond-expr","locations":[{"start":{"line":69,"column":60},"end":{"line":69,"column":78}},{"start":{"line":69,"column":81},"end":{"line":69,"column":83}}]},"24":{"line":72,"type":"if","locations":[{"start":{"line":72,"column":4},"end":{"line":72,"column":4}},{"start":{"line":72,"column":4},"end":{"line":72,"column":4}}]},"25":{"line":75,"type":"binary-expr","locations":[{"start":{"line":75,"column":19},"end":{"line":75,"column":27}},{"start":{"line":75,"column":31},"end":{"line":75,"column":33}}]},"26":{"line":76,"type":"cond-expr","locations":[{"start":{"line":76,"column":50},"end":{"line":76,"column":63}},{"start":{"line":76,"column":66},"end":{"line":76,"column":68}}]},"27":{"line":77,"type":"cond-expr","locations":[{"start":{"line":77,"column":60},"end":{"line":77,"column":78}},{"start":{"line":77,"column":81},"end":{"line":77,"column":83}}]},"28":{"line":89,"type":"if","locations":[{"start":{"line":89,"column":8},"end":{"line":89,"column":8}},{"start":{"line":89,"column":8},"end":{"line":89,"column":8}}]},"29":{"line":89,"type":"binary-expr","locations":[{"start":{"line":89,"column":11},"end":{"line":89,"column":20}},{"start":{"line":89,"column":25},"end":{"line":89,"column":33}},{"start":{"line":89,"column":37},"end":{"line":89,"column":55}}]},"30":{"line":98,"type":"if","locations":[{"start":{"line":98,"column":12},"end":{"line":98,"column":12}},{"start":{"line":98,"column":12},"end":{"line":98,"column":12}}]},"31":{"line":98,"type":"binary-expr","locations":[{"start":{"line":98,"column":15},"end":{"line":98,"column":19}},{"start":{"line":98,"column":23},"end":{"line":98,"column":34}}]},"32":{"line":99,"type":"if","locations":[{"start":{"line":99,"column":16},"end":{"line":99,"column":16}},{"start":{"line":99,"column":16},"end":{"line":99,"column":16}}]},"33":{"line":115,"type":"if","locations":[{"start":{"line":115,"column":20},"end":{"line":115,"column":20}},{"start":{"line":115,"column":20},"end":{"line":115,"column":20}}]},"34":{"line":115,"type":"binary-expr","locations":[{"start":{"line":115,"column":23},"end":{"line":115,"column":36}},{"start":{"line":115,"column":41},"end":{"line":115,"column":55}},{"start":{"line":115,"column":59},"end":{"line":115,"column":84}}]},"35":{"line":118,"type":"if","locations":[{"start":{"line":118,"column":24},"end":{"line":118,"column":24}},{"start":{"line":118,"column":24},"end":{"line":118,"column":24}}]},"36":{"line":122,"type":"if","locations":[{"start":{"line":122,"column":24},"end":{"line":122,"column":24}},{"start":{"line":122,"column":24},"end":{"line":122,"column":24}}]},"37":{"line":123,"type":"if","locations":[{"start":{"line":123,"column":28},"end":{"line":123,"column":28}},{"start":{"line":123,"column":28},"end":{"line":123,"column":28}}]},"38":{"line":123,"type":"binary-expr","locations":[{"start":{"line":123,"column":31},"end":{"line":123,"column":42}},{"start":{"line":123,"column":47},"end":{"line":123,"column":59}},{"start":{"line":123,"column":63},"end":{"line":123,"column":86}}]},"39":{"line":126,"type":"if","locations":[{"start":{"line":126,"column":30},"end":{"line":126,"column":30}},{"start":{"line":126,"column":30},"end":{"line":126,"column":30}}]},"40":{"line":128,"type":"if","locations":[{"start":{"line":128,"column":28},"end":{"line":128,"column":28}},{"start":{"line":128,"column":28},"end":{"line":128,"column":28}}]},"41":{"line":128,"type":"binary-expr","locations":[{"start":{"line":128,"column":31},"end":{"line":128,"column":41}},{"start":{"line":128,"column":46},"end":{"line":128,"column":57}},{"start":{"line":128,"column":61},"end":{"line":128,"column":83}}]},"42":{"line":133,"type":"if","locations":[{"start":{"line":133,"column":32},"end":{"line":133,"column":32}},{"start":{"line":133,"column":32},"end":{"line":133,"column":32}}]},"43":{"line":133,"type":"binary-expr","locations":[{"start":{"line":133,"column":35},"end":{"line":133,"column":46}},{"start":{"line":133,"column":50},"end":{"line":133,"column":71}},{"start":{"line":133,"column":75},"end":{"line":133,"column":88}}]},"44":{"line":149,"type":"cond-expr","locations":[{"start":{"line":149,"column":39},"end":{"line":149,"column":43}},{"start":{"line":149,"column":46},"end":{"line":149,"column":50}}]}}}}