{"d:\\WF_Demos\\json-toy\\lib\\typeOf.js":{"path":"d:\\WF_Demos\\json-toy\\lib\\typeOf.js","s":{"1":2,"2":1,"3":11396,"4":2,"5":1,"6":11402,"7":6,"8":11396,"9":11395,"10":11395,"11":11233,"12":11395,"13":2,"14":1,"15":40,"16":40,"17":11297,"18":2,"19":2,"20":2,"21":24,"22":2,"23":2,"24":2,"25":2,"26":2,"27":2,"28":2,"29":11276,"30":2,"31":1,"32":2,"33":7,"34":2,"35":1,"36":2,"37":0,"38":2,"39":0,"40":2,"41":0,"42":2,"43":10716,"44":2,"45":10647,"46":2,"47":17,"48":2,"49":427,"50":2,"51":77,"52":2,"53":13,"54":2,"55":995,"56":2,"57":15,"58":2,"59":11,"60":11,"61":0,"62":11,"63":2,"64":23,"65":2,"66":3,"67":2,"68":13,"69":2,"70":10639,"71":23,"72":10615,"73":10523,"74":10520,"75":10520,"76":95,"77":1,"78":11,"79":11,"80":3,"81":1,"82":1,"83":2,"84":7,"85":2,"86":20,"87":3,"88":17,"89":17,"90":8,"91":7,"92":7,"93":1,"94":9,"95":2,"96":15,"97":2,"98":17,"99":1,"100":16,"101":8,"102":8,"103":2,"104":2,"105":2,"106":2,"107":2,"108":2,"109":2,"110":2,"111":1,"112":82,"113":82,"114":82,"115":36,"116":36,"117":36,"118":36,"119":82,"120":2,"121":2},"b":{"1":[6,11396],"2":[11402,11398],"3":[2,4],"4":[11233,162],"5":[11395,11394,166],"6":[11233,0],"7":[11233,11233],"8":[40,0],"9":[40,0],"10":[11276,10622,10622],"11":[1,0],"12":[7,2],"13":[1,0],"14":[0,0],"15":[0,0],"16":[0,0],"17":[10716,123,10599],"18":[10647,10637],"19":[77,74],"20":[13,12,11],"21":[995,24],"22":[15,15],"23":[10,1],"24":[0,11],"25":[11,10],"26":[11,1],"27":[3,2],"28":[13,7],"29":[23,10615],"30":[10523,92],"31":[10615,92],"32":[10520,0],"33":[11,7],"34":[11,5,2,3,2],"35":[1,0,1,1,1],"36":[3,17],"37":[20,3],"38":[17,4],"39":[7,1],"40":[7,0],"41":[1,16],"42":[8,8],"43":[8,8],"44":[2,2,2],"45":[2,2,2],"46":[2,2,2],"47":[2,2,2],"48":[36,46],"49":[82,55,49],"50":[36,36],"51":[36,36],"52":[36,7],"53":[36,29]},"f":{"1":11396,"2":11402,"3":40,"4":11297,"5":24,"6":11276,"7":1,"8":7,"9":1,"10":0,"11":0,"12":0,"13":10716,"14":10647,"15":17,"16":427,"17":77,"18":13,"19":995,"20":15,"21":11,"22":23,"23":3,"24":13,"25":10639,"26":11,"27":3,"28":1,"29":7,"30":20,"31":15,"32":17,"33":2,"34":2,"35":2,"36":2,"37":82},"fnMap":{"1":{"name":"_typeString","line":15,"loc":{"start":{"line":15,"column":0},"end":{"line":15,"column":25}}},"2":{"name":"_getType","line":30,"loc":{"start":{"line":30,"column":0},"end":{"line":30,"column":22}}},"3":{"name":"_isTypeOf","line":50,"loc":{"start":{"line":50,"column":0},"end":{"line":50,"column":24}}},"4":{"name":"(anonymous_4)","line":52,"loc":{"start":{"line":52,"column":11},"end":{"line":52,"column":24}}},"5":{"name":"(anonymous_5)","line":70,"loc":{"start":{"line":70,"column":10},"end":{"line":70,"column":21}}},"6":{"name":"(anonymous_6)","line":79,"loc":{"start":{"line":79,"column":15},"end":{"line":79,"column":28}}},"7":{"name":"(anonymous_7)","line":83,"loc":{"start":{"line":83,"column":14},"end":{"line":83,"column":27}}},"8":{"name":"(anonymous_8)","line":86,"loc":{"start":{"line":86,"column":16},"end":{"line":86,"column":29}}},"9":{"name":"(anonymous_9)","line":89,"loc":{"start":{"line":89,"column":15},"end":{"line":89,"column":28}}},"10":{"name":"(anonymous_10)","line":92,"loc":{"start":{"line":92,"column":21},"end":{"line":92,"column":34}}},"11":{"name":"(anonymous_11)","line":95,"loc":{"start":{"line":95,"column":19},"end":{"line":95,"column":32}}},"12":{"name":"(anonymous_12)","line":98,"loc":{"start":{"line":98,"column":20},"end":{"line":98,"column":33}}},"13":{"name":"(anonymous_13)","line":111,"loc":{"start":{"line":111,"column":16},"end":{"line":111,"column":30}}},"14":{"name":"(anonymous_14)","line":114,"loc":{"start":{"line":114,"column":18},"end":{"line":114,"column":32}}},"15":{"name":"(anonymous_15)","line":117,"loc":{"start":{"line":117,"column":14},"end":{"line":117,"column":27}}},"16":{"name":"(anonymous_16)","line":120,"loc":{"start":{"line":120,"column":19},"end":{"line":120,"column":32}}},"17":{"name":"(anonymous_17)","line":123,"loc":{"start":{"line":123,"column":50},"end":{"line":123,"column":63}}},"18":{"name":"(anonymous_18)","line":126,"loc":{"start":{"line":126,"column":17},"end":{"line":126,"column":30}}},"19":{"name":"(anonymous_19)","line":129,"loc":{"start":{"line":129,"column":16},"end":{"line":129,"column":30}}},"20":{"name":"(anonymous_20)","line":132,"loc":{"start":{"line":132,"column":14},"end":{"line":132,"column":27}}},"21":{"name":"(anonymous_21)","line":135,"loc":{"start":{"line":135,"column":16},"end":{"line":135,"column":35}}},"22":{"name":"(anonymous_22)","line":142,"loc":{"start":{"line":142,"column":13},"end":{"line":142,"column":26}}},"23":{"name":"(anonymous_23)","line":145,"loc":{"start":{"line":145,"column":20},"end":{"line":145,"column":33}}},"24":{"name":"(anonymous_24)","line":149,"loc":{"start":{"line":149,"column":19},"end":{"line":149,"column":32}}},"25":{"name":"(anonymous_25)","line":153,"loc":{"start":{"line":153,"column":20},"end":{"line":153,"column":33}}},"26":{"name":"_isJSON","line":166,"loc":{"start":{"line":166,"column":0},"end":{"line":166,"column":33}}},"27":{"name":"(anonymous_27)","line":169,"loc":{"start":{"line":169,"column":45},"end":{"line":169,"column":63}}},"28":{"name":"(anonymous_28)","line":172,"loc":{"start":{"line":172,"column":65},"end":{"line":172,"column":79}}},"29":{"name":"(anonymous_29)","line":180,"loc":{"start":{"line":180,"column":14},"end":{"line":180,"column":27}}},"30":{"name":"(anonymous_30)","line":184,"loc":{"start":{"line":184,"column":24},"end":{"line":184,"column":46}}},"31":{"name":"(anonymous_31)","line":201,"loc":{"start":{"line":201,"column":27},"end":{"line":201,"column":40}}},"32":{"name":"(anonymous_32)","line":210,"loc":{"start":{"line":210,"column":23},"end":{"line":210,"column":37}}},"33":{"name":"(anonymous_33)","line":221,"loc":{"start":{"line":221,"column":24},"end":{"line":221,"column":37}}},"34":{"name":"(anonymous_34)","line":225,"loc":{"start":{"line":225,"column":24},"end":{"line":225,"column":37}}},"35":{"name":"(anonymous_35)","line":229,"loc":{"start":{"line":229,"column":20},"end":{"line":229,"column":33}}},"36":{"name":"(anonymous_36)","line":233,"loc":{"start":{"line":233,"column":21},"end":{"line":233,"column":34}}},"37":{"name":"_instOf","line":255,"loc":{"start":{"line":255,"column":0},"end":{"line":255,"column":30}}}},"statementMap":{"1":{"start":{"line":7,"column":0},"end":{"line":7,"column":14}},"2":{"start":{"line":15,"column":0},"end":{"line":17,"column":1}},"3":{"start":{"line":16,"column":4},"end":{"line":16,"column":47}},"4":{"start":{"line":18,"column":0},"end":{"line":18,"column":27}},"5":{"start":{"line":30,"column":0},"end":{"line":42,"column":1}},"6":{"start":{"line":31,"column":4},"end":{"line":41,"column":5}},"7":{"start":{"line":32,"column":8},"end":{"line":32,"column":56}},"8":{"start":{"line":34,"column":8},"end":{"line":34,"column":66}},"9":{"start":{"line":36,"column":8},"end":{"line":36,"column":30}},"10":{"start":{"line":37,"column":8},"end":{"line":39,"column":9}},"11":{"start":{"line":38,"column":12},"end":{"line":38,"column":113}},"12":{"start":{"line":40,"column":8},"end":{"line":40,"column":24}},"13":{"start":{"line":43,"column":0},"end":{"line":43,"column":26}},"14":{"start":{"line":50,"column":0},"end":{"line":55,"column":1}},"15":{"start":{"line":51,"column":4},"end":{"line":51,"column":94}},"16":{"start":{"line":52,"column":4},"end":{"line":54,"column":5}},"17":{"start":{"line":53,"column":8},"end":{"line":53,"column":38}},"18":{"start":{"line":56,"column":0},"end":{"line":56,"column":26}},"19":{"start":{"line":63,"column":0},"end":{"line":63,"column":16}},"20":{"start":{"line":64,"column":0},"end":{"line":72,"column":3}},"21":{"start":{"line":71,"column":4},"end":{"line":71,"column":67}},"22":{"start":{"line":73,"column":0},"end":{"line":73,"column":38}},"23":{"start":{"line":74,"column":0},"end":{"line":74,"column":32}},"24":{"start":{"line":75,"column":0},"end":{"line":75,"column":26}},"25":{"start":{"line":76,"column":0},"end":{"line":76,"column":34}},"26":{"start":{"line":77,"column":0},"end":{"line":77,"column":26}},"27":{"start":{"line":78,"column":0},"end":{"line":78,"column":34}},"28":{"start":{"line":79,"column":0},"end":{"line":81,"column":2}},"29":{"start":{"line":80,"column":4},"end":{"line":80,"column":94}},"30":{"start":{"line":83,"column":0},"end":{"line":85,"column":2}},"31":{"start":{"line":84,"column":4},"end":{"line":84,"column":53}},"32":{"start":{"line":86,"column":0},"end":{"line":88,"column":2}},"33":{"start":{"line":87,"column":4},"end":{"line":87,"column":57}},"34":{"start":{"line":89,"column":0},"end":{"line":91,"column":2}},"35":{"start":{"line":90,"column":4},"end":{"line":90,"column":55}},"36":{"start":{"line":92,"column":0},"end":{"line":94,"column":2}},"37":{"start":{"line":93,"column":4},"end":{"line":93,"column":67}},"38":{"start":{"line":95,"column":0},"end":{"line":97,"column":2}},"39":{"start":{"line":96,"column":4},"end":{"line":96,"column":63}},"40":{"start":{"line":98,"column":0},"end":{"line":100,"column":2}},"41":{"start":{"line":99,"column":4},"end":{"line":99,"column":65}},"42":{"start":{"line":111,"column":0},"end":{"line":113,"column":2}},"43":{"start":{"line":112,"column":4},"end":{"line":112,"column":77}},"44":{"start":{"line":114,"column":0},"end":{"line":116,"column":2}},"45":{"start":{"line":115,"column":4},"end":{"line":115,"column":64}},"46":{"start":{"line":117,"column":0},"end":{"line":119,"column":2}},"47":{"start":{"line":118,"column":4},"end":{"line":118,"column":24}},"48":{"start":{"line":120,"column":0},"end":{"line":122,"column":2}},"49":{"start":{"line":121,"column":4},"end":{"line":121,"column":29}},"50":{"start":{"line":123,"column":0},"end":{"line":125,"column":2}},"51":{"start":{"line":124,"column":4},"end":{"line":124,"column":47}},"52":{"start":{"line":126,"column":0},"end":{"line":128,"column":2}},"53":{"start":{"line":127,"column":4},"end":{"line":127,"column":67}},"54":{"start":{"line":129,"column":0},"end":{"line":131,"column":2}},"55":{"start":{"line":130,"column":4},"end":{"line":130,"column":60}},"56":{"start":{"line":132,"column":0},"end":{"line":134,"column":2}},"57":{"start":{"line":133,"column":4},"end":{"line":133,"column":50}},"58":{"start":{"line":135,"column":0},"end":{"line":141,"column":2}},"59":{"start":{"line":136,"column":4},"end":{"line":136,"column":44}},"60":{"start":{"line":137,"column":4},"end":{"line":139,"column":5}},"61":{"start":{"line":138,"column":8},"end":{"line":138,"column":158}},"62":{"start":{"line":140,"column":4},"end":{"line":140,"column":60}},"63":{"start":{"line":142,"column":0},"end":{"line":144,"column":2}},"64":{"start":{"line":143,"column":4},"end":{"line":143,"column":23}},"65":{"start":{"line":145,"column":0},"end":{"line":147,"column":2}},"66":{"start":{"line":146,"column":4},"end":{"line":146,"column":51}},"67":{"start":{"line":149,"column":0},"end":{"line":151,"column":2}},"68":{"start":{"line":150,"column":4},"end":{"line":150,"column":56}},"69":{"start":{"line":153,"column":0},"end":{"line":164,"column":2}},"70":{"start":{"line":154,"column":4},"end":{"line":162,"column":5}},"71":{"start":{"line":155,"column":8},"end":{"line":155,"column":28}},"72":{"start":{"line":156,"column":10},"end":{"line":162,"column":5}},"73":{"start":{"line":157,"column":8},"end":{"line":161,"column":9}},"74":{"start":{"line":158,"column":12},"end":{"line":160,"column":13}},"75":{"start":{"line":159,"column":16},"end":{"line":159,"column":27}},"76":{"start":{"line":163,"column":4},"end":{"line":163,"column":17}},"77":{"start":{"line":166,"column":0},"end":{"line":178,"column":1}},"78":{"start":{"line":167,"column":4},"end":{"line":167,"column":44}},"79":{"start":{"line":168,"column":4},"end":{"line":177,"column":12}},"80":{"start":{"line":170,"column":12},"end":{"line":170,"column":45}},"81":{"start":{"line":173,"column":12},"end":{"line":173,"column":64}},"82":{"start":{"line":174,"column":12},"end":{"line":176,"column":50}},"83":{"start":{"line":180,"column":0},"end":{"line":182,"column":2}},"84":{"start":{"line":181,"column":4},"end":{"line":181,"column":24}},"85":{"start":{"line":184,"column":0},"end":{"line":199,"column":2}},"86":{"start":{"line":185,"column":4},"end":{"line":187,"column":5}},"87":{"start":{"line":186,"column":8},"end":{"line":186,"column":21}},"88":{"start":{"line":188,"column":4},"end":{"line":188,"column":33}},"89":{"start":{"line":189,"column":4},"end":{"line":197,"column":5}},"90":{"start":{"line":190,"column":8},"end":{"line":196,"column":9}},"91":{"start":{"line":191,"column":12},"end":{"line":193,"column":13}},"92":{"start":{"line":192,"column":16},"end":{"line":192,"column":29}},"93":{"start":{"line":195,"column":12},"end":{"line":195,"column":25}},"94":{"start":{"line":198,"column":4},"end":{"line":198,"column":16}},"95":{"start":{"line":201,"column":0},"end":{"line":203,"column":2}},"96":{"start":{"line":202,"column":4},"end":{"line":202,"column":43}},"97":{"start":{"line":210,"column":0},"end":{"line":219,"column":2}},"98":{"start":{"line":211,"column":4},"end":{"line":218,"column":5}},"99":{"start":{"line":212,"column":8},"end":{"line":212,"column":20}},"100":{"start":{"line":213,"column":10},"end":{"line":218,"column":5}},"101":{"start":{"line":214,"column":8},"end":{"line":215,"column":74}},"102":{"start":{"line":217,"column":8},"end":{"line":217,"column":21}},"103":{"start":{"line":221,"column":0},"end":{"line":223,"column":2}},"104":{"start":{"line":222,"column":4},"end":{"line":222,"column":69}},"105":{"start":{"line":225,"column":0},"end":{"line":227,"column":2}},"106":{"start":{"line":226,"column":4},"end":{"line":226,"column":69}},"107":{"start":{"line":229,"column":0},"end":{"line":231,"column":2}},"108":{"start":{"line":230,"column":4},"end":{"line":230,"column":69}},"109":{"start":{"line":233,"column":0},"end":{"line":235,"column":2}},"110":{"start":{"line":234,"column":4},"end":{"line":234,"column":69}},"111":{"start":{"line":255,"column":0},"end":{"line":267,"column":1}},"112":{"start":{"line":257,"column":4},"end":{"line":257,"column":45}},"113":{"start":{"line":259,"column":4},"end":{"line":259,"column":54}},"114":{"start":{"line":260,"column":4},"end":{"line":265,"column":5}},"115":{"start":{"line":261,"column":8},"end":{"line":261,"column":92}},"116":{"start":{"line":262,"column":8},"end":{"line":262,"column":99}},"117":{"start":{"line":263,"column":8},"end":{"line":263,"column":74}},"118":{"start":{"line":264,"column":8},"end":{"line":264,"column":83}},"119":{"start":{"line":266,"column":4},"end":{"line":266,"column":24}},"120":{"start":{"line":268,"column":0},"end":{"line":268,"column":28}},"121":{"start":{"line":272,"column":0},"end":{"line":272,"column":22}}},"branchMap":{"1":{"line":31,"type":"if","locations":[{"start":{"line":31,"column":4},"end":{"line":31,"column":4}},{"start":{"line":31,"column":4},"end":{"line":31,"column":4}}]},"2":{"line":31,"type":"binary-expr","locations":[{"start":{"line":31,"column":7},"end":{"line":31,"column":19}},{"start":{"line":31,"column":23},"end":{"line":31,"column":40}}]},"3":{"line":32,"type":"cond-expr","locations":[{"start":{"line":32,"column":35},"end":{"line":32,"column":46}},{"start":{"line":32,"column":49},"end":{"line":32,"column":55}}]},"4":{"line":37,"type":"if","locations":[{"start":{"line":37,"column":8},"end":{"line":37,"column":8}},{"start":{"line":37,"column":8},"end":{"line":37,"column":8}}]},"5":{"line":37,"type":"binary-expr","locations":[{"start":{"line":37,"column":11},"end":{"line":37,"column":33}},{"start":{"line":37,"column":38},"end":{"line":37,"column":53}},{"start":{"line":37,"column":57},"end":{"line":37,"column":74}}]},"6":{"line":38,"type":"cond-expr","locations":[{"start":{"line":38,"column":67},"end":{"line":38,"column":101}},{"start":{"line":38,"column":104},"end":{"line":38,"column":112}}]},"7":{"line":38,"type":"binary-expr","locations":[{"start":{"line":38,"column":24},"end":{"line":38,"column":39}},{"start":{"line":38,"column":43},"end":{"line":38,"column":63}}]},"8":{"line":51,"type":"cond-expr","locations":[{"start":{"line":51,"column":68},"end":{"line":51,"column":72}},{"start":{"line":51,"column":75},"end":{"line":51,"column":77}}]},"9":{"line":51,"type":"binary-expr","locations":[{"start":{"line":51,"column":14},"end":{"line":51,"column":38}},{"start":{"line":51,"column":42},"end":{"line":51,"column":64}}]},"10":{"line":80,"type":"binary-expr","locations":[{"start":{"line":80,"column":11},"end":{"line":80,"column":30}},{"start":{"line":80,"column":35},"end":{"line":80,"column":70}},{"start":{"line":80,"column":74},"end":{"line":80,"column":92}}]},"11":{"line":84,"type":"binary-expr","locations":[{"start":{"line":84,"column":11},"end":{"line":84,"column":30}},{"start":{"line":84,"column":34},"end":{"line":84,"column":52}}]},"12":{"line":87,"type":"binary-expr","locations":[{"start":{"line":87,"column":11},"end":{"line":87,"column":32}},{"start":{"line":87,"column":36},"end":{"line":87,"column":56}}]},"13":{"line":90,"type":"binary-expr","locations":[{"start":{"line":90,"column":11},"end":{"line":90,"column":30}},{"start":{"line":90,"column":34},"end":{"line":90,"column":54}}]},"14":{"line":93,"type":"binary-expr","locations":[{"start":{"line":93,"column":11},"end":{"line":93,"column":36}},{"start":{"line":93,"column":40},"end":{"line":93,"column":66}}]},"15":{"line":96,"type":"binary-expr","locations":[{"start":{"line":96,"column":11},"end":{"line":96,"column":34}},{"start":{"line":96,"column":38},"end":{"line":96,"column":62}}]},"16":{"line":99,"type":"binary-expr","locations":[{"start":{"line":99,"column":11},"end":{"line":99,"column":35}},{"start":{"line":99,"column":39},"end":{"line":99,"column":64}}]},"17":{"line":112,"type":"binary-expr","locations":[{"start":{"line":112,"column":12},"end":{"line":112,"column":35}},{"start":{"line":112,"column":39},"end":{"line":112,"column":60}},{"start":{"line":112,"column":65},"end":{"line":112,"column":76}}]},"18":{"line":115,"type":"binary-expr","locations":[{"start":{"line":115,"column":11},"end":{"line":115,"column":36}},{"start":{"line":115,"column":40},"end":{"line":115,"column":63}}]},"19":{"line":124,"type":"binary-expr","locations":[{"start":{"line":124,"column":12},"end":{"line":124,"column":24}},{"start":{"line":124,"column":28},"end":{"line":124,"column":45}}]},"20":{"line":127,"type":"binary-expr","locations":[{"start":{"line":127,"column":11},"end":{"line":127,"column":23}},{"start":{"line":127,"column":27},"end":{"line":127,"column":40}},{"start":{"line":127,"column":44},"end":{"line":127,"column":66}}]},"21":{"line":130,"type":"binary-expr","locations":[{"start":{"line":130,"column":11},"end":{"line":130,"column":34}},{"start":{"line":130,"column":38},"end":{"line":130,"column":59}}]},"22":{"line":133,"type":"binary-expr","locations":[{"start":{"line":133,"column":11},"end":{"line":133,"column":29}},{"start":{"line":133,"column":33},"end":{"line":133,"column":49}}]},"23":{"line":136,"type":"cond-expr","locations":[{"start":{"line":136,"column":30},"end":{"line":136,"column":34}},{"start":{"line":136,"column":37},"end":{"line":136,"column":43}}]},"24":{"line":137,"type":"if","locations":[{"start":{"line":137,"column":4},"end":{"line":137,"column":4}},{"start":{"line":137,"column":4},"end":{"line":137,"column":4}}]},"25":{"line":137,"type":"binary-expr","locations":[{"start":{"line":137,"column":7},"end":{"line":137,"column":11}},{"start":{"line":137,"column":15},"end":{"line":137,"column":26}}]},"26":{"line":140,"type":"binary-expr","locations":[{"start":{"line":140,"column":11},"end":{"line":140,"column":34}},{"start":{"line":140,"column":38},"end":{"line":140,"column":59}}]},"27":{"line":146,"type":"binary-expr","locations":[{"start":{"line":146,"column":11},"end":{"line":146,"column":27}},{"start":{"line":146,"column":31},"end":{"line":146,"column":49}}]},"28":{"line":150,"type":"binary-expr","locations":[{"start":{"line":150,"column":11},"end":{"line":150,"column":30}},{"start":{"line":150,"column":34},"end":{"line":150,"column":55}}]},"29":{"line":154,"type":"if","locations":[{"start":{"line":154,"column":4},"end":{"line":154,"column":4}},{"start":{"line":154,"column":4},"end":{"line":154,"column":4}}]},"30":{"line":156,"type":"if","locations":[{"start":{"line":156,"column":10},"end":{"line":156,"column":10}},{"start":{"line":156,"column":10},"end":{"line":156,"column":10}}]},"31":{"line":156,"type":"binary-expr","locations":[{"start":{"line":156,"column":13},"end":{"line":156,"column":31}},{"start":{"line":156,"column":35},"end":{"line":156,"column":55}}]},"32":{"line":158,"type":"if","locations":[{"start":{"line":158,"column":12},"end":{"line":158,"column":12}},{"start":{"line":158,"column":12},"end":{"line":158,"column":12}}]},"33":{"line":167,"type":"binary-expr","locations":[{"start":{"line":167,"column":5},"end":{"line":167,"column":12}},{"start":{"line":167,"column":17},"end":{"line":167,"column":29}}]},"34":{"line":168,"type":"binary-expr","locations":[{"start":{"line":168,"column":12},"end":{"line":168,"column":35}},{"start":{"line":169,"column":9},"end":{"line":169,"column":28}},{"start":{"line":169,"column":33},"end":{"line":171,"column":10}},{"start":{"line":172,"column":9},"end":{"line":172,"column":36}},{"start":{"line":172,"column":40},"end":{"line":177,"column":10}}]},"35":{"line":174,"type":"binary-expr","locations":[{"start":{"line":174,"column":22},"end":{"line":174,"column":45}},{"start":{"line":174,"column":49},"end":{"line":174,"column":75}},{"start":{"line":175,"column":23},"end":{"line":175,"column":36}},{"start":{"line":175,"column":40},"end":{"line":175,"column":53}},{"start":{"line":176,"column":23},"end":{"line":176,"column":48}}]},"36":{"line":185,"type":"if","locations":[{"start":{"line":185,"column":4},"end":{"line":185,"column":4}},{"start":{"line":185,"column":4},"end":{"line":185,"column":4}}]},"37":{"line":185,"type":"binary-expr","locations":[{"start":{"line":185,"column":7},"end":{"line":185,"column":26}},{"start":{"line":185,"column":30},"end":{"line":185,"column":48}}]},"38":{"line":188,"type":"binary-expr","locations":[{"start":{"line":188,"column":15},"end":{"line":188,"column":23}},{"start":{"line":188,"column":27},"end":{"line":188,"column":32}}]},"39":{"line":190,"type":"if","locations":[{"start":{"line":190,"column":8},"end":{"line":190,"column":8}},{"start":{"line":190,"column":8},"end":{"line":190,"column":8}}]},"40":{"line":191,"type":"if","locations":[{"start":{"line":191,"column":12},"end":{"line":191,"column":12}},{"start":{"line":191,"column":12},"end":{"line":191,"column":12}}]},"41":{"line":211,"type":"if","locations":[{"start":{"line":211,"column":4},"end":{"line":211,"column":4}},{"start":{"line":211,"column":4},"end":{"line":211,"column":4}}]},"42":{"line":213,"type":"if","locations":[{"start":{"line":213,"column":10},"end":{"line":213,"column":10}},{"start":{"line":213,"column":10},"end":{"line":213,"column":10}}]},"43":{"line":214,"type":"binary-expr","locations":[{"start":{"line":214,"column":15},"end":{"line":214,"column":48}},{"start":{"line":215,"column":16},"end":{"line":215,"column":72}}]},"44":{"line":222,"type":"binary-expr","locations":[{"start":{"line":222,"column":11},"end":{"line":222,"column":27}},{"start":{"line":222,"column":31},"end":{"line":222,"column":49}},{"start":{"line":222,"column":54},"end":{"line":222,"column":67}}]},"45":{"line":226,"type":"binary-expr","locations":[{"start":{"line":226,"column":11},"end":{"line":226,"column":27}},{"start":{"line":226,"column":31},"end":{"line":226,"column":49}},{"start":{"line":226,"column":54},"end":{"line":226,"column":67}}]},"46":{"line":230,"type":"binary-expr","locations":[{"start":{"line":230,"column":11},"end":{"line":230,"column":27}},{"start":{"line":230,"column":31},"end":{"line":230,"column":49}},{"start":{"line":230,"column":54},"end":{"line":230,"column":67}}]},"47":{"line":234,"type":"binary-expr","locations":[{"start":{"line":234,"column":11},"end":{"line":234,"column":27}},{"start":{"line":234,"column":31},"end":{"line":234,"column":49}},{"start":{"line":234,"column":54},"end":{"line":234,"column":67}}]},"48":{"line":260,"type":"if","locations":[{"start":{"line":260,"column":4},"end":{"line":260,"column":4}},{"start":{"line":260,"column":4},"end":{"line":260,"column":4}}]},"49":{"line":260,"type":"binary-expr","locations":[{"start":{"line":260,"column":8},"end":{"line":260,"column":21}},{"start":{"line":260,"column":25},"end":{"line":260,"column":42}},{"start":{"line":260,"column":46},"end":{"line":260,"column":58}}]},"50":{"line":261,"type":"binary-expr","locations":[{"start":{"line":261,"column":33},"end":{"line":261,"column":50}},{"start":{"line":261,"column":54},"end":{"line":261,"column":90}}]},"51":{"line":262,"type":"binary-expr","locations":[{"start":{"line":262,"column":35},"end":{"line":262,"column":52}},{"start":{"line":262,"column":56},"end":{"line":262,"column":97}}]},"52":{"line":263,"type":"binary-expr","locations":[{"start":{"line":263,"column":24},"end":{"line":263,"column":45}},{"start":{"line":263,"column":49},"end":{"line":263,"column":72}}]},"53":{"line":264,"type":"binary-expr","locations":[{"start":{"line":264,"column":23},"end":{"line":264,"column":35}},{"start":{"line":264,"column":39},"end":{"line":264,"column":82}}]}}},"d:\\WF_Demos\\json-toy\\lib\\json-travel.js":{"path":"d:\\WF_Demos\\json-toy\\lib\\json-travel.js","s":{"1":1,"2":1,"3":17,"4":1,"5":16,"6":16,"7":16,"8":16,"9":16,"10":16,"11":1,"12":10548,"13":10548,"14":66,"15":66,"16":0,"17":0,"18":66,"19":66,"20":10548,"21":10622,"22":10622,"23":10622,"24":10622,"25":10622,"26":10622,"27":10622,"28":140,"29":140,"30":14,"31":14,"32":126,"33":126,"34":10622,"35":10621,"36":10621,"37":10532,"38":16,"39":16,"40":1,"41":1,"42":1,"43":0,"44":15,"45":1},"b":{"1":[1,16],"2":[12,4],"3":[16,7],"4":[9,7],"5":[10548,0],"6":[10548,10548],"7":[66,10482],"8":[0,66],"9":[10622,0],"10":[140,10482],"11":[14,126],"12":[10622,10532],"13":[10621,89],"14":[10532,89],"15":[16,0]},"f":{"1":17,"2":10548},"fnMap":{"1":{"name":"travelJson","line":10,"loc":{"start":{"line":10,"column":0},"end":{"line":10,"column":47}}},"2":{"name":"travel","line":21,"loc":{"start":{"line":21,"column":4},"end":{"line":21,"column":44}}}},"statementMap":{"1":{"start":{"line":1,"column":0},"end":{"line":1,"column":31}},"2":{"start":{"line":10,"column":0},"end":{"line":80,"column":1}},"3":{"start":{"line":11,"column":4},"end":{"line":11,"column":101}},"4":{"start":{"line":11,"column":30},"end":{"line":11,"column":99}},"5":{"start":{"line":13,"column":4},"end":{"line":13,"column":56}},"6":{"start":{"line":14,"column":4},"end":{"line":14,"column":23}},"7":{"start":{"line":15,"column":4},"end":{"line":15,"column":22}},"8":{"start":{"line":17,"column":4},"end":{"line":17,"column":21}},"9":{"start":{"line":18,"column":4},"end":{"line":18,"column":37}},"10":{"start":{"line":19,"column":4},"end":{"line":19,"column":70}},"11":{"start":{"line":21,"column":4},"end":{"line":67,"column":5}},"12":{"start":{"line":22,"column":8},"end":{"line":66,"column":9}},"13":{"start":{"line":24,"column":12},"end":{"line":33,"column":13}},"14":{"start":{"line":25,"column":16},"end":{"line":25,"column":54}},"15":{"start":{"line":26,"column":16},"end":{"line":32,"column":17}},"16":{"start":{"line":27,"column":20},"end":{"line":27,"column":51}},"17":{"start":{"line":28,"column":20},"end":{"line":28,"column":50}},"18":{"start":{"line":30,"column":20},"end":{"line":30,"column":40}},"19":{"start":{"line":31,"column":20},"end":{"line":31,"column":46}},"20":{"start":{"line":35,"column":12},"end":{"line":65,"column":13}},"21":{"start":{"line":36,"column":16},"end":{"line":64,"column":17}},"22":{"start":{"line":38,"column":20},"end":{"line":38,"column":58}},"23":{"start":{"line":39,"column":20},"end":{"line":39,"column":48}},"24":{"start":{"line":41,"column":20},"end":{"line":41,"column":45}},"25":{"start":{"line":43,"column":20},"end":{"line":43,"column":35}},"26":{"start":{"line":44,"column":20},"end":{"line":44,"column":43}},"27":{"start":{"line":46,"column":20},"end":{"line":55,"column":21}},"28":{"start":{"line":47,"column":24},"end":{"line":47,"column":58}},"29":{"start":{"line":48,"column":24},"end":{"line":54,"column":25}},"30":{"start":{"line":49,"column":28},"end":{"line":49,"column":46}},"31":{"start":{"line":50,"column":28},"end":{"line":50,"column":71}},"32":{"start":{"line":52,"column":28},"end":{"line":52,"column":47}},"33":{"start":{"line":53,"column":28},"end":{"line":53,"column":39}},"34":{"start":{"line":57,"column":20},"end":{"line":57,"column":82}},"35":{"start":{"line":59,"column":20},"end":{"line":59,"column":110}},"36":{"start":{"line":61,"column":20},"end":{"line":63,"column":21}},"37":{"start":{"line":62,"column":24},"end":{"line":62,"column":57}},"38":{"start":{"line":69,"column":4},"end":{"line":78,"column":5}},"39":{"start":{"line":70,"column":8},"end":{"line":70,"column":45}},"40":{"start":{"line":72,"column":8},"end":{"line":76,"column":9}},"41":{"start":{"line":73,"column":12},"end":{"line":73,"column":33}},"42":{"start":{"line":75,"column":12},"end":{"line":75,"column":29}},"43":{"start":{"line":77,"column":8},"end":{"line":77,"column":22}},"44":{"start":{"line":79,"column":4},"end":{"line":79,"column":19}},"45":{"start":{"line":82,"column":0},"end":{"line":82,"column":28}}},"branchMap":{"1":{"line":11,"type":"if","locations":[{"start":{"line":11,"column":4},"end":{"line":11,"column":4}},{"start":{"line":11,"column":4},"end":{"line":11,"column":4}}]},"2":{"line":13,"type":"cond-expr","locations":[{"start":{"line":13,"column":38},"end":{"line":13,"column":42}},{"start":{"line":13,"column":45},"end":{"line":13,"column":55}}]},"3":{"line":19,"type":"binary-expr","locations":[{"start":{"line":19,"column":17},"end":{"line":19,"column":58}},{"start":{"line":19,"column":63},"end":{"line":19,"column":69}}]},"4":{"line":19,"type":"cond-expr","locations":[{"start":{"line":19,"column":44},"end":{"line":19,"column":53}},{"start":{"line":19,"column":56},"end":{"line":19,"column":58}}]},"5":{"line":22,"type":"if","locations":[{"start":{"line":22,"column":8},"end":{"line":22,"column":8}},{"start":{"line":22,"column":8},"end":{"line":22,"column":8}}]},"6":{"line":22,"type":"binary-expr","locations":[{"start":{"line":22,"column":11},"end":{"line":22,"column":21}},{"start":{"line":22,"column":25},"end":{"line":22,"column":40}}]},"7":{"line":24,"type":"if","locations":[{"start":{"line":24,"column":12},"end":{"line":24,"column":12}},{"start":{"line":24,"column":12},"end":{"line":24,"column":12}}]},"8":{"line":26,"type":"if","locations":[{"start":{"line":26,"column":16},"end":{"line":26,"column":16}},{"start":{"line":26,"column":16},"end":{"line":26,"column":16}}]},"9":{"line":36,"type":"if","locations":[{"start":{"line":36,"column":16},"end":{"line":36,"column":16}},{"start":{"line":36,"column":16},"end":{"line":36,"column":16}}]},"10":{"line":46,"type":"if","locations":[{"start":{"line":46,"column":20},"end":{"line":46,"column":20}},{"start":{"line":46,"column":20},"end":{"line":46,"column":20}}]},"11":{"line":48,"type":"if","locations":[{"start":{"line":48,"column":24},"end":{"line":48,"column":24}},{"start":{"line":48,"column":24},"end":{"line":48,"column":24}}]},"12":{"line":57,"type":"binary-expr","locations":[{"start":{"line":57,"column":38},"end":{"line":57,"column":58}},{"start":{"line":57,"column":62},"end":{"line":57,"column":81}}]},"13":{"line":59,"type":"binary-expr","locations":[{"start":{"line":59,"column":20},"end":{"line":59,"column":26}},{"start":{"line":59,"column":30},"end":{"line":59,"column":109}}]},"14":{"line":61,"type":"if","locations":[{"start":{"line":61,"column":20},"end":{"line":61,"column":20}},{"start":{"line":61,"column":20},"end":{"line":61,"column":20}}]},"15":{"line":70,"type":"binary-expr","locations":[{"start":{"line":70,"column":21},"end":{"line":70,"column":30}},{"start":{"line":70,"column":34},"end":{"line":70,"column":36}}]}}},"d:\\WF_Demos\\json-toy\\lib\\json-check-circular.js":{"path":"d:\\WF_Demos\\json-toy\\lib\\json-check-circular.js","s":{"1":1,"2":1,"3":3,"4":3,"5":3,"6":28,"7":4,"8":4,"9":3,"10":1},"b":{"1":[4,24]},"f":{"1":3,"2":28},"fnMap":{"1":{"name":"checkCircular","line":7,"loc":{"start":{"line":7,"column":0},"end":{"line":7,"column":27}}},"2":{"name":"(anonymous_2)","line":10,"loc":{"start":{"line":10,"column":19},"end":{"line":10,"column":56}}}},"statementMap":{"1":{"start":{"line":1,"column":0},"end":{"line":1,"column":42}},"2":{"start":{"line":7,"column":0},"end":{"line":25,"column":1}},"3":{"start":{"line":8,"column":4},"end":{"line":8,"column":22}},"4":{"start":{"line":9,"column":4},"end":{"line":9,"column":24}},"5":{"start":{"line":10,"column":4},"end":{"line":20,"column":19}},"6":{"start":{"line":11,"column":8},"end":{"line":19,"column":9}},"7":{"start":{"line":12,"column":12},"end":{"line":12,"column":25}},"8":{"start":{"line":13,"column":12},"end":{"line":18,"column":15}},"9":{"start":{"line":21,"column":4},"end":{"line":24,"column":6}},"10":{"start":{"line":28,"column":0},"end":{"line":28,"column":31}}},"branchMap":{"1":{"line":11,"type":"if","locations":[{"start":{"line":11,"column":8},"end":{"line":11,"column":8}},{"start":{"line":11,"column":8},"end":{"line":11,"column":8}}]}}},"d:\\WF_Demos\\json-toy\\lib\\json-toTreeString.js":{"path":"d:\\WF_Demos\\json-toy\\lib\\json-toTreeString.js","s":{"1":1,"2":1,"3":128,"4":1,"5":1,"6":67,"7":67,"8":5,"9":5,"10":1,"11":1,"12":1,"13":1,"14":1,"15":0,"16":1,"17":1,"18":920,"19":1,"20":1,"21":1,"22":8,"23":1,"24":1,"25":1,"26":8,"27":0,"28":8,"29":1,"30":64,"31":0,"32":64,"33":64,"34":427,"35":0,"36":427,"37":427,"38":15,"39":412,"40":30,"41":30,"42":64,"43":1,"44":6,"45":0,"46":6,"47":6,"48":6,"49":128,"50":128,"51":0,"52":128,"53":128,"54":572,"55":572,"56":64,"57":64,"58":34,"59":34,"60":34,"61":264,"62":264,"63":262,"64":6,"65":6,"66":6,"67":1,"68":12,"69":12,"70":12,"71":12,"72":12,"73":12,"74":12,"75":12,"76":1,"77":12,"78":12,"79":12,"80":12,"81":12,"82":12,"83":12,"84":12,"85":2,"86":10,"87":2,"88":8,"89":2,"90":6,"91":6,"92":6,"93":6,"94":6,"95":6,"96":0,"97":0,"98":6,"99":6,"100":6,"101":6,"102":6,"103":6,"104":6,"105":6,"106":6,"107":6,"108":6,"109":6,"110":6,"111":6,"112":6,"113":58,"114":58,"115":58,"116":36,"117":36,"118":8,"119":8,"120":28,"121":1,"122":27,"123":1,"124":26,"125":0,"126":26,"127":36,"128":0,"129":22,"130":58,"131":58,"132":158,"133":58,"134":58,"135":58,"136":58,"137":58,"138":58,"139":274,"140":274,"141":6,"142":6,"143":128,"144":1},"b":{"1":[1,66],"2":[5,0],"3":[1,0],"4":[0,0],"5":[920,920],"6":[8,8],"7":[0,8],"8":[0,64],"9":[0,427],"10":[427,427],"11":[15,412],"12":[30,382],"13":[0,6],"14":[0,128],"15":[64,508],"16":[572,508],"17":[34,30],"18":[264,0],"19":[262,2],"20":[264,264],"21":[12,0],"22":[12,0],"23":[12,0],"24":[12,0],"25":[12,9],"26":[12,9],"27":[3,9],"28":[2,10],"29":[2,8],"30":[2,6],"31":[2,0],"32":[1,1],"33":[1,0],"34":[6,0],"35":[3,3],"36":[0,6],"37":[0,6],"38":[0,0],"39":[3,3],"40":[0,3],"41":[0,6],"42":[0,6],"43":[3,3],"44":[6,0],"45":[36,22],"46":[36,0],"47":[8,28],"48":[8,0],"49":[1,27],"50":[1,26],"51":[0,26],"52":[58,100],"53":[274,58],"54":[238,36],"55":[274,58],"56":[58,180]},"f":{"1":128,"2":67,"3":5,"4":1,"5":920,"6":8,"7":8,"8":64,"9":6,"10":12,"11":12,"12":58,"13":274,"14":128},"fnMap":{"1":{"name":"trimRight","line":8,"loc":{"start":{"line":8,"column":0},"end":{"line":8,"column":23}}},"2":{"name":"escapeString","line":26,"loc":{"start":{"line":26,"column":0},"end":{"line":26,"column":30}}},"3":{"name":"(anonymous_3)","line":32,"loc":{"start":{"line":32,"column":68},"end":{"line":32,"column":81}}},"4":{"name":"_isStartWith","line":62,"loc":{"start":{"line":62,"column":0},"end":{"line":62,"column":27}}},"5":{"name":"(anonymous_5)","line":70,"loc":{"start":{"line":70,"column":11},"end":{"line":70,"column":24}}},"6":{"name":"_hasTreeLinkChar","line":79,"loc":{"start":{"line":79,"column":0},"end":{"line":79,"column":30}}},"7":{"name":"replaceTreeLinkChar","line":91,"loc":{"start":{"line":91,"column":0},"end":{"line":91,"column":33}}},"8":{"name":"checkNextSibling","line":102,"loc":{"start":{"line":102,"column":0},"end":{"line":102,"column":34}}},"9":{"name":"fixArr","line":127,"loc":{"start":{"line":127,"column":0},"end":{"line":127,"column":20}}},"10":{"name":"repeatChar","line":168,"loc":{"start":{"line":168,"column":0},"end":{"line":168,"column":27}}},"11":{"name":"treeString","line":190,"loc":{"start":{"line":190,"column":0},"end":{"line":190,"column":33}}},"12":{"name":"(anonymous_12)","line":246,"loc":{"start":{"line":246,"column":20},"end":{"line":246,"column":80}}},"13":{"name":"(anonymous_13)","line":289,"loc":{"start":{"line":289,"column":33},"end":{"line":289,"column":53}}},"14":{"name":"(anonymous_14)","line":313,"loc":{"start":{"line":313,"column":19},"end":{"line":313,"column":33}}}},"statementMap":{"1":{"start":{"line":1,"column":0},"end":{"line":2,"column":42}},"2":{"start":{"line":8,"column":0},"end":{"line":10,"column":1}},"3":{"start":{"line":9,"column":4},"end":{"line":9,"column":43}},"4":{"start":{"line":16,"column":0},"end":{"line":25,"column":6}},"5":{"start":{"line":26,"column":0},"end":{"line":38,"column":1}},"6":{"start":{"line":31,"column":4},"end":{"line":31,"column":28}},"7":{"start":{"line":32,"column":4},"end":{"line":37,"column":34}},"8":{"start":{"line":33,"column":8},"end":{"line":33,"column":24}},"9":{"start":{"line":34,"column":8},"end":{"line":36,"column":66}},"10":{"start":{"line":43,"column":0},"end":{"line":59,"column":2}},"11":{"start":{"line":62,"column":0},"end":{"line":73,"column":1}},"12":{"start":{"line":63,"column":4},"end":{"line":63,"column":15}},"13":{"start":{"line":64,"column":4},"end":{"line":68,"column":5}},"14":{"start":{"line":65,"column":8},"end":{"line":65,"column":27}},"15":{"start":{"line":67,"column":8},"end":{"line":67,"column":22}},"16":{"start":{"line":69,"column":4},"end":{"line":69,"column":42}},"17":{"start":{"line":70,"column":4},"end":{"line":72,"column":6}},"18":{"start":{"line":71,"column":8},"end":{"line":71,"column":54}},"19":{"start":{"line":75,"column":0},"end":{"line":75,"column":65}},"20":{"start":{"line":78,"column":0},"end":{"line":78,"column":113}},"21":{"start":{"line":79,"column":0},"end":{"line":81,"column":1}},"22":{"start":{"line":80,"column":4},"end":{"line":80,"column":62}},"23":{"start":{"line":83,"column":0},"end":{"line":86,"column":47}},"24":{"start":{"line":87,"column":0},"end":{"line":90,"column":36}},"25":{"start":{"line":91,"column":0},"end":{"line":99,"column":1}},"26":{"start":{"line":92,"column":4},"end":{"line":97,"column":5}},"27":{"start":{"line":93,"column":8},"end":{"line":96,"column":39}},"28":{"start":{"line":98,"column":4},"end":{"line":98,"column":15}},"29":{"start":{"line":102,"column":0},"end":{"line":125,"column":1}},"30":{"start":{"line":103,"column":4},"end":{"line":105,"column":5}},"31":{"start":{"line":104,"column":8},"end":{"line":104,"column":51}},"32":{"start":{"line":106,"column":4},"end":{"line":106,"column":33}},"33":{"start":{"line":107,"column":4},"end":{"line":119,"column":5}},"34":{"start":{"line":108,"column":8},"end":{"line":110,"column":9}},"35":{"start":{"line":109,"column":12},"end":{"line":109,"column":72}},"36":{"start":{"line":112,"column":8},"end":{"line":112,"column":28}},"37":{"start":{"line":113,"column":8},"end":{"line":118,"column":9}},"38":{"start":{"line":114,"column":12},"end":{"line":114,"column":18}},"39":{"start":{"line":115,"column":14},"end":{"line":118,"column":9}},"40":{"start":{"line":116,"column":12},"end":{"line":116,"column":34}},"41":{"start":{"line":117,"column":12},"end":{"line":117,"column":18}},"42":{"start":{"line":120,"column":4},"end":{"line":124,"column":6}},"43":{"start":{"line":127,"column":0},"end":{"line":166,"column":1}},"44":{"start":{"line":128,"column":4},"end":{"line":130,"column":5}},"45":{"start":{"line":129,"column":8},"end":{"line":129,"column":51}},"46":{"start":{"line":131,"column":4},"end":{"line":133,"column":16}},"47":{"start":{"line":134,"column":4},"end":{"line":134,"column":28}},"48":{"start":{"line":135,"column":4},"end":{"line":158,"column":5}},"49":{"start":{"line":136,"column":8},"end":{"line":136,"column":25}},"50":{"start":{"line":137,"column":8},"end":{"line":139,"column":9}},"51":{"start":{"line":138,"column":12},"end":{"line":138,"column":73}},"52":{"start":{"line":140,"column":8},"end":{"line":140,"column":32}},"53":{"start":{"line":141,"column":8},"end":{"line":157,"column":9}},"54":{"start":{"line":142,"column":12},"end":{"line":142,"column":27}},"55":{"start":{"line":143,"column":12},"end":{"line":156,"column":13}},"56":{"start":{"line":144,"column":16},"end":{"line":144,"column":58}},"57":{"start":{"line":145,"column":16},"end":{"line":155,"column":17}},"58":{"start":{"line":146,"column":20},"end":{"line":146,"column":65}},"59":{"start":{"line":147,"column":20},"end":{"line":147,"column":48}},"60":{"start":{"line":148,"column":20},"end":{"line":154,"column":21}},"61":{"start":{"line":149,"column":24},"end":{"line":153,"column":25}},"62":{"start":{"line":150,"column":28},"end":{"line":152,"column":29}},"63":{"start":{"line":151,"column":32},"end":{"line":151,"column":73}},"64":{"start":{"line":161,"column":4},"end":{"line":162,"column":73}},"65":{"start":{"line":163,"column":4},"end":{"line":163,"column":75}},"66":{"start":{"line":165,"column":4},"end":{"line":165,"column":15}},"67":{"start":{"line":168,"column":0},"end":{"line":175,"column":1}},"68":{"start":{"line":169,"column":4},"end":{"line":169,"column":17}},"69":{"start":{"line":170,"column":4},"end":{"line":170,"column":42}},"70":{"start":{"line":171,"column":4},"end":{"line":171,"column":25}},"71":{"start":{"line":172,"column":4},"end":{"line":172,"column":22}},"72":{"start":{"line":173,"column":4},"end":{"line":173,"column":35}},"73":{"start":{"line":173,"column":12},"end":{"line":173,"column":35}},"74":{"start":{"line":173,"column":23},"end":{"line":173,"column":35}},"75":{"start":{"line":174,"column":4},"end":{"line":174,"column":15}},"76":{"start":{"line":190,"column":0},"end":{"line":317,"column":1}},"77":{"start":{"line":193,"column":4},"end":{"line":193,"column":29}},"78":{"start":{"line":194,"column":4},"end":{"line":194,"column":43}},"79":{"start":{"line":195,"column":4},"end":{"line":195,"column":32}},"80":{"start":{"line":196,"column":4},"end":{"line":196,"column":26}},"81":{"start":{"line":197,"column":4},"end":{"line":197,"column":28}},"82":{"start":{"line":198,"column":4},"end":{"line":198,"column":36}},"83":{"start":{"line":201,"column":4},"end":{"line":201,"column":66}},"84":{"start":{"line":202,"column":4},"end":{"line":208,"column":5}},"85":{"start":{"line":203,"column":8},"end":{"line":203,"column":58}},"86":{"start":{"line":204,"column":10},"end":{"line":208,"column":5}},"87":{"start":{"line":205,"column":8},"end":{"line":205,"column":49}},"88":{"start":{"line":206,"column":10},"end":{"line":208,"column":5}},"89":{"start":{"line":207,"column":8},"end":{"line":207,"column":131}},"90":{"start":{"line":210,"column":4},"end":{"line":210,"column":24}},"91":{"start":{"line":211,"column":4},"end":{"line":219,"column":5}},"92":{"start":{"line":212,"column":8},"end":{"line":212,"column":32}},"93":{"start":{"line":213,"column":8},"end":{"line":213,"column":46}},"94":{"start":{"line":214,"column":8},"end":{"line":214,"column":55}},"95":{"start":{"line":215,"column":8},"end":{"line":215,"column":36}},"96":{"start":{"line":217,"column":8},"end":{"line":217,"column":38}},"97":{"start":{"line":218,"column":8},"end":{"line":218,"column":18}},"98":{"start":{"line":220,"column":4},"end":{"line":220,"column":30}},"99":{"start":{"line":221,"column":4},"end":{"line":221,"column":63}},"100":{"start":{"line":222,"column":4},"end":{"line":222,"column":53}},"101":{"start":{"line":224,"column":4},"end":{"line":224,"column":80}},"102":{"start":{"line":226,"column":4},"end":{"line":226,"column":36}},"103":{"start":{"line":227,"column":4},"end":{"line":229,"column":39}},"104":{"start":{"line":230,"column":4},"end":{"line":230,"column":51}},"105":{"start":{"line":231,"column":4},"end":{"line":231,"column":34}},"106":{"start":{"line":232,"column":4},"end":{"line":232,"column":51}},"107":{"start":{"line":235,"column":4},"end":{"line":237,"column":6}},"108":{"start":{"line":238,"column":4},"end":{"line":243,"column":5}},"109":{"start":{"line":239,"column":8},"end":{"line":239,"column":14}},"110":{"start":{"line":240,"column":8},"end":{"line":242,"column":9}},"111":{"start":{"line":241,"column":12},"end":{"line":241,"column":35}},"112":{"start":{"line":246,"column":4},"end":{"line":297,"column":13}},"113":{"start":{"line":247,"column":8},"end":{"line":247,"column":29}},"114":{"start":{"line":248,"column":8},"end":{"line":248,"column":14}},"115":{"start":{"line":249,"column":8},"end":{"line":273,"column":9}},"116":{"start":{"line":250,"column":12},"end":{"line":269,"column":13}},"117":{"start":{"line":251,"column":16},"end":{"line":263,"column":17}},"118":{"start":{"line":253,"column":20},"end":{"line":253,"column":51}},"119":{"start":{"line":254,"column":20},"end":{"line":254,"column":53}},"120":{"start":{"line":255,"column":22},"end":{"line":263,"column":17}},"121":{"start":{"line":256,"column":20},"end":{"line":256,"column":29}},"122":{"start":{"line":257,"column":22},"end":{"line":263,"column":17}},"123":{"start":{"line":258,"column":20},"end":{"line":258,"column":29}},"124":{"start":{"line":259,"column":22},"end":{"line":263,"column":17}},"125":{"start":{"line":260,"column":20},"end":{"line":260,"column":42}},"126":{"start":{"line":262,"column":20},"end":{"line":262,"column":38}},"127":{"start":{"line":265,"column":16},"end":{"line":265,"column":30}},"128":{"start":{"line":268,"column":16},"end":{"line":268,"column":23}},"129":{"start":{"line":272,"column":12},"end":{"line":272,"column":26}},"130":{"start":{"line":275,"column":8},"end":{"line":275,"column":27}},"131":{"start":{"line":276,"column":8},"end":{"line":278,"column":9}},"132":{"start":{"line":277,"column":12},"end":{"line":277,"column":41}},"133":{"start":{"line":279,"column":8},"end":{"line":279,"column":58}},"134":{"start":{"line":280,"column":8},"end":{"line":280,"column":24}},"135":{"start":{"line":283,"column":8},"end":{"line":283,"column":26}},"136":{"start":{"line":286,"column":8},"end":{"line":286,"column":15}},"137":{"start":{"line":287,"column":8},"end":{"line":295,"column":9}},"138":{"start":{"line":289,"column":12},"end":{"line":294,"column":16}},"139":{"start":{"line":290,"column":16},"end":{"line":292,"column":73}},"140":{"start":{"line":293,"column":16},"end":{"line":293,"column":108}},"141":{"start":{"line":300,"column":4},"end":{"line":300,"column":16}},"142":{"start":{"line":313,"column":4},"end":{"line":315,"column":20}},"143":{"start":{"line":314,"column":8},"end":{"line":314,"column":40}},"144":{"start":{"line":320,"column":0},"end":{"line":320,"column":28}}},"branchMap":{"1":{"line":32,"type":"cond-expr","locations":[{"start":{"line":32,"column":36},"end":{"line":37,"column":12}},{"start":{"line":37,"column":15},"end":{"line":37,"column":33}}]},"2":{"line":34,"type":"cond-expr","locations":[{"start":{"line":35,"column":12},"end":{"line":35,"column":13}},{"start":{"line":36,"column":8},"end":{"line":36,"column":65}}]},"3":{"line":64,"type":"if","locations":[{"start":{"line":64,"column":4},"end":{"line":64,"column":4}},{"start":{"line":64,"column":4},"end":{"line":64,"column":4}}]},"4":{"line":67,"type":"binary-expr","locations":[{"start":{"line":67,"column":12},"end":{"line":67,"column":16}},{"start":{"line":67,"column":20},"end":{"line":67,"column":21}}]},"5":{"line":71,"type":"binary-expr","locations":[{"start":{"line":71,"column":15},"end":{"line":71,"column":33}},{"start":{"line":71,"column":37},"end":{"line":71,"column":53}}]},"6":{"line":80,"type":"binary-expr","locations":[{"start":{"line":80,"column":11},"end":{"line":80,"column":29}},{"start":{"line":80,"column":33},"end":{"line":80,"column":61}}]},"7":{"line":92,"type":"if","locations":[{"start":{"line":92,"column":4},"end":{"line":92,"column":4}},{"start":{"line":92,"column":4},"end":{"line":92,"column":4}}]},"8":{"line":103,"type":"if","locations":[{"start":{"line":103,"column":4},"end":{"line":103,"column":4}},{"start":{"line":103,"column":4},"end":{"line":103,"column":4}}]},"9":{"line":108,"type":"if","locations":[{"start":{"line":108,"column":8},"end":{"line":108,"column":8}},{"start":{"line":108,"column":8},"end":{"line":108,"column":8}}]},"10":{"line":108,"type":"binary-expr","locations":[{"start":{"line":108,"column":11},"end":{"line":108,"column":36}},{"start":{"line":108,"column":40},"end":{"line":108,"column":61}}]},"11":{"line":113,"type":"if","locations":[{"start":{"line":113,"column":8},"end":{"line":113,"column":8}},{"start":{"line":113,"column":8},"end":{"line":113,"column":8}}]},"12":{"line":115,"type":"if","locations":[{"start":{"line":115,"column":14},"end":{"line":115,"column":14}},{"start":{"line":115,"column":14},"end":{"line":115,"column":14}}]},"13":{"line":128,"type":"if","locations":[{"start":{"line":128,"column":4},"end":{"line":128,"column":4}},{"start":{"line":128,"column":4},"end":{"line":128,"column":4}}]},"14":{"line":137,"type":"if","locations":[{"start":{"line":137,"column":8},"end":{"line":137,"column":8}},{"start":{"line":137,"column":8},"end":{"line":137,"column":8}}]},"15":{"line":143,"type":"if","locations":[{"start":{"line":143,"column":12},"end":{"line":143,"column":12}},{"start":{"line":143,"column":12},"end":{"line":143,"column":12}}]},"16":{"line":143,"type":"binary-expr","locations":[{"start":{"line":143,"column":15},"end":{"line":143,"column":28}},{"start":{"line":143,"column":32},"end":{"line":143,"column":44}}]},"17":{"line":145,"type":"if","locations":[{"start":{"line":145,"column":16},"end":{"line":145,"column":16}},{"start":{"line":145,"column":16},"end":{"line":145,"column":16}}]},"18":{"line":149,"type":"if","locations":[{"start":{"line":149,"column":24},"end":{"line":149,"column":24}},{"start":{"line":149,"column":24},"end":{"line":149,"column":24}}]},"19":{"line":150,"type":"if","locations":[{"start":{"line":150,"column":28},"end":{"line":150,"column":28}},{"start":{"line":150,"column":28},"end":{"line":150,"column":28}}]},"20":{"line":150,"type":"binary-expr","locations":[{"start":{"line":150,"column":31},"end":{"line":150,"column":42}},{"start":{"line":150,"column":46},"end":{"line":150,"column":72}}]},"21":{"line":170,"type":"cond-expr","locations":[{"start":{"line":170,"column":31},"end":{"line":170,"column":35}},{"start":{"line":170,"column":38},"end":{"line":170,"column":41}}]},"22":{"line":171,"type":"binary-expr","locations":[{"start":{"line":171,"column":8},"end":{"line":171,"column":19}},{"start":{"line":171,"column":23},"end":{"line":171,"column":24}}]},"23":{"line":172,"type":"cond-expr","locations":[{"start":{"line":172,"column":16},"end":{"line":172,"column":17}},{"start":{"line":172,"column":20},"end":{"line":172,"column":21}}]},"24":{"line":173,"type":"if","locations":[{"start":{"line":173,"column":4},"end":{"line":173,"column":4}},{"start":{"line":173,"column":4},"end":{"line":173,"column":4}}]},"25":{"line":193,"type":"binary-expr","locations":[{"start":{"line":193,"column":15},"end":{"line":193,"column":22}},{"start":{"line":193,"column":26},"end":{"line":193,"column":28}}]},"26":{"line":201,"type":"binary-expr","locations":[{"start":{"line":201,"column":16},"end":{"line":201,"column":54}},{"start":{"line":201,"column":59},"end":{"line":201,"column":65}}]},"27":{"line":201,"type":"cond-expr","locations":[{"start":{"line":201,"column":42},"end":{"line":201,"column":50}},{"start":{"line":201,"column":53},"end":{"line":201,"column":54}}]},"28":{"line":202,"type":"if","locations":[{"start":{"line":202,"column":4},"end":{"line":202,"column":4}},{"start":{"line":202,"column":4},"end":{"line":202,"column":4}}]},"29":{"line":204,"type":"if","locations":[{"start":{"line":204,"column":10},"end":{"line":204,"column":10}},{"start":{"line":204,"column":10},"end":{"line":204,"column":10}}]},"30":{"line":206,"type":"if","locations":[{"start":{"line":206,"column":10},"end":{"line":206,"column":10}},{"start":{"line":206,"column":10},"end":{"line":206,"column":10}}]},"31":{"line":207,"type":"binary-expr","locations":[{"start":{"line":207,"column":15},"end":{"line":207,"column":118}},{"start":{"line":207,"column":122},"end":{"line":207,"column":130}}]},"32":{"line":207,"type":"cond-expr","locations":[{"start":{"line":207,"column":69},"end":{"line":207,"column":101}},{"start":{"line":207,"column":105},"end":{"line":207,"column":117}}]},"33":{"line":207,"type":"binary-expr","locations":[{"start":{"line":207,"column":69},"end":{"line":207,"column":87}},{"start":{"line":207,"column":89},"end":{"line":207,"column":101}}]},"34":{"line":211,"type":"if","locations":[{"start":{"line":211,"column":4},"end":{"line":211,"column":4}},{"start":{"line":211,"column":4},"end":{"line":211,"column":4}}]},"35":{"line":213,"type":"cond-expr","locations":[{"start":{"line":213,"column":36},"end":{"line":213,"column":37}},{"start":{"line":213,"column":40},"end":{"line":213,"column":45}}]},"36":{"line":214,"type":"cond-expr","locations":[{"start":{"line":214,"column":29},"end":{"line":214,"column":30}},{"start":{"line":214,"column":33},"end":{"line":214,"column":54}}]},"37":{"line":214,"type":"cond-expr","locations":[{"start":{"line":214,"column":45},"end":{"line":214,"column":46}},{"start":{"line":214,"column":49},"end":{"line":214,"column":54}}]},"38":{"line":217,"type":"binary-expr","locations":[{"start":{"line":217,"column":24},"end":{"line":217,"column":29}},{"start":{"line":217,"column":33},"end":{"line":217,"column":36}}]},"39":{"line":221,"type":"cond-expr","locations":[{"start":{"line":221,"column":35},"end":{"line":221,"column":52}},{"start":{"line":221,"column":56},"end":{"line":221,"column":62}}]},"40":{"line":221,"type":"cond-expr","locations":[{"start":{"line":221,"column":47},"end":{"line":221,"column":48}},{"start":{"line":221,"column":51},"end":{"line":221,"column":52}}]},"41":{"line":222,"type":"cond-expr","locations":[{"start":{"line":222,"column":25},"end":{"line":222,"column":26}},{"start":{"line":222,"column":29},"end":{"line":222,"column":52}}]},"42":{"line":222,"type":"cond-expr","locations":[{"start":{"line":222,"column":42},"end":{"line":222,"column":43}},{"start":{"line":222,"column":46},"end":{"line":222,"column":52}}]},"43":{"line":224,"type":"cond-expr","locations":[{"start":{"line":224,"column":58},"end":{"line":224,"column":62}},{"start":{"line":224,"column":65},"end":{"line":224,"column":79}}]},"44":{"line":238,"type":"if","locations":[{"start":{"line":238,"column":4},"end":{"line":238,"column":4}},{"start":{"line":238,"column":4},"end":{"line":238,"column":4}}]},"45":{"line":249,"type":"if","locations":[{"start":{"line":249,"column":8},"end":{"line":249,"column":8}},{"start":{"line":249,"column":8},"end":{"line":249,"column":8}}]},"46":{"line":250,"type":"if","locations":[{"start":{"line":250,"column":12},"end":{"line":250,"column":12}},{"start":{"line":250,"column":12},"end":{"line":250,"column":12}}]},"47":{"line":251,"type":"if","locations":[{"start":{"line":251,"column":16},"end":{"line":251,"column":16}},{"start":{"line":251,"column":16},"end":{"line":251,"column":16}}]},"48":{"line":254,"type":"binary-expr","locations":[{"start":{"line":254,"column":24},"end":{"line":254,"column":39}},{"start":{"line":254,"column":43},"end":{"line":254,"column":52}}]},"49":{"line":255,"type":"if","locations":[{"start":{"line":255,"column":22},"end":{"line":255,"column":22}},{"start":{"line":255,"column":22},"end":{"line":255,"column":22}}]},"50":{"line":257,"type":"if","locations":[{"start":{"line":257,"column":22},"end":{"line":257,"column":22}},{"start":{"line":257,"column":22},"end":{"line":257,"column":22}}]},"51":{"line":259,"type":"if","locations":[{"start":{"line":259,"column":22},"end":{"line":259,"column":22}},{"start":{"line":259,"column":22},"end":{"line":259,"column":22}}]},"52":{"line":277,"type":"cond-expr","locations":[{"start":{"line":277,"column":31},"end":{"line":277,"column":35}},{"start":{"line":277,"column":36},"end":{"line":277,"column":39}}]},"53":{"line":292,"type":"binary-expr","locations":[{"start":{"line":292,"column":46},"end":{"line":292,"column":52}},{"start":{"line":292,"column":56},"end":{"line":292,"column":72}}]},"54":{"line":293,"type":"cond-expr","locations":[{"start":{"line":293,"column":78},"end":{"line":293,"column":94}},{"start":{"line":293,"column":98},"end":{"line":293,"column":107}}]},"55":{"line":293,"type":"binary-expr","locations":[{"start":{"line":293,"column":23},"end":{"line":293,"column":47}},{"start":{"line":293,"column":51},"end":{"line":293,"column":74}}]},"56":{"line":293,"type":"cond-expr","locations":[{"start":{"line":293,"column":86},"end":{"line":293,"column":90}},{"start":{"line":293,"column":91},"end":{"line":293,"column":94}}]}}},"d:\\WF_Demos\\json-toy\\lib\\json-get-val-by-keypath.js":{"path":"d:\\WF_Demos\\json-toy\\lib\\json-get-val-by-keypath.js","s":{"1":1,"2":1,"3":14,"4":0,"5":14,"6":14,"7":14,"8":14,"9":39,"10":36,"11":36,"12":36,"13":3,"14":14,"15":1},"b":{"1":[0,14],"2":[14,14],"3":[12,2],"4":[36,3],"5":[3,33],"6":[30,3]},"f":{"1":14,"2":39},"fnMap":{"1":{"name":"getValByKey","line":19,"loc":{"start":{"line":19,"column":0},"end":{"line":19,"column":47}}},"2":{"name":"(anonymous_2)","line":30,"loc":{"start":{"line":30,"column":21},"end":{"line":30,"column":32}}}},"statementMap":{"1":{"start":{"line":1,"column":0},"end":{"line":1,"column":31}},"2":{"start":{"line":19,"column":0},"end":{"line":43,"column":1}},"3":{"start":{"line":21,"column":4},"end":{"line":23,"column":5}},"4":{"start":{"line":22,"column":8},"end":{"line":22,"column":80}},"5":{"start":{"line":24,"column":4},"end":{"line":24,"column":77}},"6":{"start":{"line":25,"column":4},"end":{"line":25,"column":17}},"7":{"start":{"line":26,"column":4},"end":{"line":26,"column":38}},"8":{"start":{"line":30,"column":4},"end":{"line":39,"column":7}},"9":{"start":{"line":32,"column":8},"end":{"line":38,"column":9}},"10":{"start":{"line":33,"column":12},"end":{"line":33,"column":41}},"11":{"start":{"line":34,"column":12},"end":{"line":34,"column":40}},"12":{"start":{"line":35,"column":12},"end":{"line":35,"column":79}},"13":{"start":{"line":37,"column":12},"end":{"line":37,"column":21}},"14":{"start":{"line":42,"column":4},"end":{"line":42,"column":13}},"15":{"start":{"line":45,"column":0},"end":{"line":45,"column":29}}},"branchMap":{"1":{"line":21,"type":"if","locations":[{"start":{"line":21,"column":4},"end":{"line":21,"column":4}},{"start":{"line":21,"column":4},"end":{"line":21,"column":4}}]},"2":{"line":21,"type":"binary-expr","locations":[{"start":{"line":21,"column":7},"end":{"line":21,"column":27}},{"start":{"line":21,"column":31},"end":{"line":21,"column":54}}]},"3":{"line":24,"type":"cond-expr","locations":[{"start":{"line":24,"column":56},"end":{"line":24,"column":60}},{"start":{"line":24,"column":63},"end":{"line":24,"column":76}}]},"4":{"line":32,"type":"if","locations":[{"start":{"line":32,"column":8},"end":{"line":32,"column":8}},{"start":{"line":32,"column":8},"end":{"line":32,"column":8}}]},"5":{"line":35,"type":"cond-expr","locations":[{"start":{"line":35,"column":31},"end":{"line":35,"column":35}},{"start":{"line":35,"column":39},"end":{"line":35,"column":77}}]},"6":{"line":35,"type":"cond-expr","locations":[{"start":{"line":35,"column":61},"end":{"line":35,"column":65}},{"start":{"line":35,"column":68},"end":{"line":35,"column":77}}]}}},"d:\\WF_Demos\\json-toy\\lib\\cli\\walk-dir.js":{"path":"d:\\WF_Demos\\json-toy\\lib\\cli\\walk-dir.js","s":{"1":1,"2":1,"3":1,"4":1,"5":1,"6":1,"7":1,"8":4,"9":4,"10":1,"11":3,"12":3,"13":1,"14":2,"15":2,"16":2,"17":2,"18":2,"19":2,"20":2,"21":1,"22":1,"23":1,"24":1,"25":1,"26":2,"27":2,"28":2,"29":2,"30":2,"31":2,"32":2,"33":2,"34":1,"35":1,"36":1,"37":1,"38":2,"39":1,"40":1,"41":1,"42":1,"43":2,"44":2,"45":2,"46":2,"47":2,"48":1,"49":4,"50":4,"51":4,"52":16,"53":16,"54":16,"55":16,"56":14,"57":14,"58":2,"59":2,"60":2,"61":2,"62":2,"63":2,"64":0,"65":0,"66":0,"67":2,"68":2,"69":1},"b":{"1":[1,0],"2":[4,0],"3":[1,3],"4":[1,2],"5":[2,0],"6":[2,2],"7":[1,1],"8":[1,0],"9":[1,0],"10":[1,1],"11":[1,1],"12":[1,1],"13":[2,2],"14":[2,0],"15":[2,0],"16":[0,2],"17":[0,2],"18":[2,0],"19":[0,0],"20":[2,0],"21":[0,0],"22":[1,1],"23":[1,0],"24":[0,1],"25":[0,1],"26":[1,1],"27":[1,0],"28":[0,1],"29":[0,1],"30":[4,0],"31":[4,0,0],"32":[16,0],"33":[16,0,0],"34":[14,2],"35":[14,0],"36":[14,14,14],"37":[2,0],"38":[2,0],"39":[2,2,2],"40":[0,0],"41":[0,0,0],"42":[0,2]},"f":{"1":4,"2":4,"3":16},"fnMap":{"1":{"name":"dir2Json","line":19,"loc":{"start":{"line":19,"column":0},"end":{"line":19,"column":36}}},"2":{"name":"travel","line":82,"loc":{"start":{"line":82,"column":4},"end":{"line":82,"column":41}}},"3":{"name":"(anonymous_3)","line":85,"loc":{"start":{"line":85,"column":25},"end":{"line":85,"column":41}}}},"statementMap":{"1":{"start":{"line":1,"column":0},"end":{"line":1,"column":27}},"2":{"start":{"line":2,"column":0},"end":{"line":2,"column":23}},"3":{"start":{"line":3,"column":0},"end":{"line":3,"column":32}},"4":{"start":{"line":4,"column":0},"end":{"line":4,"column":53}},"5":{"start":{"line":6,"column":0},"end":{"line":6,"column":78}},"6":{"start":{"line":7,"column":0},"end":{"line":7,"column":52}},"7":{"start":{"line":19,"column":0},"end":{"line":115,"column":1}},"8":{"start":{"line":21,"column":4},"end":{"line":21,"column":48}},"9":{"start":{"line":22,"column":4},"end":{"line":24,"column":5}},"10":{"start":{"line":23,"column":8},"end":{"line":23,"column":67}},"11":{"start":{"line":25,"column":4},"end":{"line":25,"column":45}},"12":{"start":{"line":26,"column":4},"end":{"line":28,"column":5}},"13":{"start":{"line":27,"column":8},"end":{"line":27,"column":33}},"14":{"start":{"line":31,"column":4},"end":{"line":31,"column":28}},"15":{"start":{"line":32,"column":4},"end":{"line":32,"column":34}},"16":{"start":{"line":33,"column":4},"end":{"line":33,"column":36}},"17":{"start":{"line":34,"column":4},"end":{"line":34,"column":36}},"18":{"start":{"line":35,"column":4},"end":{"line":35,"column":46}},"19":{"start":{"line":36,"column":4},"end":{"line":36,"column":29}},"20":{"start":{"line":38,"column":4},"end":{"line":50,"column":5}},"21":{"start":{"line":39,"column":8},"end":{"line":44,"column":9}},"22":{"start":{"line":46,"column":8},"end":{"line":46,"column":62}},"23":{"start":{"line":47,"column":8},"end":{"line":47,"column":59}},"24":{"start":{"line":48,"column":8},"end":{"line":48,"column":67}},"25":{"start":{"line":49,"column":8},"end":{"line":49,"column":63}},"26":{"start":{"line":51,"column":4},"end":{"line":51,"column":44}},"27":{"start":{"line":52,"column":4},"end":{"line":52,"column":43}},"28":{"start":{"line":53,"column":4},"end":{"line":53,"column":47}},"29":{"start":{"line":54,"column":4},"end":{"line":54,"column":46}},"30":{"start":{"line":55,"column":4},"end":{"line":55,"column":131}},"31":{"start":{"line":56,"column":4},"end":{"line":56,"column":121}},"32":{"start":{"line":57,"column":4},"end":{"line":57,"column":116}},"33":{"start":{"line":59,"column":4},"end":{"line":65,"column":5}},"34":{"start":{"line":60,"column":8},"end":{"line":60,"column":47}},"35":{"start":{"line":62,"column":8},"end":{"line":62,"column":34}},"36":{"start":{"line":63,"column":8},"end":{"line":63,"column":74}},"37":{"start":{"line":64,"column":8},"end":{"line":64,"column":89}},"38":{"start":{"line":67,"column":4},"end":{"line":73,"column":5}},"39":{"start":{"line":68,"column":8},"end":{"line":68,"column":47}},"40":{"start":{"line":70,"column":8},"end":{"line":70,"column":34}},"41":{"start":{"line":71,"column":8},"end":{"line":71,"column":74}},"42":{"start":{"line":72,"column":8},"end":{"line":72,"column":89}},"43":{"start":{"line":74,"column":4},"end":{"line":74,"column":29}},"44":{"start":{"line":75,"column":4},"end":{"line":75,"column":34}},"45":{"start":{"line":76,"column":4},"end":{"line":76,"column":29}},"46":{"start":{"line":77,"column":4},"end":{"line":77,"column":34}},"47":{"start":{"line":80,"column":4},"end":{"line":80,"column":18}},"48":{"start":{"line":82,"column":4},"end":{"line":112,"column":5}},"49":{"start":{"line":83,"column":8},"end":{"line":111,"column":9}},"50":{"start":{"line":84,"column":12},"end":{"line":84,"column":47}},"51":{"start":{"line":85,"column":12},"end":{"line":110,"column":15}},"52":{"start":{"line":86,"column":16},"end":{"line":86,"column":54}},"53":{"start":{"line":87,"column":16},"end":{"line":87,"column":48}},"54":{"start":{"line":89,"column":16},"end":{"line":109,"column":17}},"55":{"start":{"line":90,"column":20},"end":{"line":108,"column":21}},"56":{"start":{"line":91,"column":24},"end":{"line":93,"column":25}},"57":{"start":{"line":92,"column":28},"end":{"line":92,"column":61}},"58":{"start":{"line":94,"column":26},"end":{"line":108,"column":21}},"59":{"start":{"line":95,"column":24},"end":{"line":95,"column":38}},"60":{"start":{"line":96,"column":24},"end":{"line":105,"column":25}},"61":{"start":{"line":97,"column":28},"end":{"line":97,"column":59}},"62":{"start":{"line":98,"column":28},"end":{"line":98,"column":48}},"63":{"start":{"line":99,"column":28},"end":{"line":99,"column":71}},"64":{"start":{"line":101,"column":28},"end":{"line":104,"column":29}},"65":{"start":{"line":102,"column":32},"end":{"line":102,"column":80}},"66":{"start":{"line":103,"column":32},"end":{"line":103,"column":52}},"67":{"start":{"line":113,"column":4},"end":{"line":113,"column":28}},"68":{"start":{"line":114,"column":4},"end":{"line":114,"column":35}},"69":{"start":{"line":117,"column":0},"end":{"line":117,"column":26}}},"branchMap":{"1":{"line":4,"type":"binary-expr","locations":[{"start":{"line":4,"column":20},"end":{"line":4,"column":33}},{"start":{"line":4,"column":37},"end":{"line":4,"column":52}}]},"2":{"line":21,"type":"binary-expr","locations":[{"start":{"line":21,"column":15},"end":{"line":21,"column":39}},{"start":{"line":21,"column":43},"end":{"line":21,"column":47}}]},"3":{"line":22,"type":"if","locations":[{"start":{"line":22,"column":4},"end":{"line":22,"column":4}},{"start":{"line":22,"column":4},"end":{"line":22,"column":4}}]},"4":{"line":26,"type":"if","locations":[{"start":{"line":26,"column":4},"end":{"line":26,"column":4}},{"start":{"line":26,"column":4},"end":{"line":26,"column":4}}]},"5":{"line":31,"type":"binary-expr","locations":[{"start":{"line":31,"column":14},"end":{"line":31,"column":21}},{"start":{"line":31,"column":25},"end":{"line":31,"column":27}}]},"6":{"line":36,"type":"binary-expr","locations":[{"start":{"line":36,"column":15},"end":{"line":36,"column":23}},{"start":{"line":36,"column":27},"end":{"line":36,"column":28}}]},"7":{"line":38,"type":"if","locations":[{"start":{"line":38,"column":4},"end":{"line":38,"column":4}},{"start":{"line":38,"column":4},"end":{"line":38,"column":4}}]},"8":{"line":46,"type":"cond-expr","locations":[{"start":{"line":46,"column":44},"end":{"line":46,"column":55}},{"start":{"line":46,"column":59},"end":{"line":46,"column":61}}]},"9":{"line":46,"type":"binary-expr","locations":[{"start":{"line":46,"column":44},"end":{"line":46,"column":51}},{"start":{"line":46,"column":53},"end":{"line":46,"column":55}}]},"10":{"line":47,"type":"binary-expr","locations":[{"start":{"line":47,"column":24},"end":{"line":47,"column":36}},{"start":{"line":47,"column":40},"end":{"line":47,"column":58}}]},"11":{"line":48,"type":"binary-expr","locations":[{"start":{"line":48,"column":28},"end":{"line":48,"column":45}},{"start":{"line":48,"column":49},"end":{"line":48,"column":66}}]},"12":{"line":49,"type":"binary-expr","locations":[{"start":{"line":49,"column":32},"end":{"line":49,"column":53}},{"start":{"line":49,"column":57},"end":{"line":49,"column":62}}]},"13":{"line":51,"type":"binary-expr","locations":[{"start":{"line":51,"column":23},"end":{"line":51,"column":34}},{"start":{"line":51,"column":38},"end":{"line":51,"column":43}}]},"14":{"line":52,"type":"binary-expr","locations":[{"start":{"line":52,"column":21},"end":{"line":52,"column":33}},{"start":{"line":52,"column":37},"end":{"line":52,"column":42}}]},"15":{"line":53,"type":"binary-expr","locations":[{"start":{"line":53,"column":20},"end":{"line":53,"column":37}},{"start":{"line":53,"column":41},"end":{"line":53,"column":46}}]},"16":{"line":55,"type":"cond-expr","locations":[{"start":{"line":55,"column":49},"end":{"line":55,"column":61}},{"start":{"line":55,"column":64},"end":{"line":55,"column":130}}]},"17":{"line":55,"type":"cond-expr","locations":[{"start":{"line":55,"column":94},"end":{"line":55,"column":122}},{"start":{"line":55,"column":125},"end":{"line":55,"column":130}}]},"18":{"line":56,"type":"cond-expr","locations":[{"start":{"line":56,"column":45},"end":{"line":56,"column":55}},{"start":{"line":56,"column":58},"end":{"line":56,"column":120}}]},"19":{"line":56,"type":"cond-expr","locations":[{"start":{"line":56,"column":86},"end":{"line":56,"column":112}},{"start":{"line":56,"column":115},"end":{"line":56,"column":120}}]},"20":{"line":57,"type":"cond-expr","locations":[{"start":{"line":57,"column":43},"end":{"line":57,"column":52}},{"start":{"line":57,"column":55},"end":{"line":57,"column":115}}]},"21":{"line":57,"type":"cond-expr","locations":[{"start":{"line":57,"column":82},"end":{"line":57,"column":107}},{"start":{"line":57,"column":110},"end":{"line":57,"column":115}}]},"22":{"line":59,"type":"if","locations":[{"start":{"line":59,"column":4},"end":{"line":59,"column":4}},{"start":{"line":59,"column":4},"end":{"line":59,"column":4}}]},"23":{"line":62,"type":"binary-expr","locations":[{"start":{"line":62,"column":19},"end":{"line":62,"column":27}},{"start":{"line":62,"column":31},"end":{"line":62,"column":33}}]},"24":{"line":63,"type":"cond-expr","locations":[{"start":{"line":63,"column":55},"end":{"line":63,"column":68}},{"start":{"line":63,"column":71},"end":{"line":63,"column":73}}]},"25":{"line":64,"type":"cond-expr","locations":[{"start":{"line":64,"column":65},"end":{"line":64,"column":83}},{"start":{"line":64,"column":86},"end":{"line":64,"column":88}}]},"26":{"line":67,"type":"if","locations":[{"start":{"line":67,"column":4},"end":{"line":67,"column":4}},{"start":{"line":67,"column":4},"end":{"line":67,"column":4}}]},"27":{"line":70,"type":"binary-expr","locations":[{"start":{"line":70,"column":19},"end":{"line":70,"column":27}},{"start":{"line":70,"column":31},"end":{"line":70,"column":33}}]},"28":{"line":71,"type":"cond-expr","locations":[{"start":{"line":71,"column":55},"end":{"line":71,"column":68}},{"start":{"line":71,"column":71},"end":{"line":71,"column":73}}]},"29":{"line":72,"type":"cond-expr","locations":[{"start":{"line":72,"column":65},"end":{"line":72,"column":83}},{"start":{"line":72,"column":86},"end":{"line":72,"column":88}}]},"30":{"line":83,"type":"if","locations":[{"start":{"line":83,"column":8},"end":{"line":83,"column":8}},{"start":{"line":83,"column":8},"end":{"line":83,"column":8}}]},"31":{"line":83,"type":"binary-expr","locations":[{"start":{"line":83,"column":11},"end":{"line":83,"column":20}},{"start":{"line":83,"column":25},"end":{"line":83,"column":33}},{"start":{"line":83,"column":37},"end":{"line":83,"column":55}}]},"32":{"line":89,"type":"if","locations":[{"start":{"line":89,"column":16},"end":{"line":89,"column":16}},{"start":{"line":89,"column":16},"end":{"line":89,"column":16}}]},"33":{"line":89,"type":"binary-expr","locations":[{"start":{"line":89,"column":19},"end":{"line":89,"column":32}},{"start":{"line":89,"column":37},"end":{"line":89,"column":51}},{"start":{"line":89,"column":55},"end":{"line":89,"column":80}}]},"34":{"line":90,"type":"if","locations":[{"start":{"line":90,"column":20},"end":{"line":90,"column":20}},{"start":{"line":90,"column":20},"end":{"line":90,"column":20}}]},"35":{"line":91,"type":"if","locations":[{"start":{"line":91,"column":24},"end":{"line":91,"column":24}},{"start":{"line":91,"column":24},"end":{"line":91,"column":24}}]},"36":{"line":91,"type":"binary-expr","locations":[{"start":{"line":91,"column":27},"end":{"line":91,"column":38}},{"start":{"line":91,"column":43},"end":{"line":91,"column":55}},{"start":{"line":91,"column":59},"end":{"line":91,"column":82}}]},"37":{"line":94,"type":"if","locations":[{"start":{"line":94,"column":26},"end":{"line":94,"column":26}},{"start":{"line":94,"column":26},"end":{"line":94,"column":26}}]},"38":{"line":96,"type":"if","locations":[{"start":{"line":96,"column":24},"end":{"line":96,"column":24}},{"start":{"line":96,"column":24},"end":{"line":96,"column":24}}]},"39":{"line":96,"type":"binary-expr","locations":[{"start":{"line":96,"column":27},"end":{"line":96,"column":37}},{"start":{"line":96,"column":42},"end":{"line":96,"column":53}},{"start":{"line":96,"column":57},"end":{"line":96,"column":79}}]},"40":{"line":101,"type":"if","locations":[{"start":{"line":101,"column":28},"end":{"line":101,"column":28}},{"start":{"line":101,"column":28},"end":{"line":101,"column":28}}]},"41":{"line":101,"type":"binary-expr","locations":[{"start":{"line":101,"column":31},"end":{"line":101,"column":42}},{"start":{"line":101,"column":46},"end":{"line":101,"column":67}},{"start":{"line":101,"column":71},"end":{"line":101,"column":84}}]},"42":{"line":114,"type":"cond-expr","locations":[{"start":{"line":114,"column":23},"end":{"line":114,"column":27}},{"start":{"line":114,"column":30},"end":{"line":114,"column":34}}]}}}}