TN:
SF:/Users/hzwangfei3/Documents/gitrepos/froguard/github/json-toy/lib/type-of.js
FN:14,_typeString
FN:28,_getType
FN:47,_isTypeOf
FN:49,(anonymous_4)
FN:66,(anonymous_5)
FN:75,isArray
FN:79,isDate
FN:82,isRegExp
FN:85,isError
FN:88,isSyntaxError
FN:91,isTypeError
FN:94,isRangeError
FN:107,isObject
FN:110,isFunction
FN:113,isNull
FN:116,isUndefined
FN:119,isNill
FN:124,isBoolean
FN:127,isString
FN:130,isChar
FN:133,isNumber
FN:140,isNaN
FN:143,isRealNumber
FN:147,isPrimitive
FN:151,isSpreadable
FN:164,_isJSON
FN:167,(anonymous_27)
FN:170,(anonymous_28)
FN:178,isJSON
FN:182,(anonymous_30)
FN:199,(anonymous_31)
FN:208,(anonymous_32)
FN:219,(anonymous_33)
FN:223,(anonymous_34)
FN:227,(anonymous_35)
FN:231,(anonymous_36)
FN:253,_instOf
FNF:37
FNH:37
FNDA:2661,_typeString
FNDA:2667,_getType
FNDA:42,_isTypeOf
FNDA:2550,(anonymous_4)
FNDA:26,(anonymous_5)
FNDA:2523,isArray
FNDA:1,isDate
FNDA:25,isRegExp
FNDA:1,isError
FNDA:1,isSyntaxError
FNDA:1,isTypeError
FNDA:1,isRangeError
FNDA:1862,isObject
FNDA:1777,isFunction
FNDA:17,isNull
FNDA:504,isUndefined
FNDA:1769,isNill
FNDA:13,isBoolean
FNDA:1157,isString
FNDA:3,isChar
FNDA:12,isNumber
FNDA:25,isNaN
FNDA:3,isRealNumber
FNDA:13,isPrimitive
FNDA:1769,isSpreadable
FNDA:11,_isJSON
FNDA:3,(anonymous_27)
FNDA:1,(anonymous_28)
FNDA:7,isJSON
FNDA:29,(anonymous_30)
FNDA:24,(anonymous_31)
FNDA:17,(anonymous_32)
FNDA:2,(anonymous_33)
FNDA:2,(anonymous_34)
FNDA:2,(anonymous_35)
FNDA:2,(anonymous_36)
FNDA:82,_instOf
DA:14,1
DA:15,2661
DA:28,1
DA:29,2667
DA:30,6
DA:32,2661
DA:34,2661
DA:35,2661
DA:36,2483
DA:38,2661
DA:47,1
DA:48,42
DA:49,42
DA:50,2550
DA:59,2
DA:60,2
DA:67,26
DA:69,2
DA:70,2
DA:71,2
DA:72,2
DA:73,2
DA:74,2
DA:75,1
DA:76,2523
DA:79,1
DA:80,1
DA:82,1
DA:83,25
DA:85,1
DA:86,1
DA:88,1
DA:89,1
DA:91,1
DA:92,1
DA:94,1
DA:95,1
DA:107,1
DA:108,1862
DA:110,1
DA:111,1777
DA:113,1
DA:114,17
DA:116,1
DA:117,504
DA:119,1
DA:120,1769
DA:124,1
DA:125,13
DA:127,1
DA:128,1157
DA:130,1
DA:131,3
DA:133,1
DA:134,12
DA:135,12
DA:136,1
DA:138,12
DA:140,1
DA:141,25
DA:143,1
DA:144,3
DA:147,1
DA:148,13
DA:151,1
DA:152,1769
DA:153,23
DA:154,1745
DA:155,1647
DA:156,1644
DA:157,1644
DA:161,101
DA:164,1
DA:165,11
DA:166,11
DA:168,3
DA:171,1
DA:172,1
DA:178,1
DA:179,7
DA:182,2
DA:183,29
DA:184,3
DA:186,26
DA:187,26
DA:188,16
DA:189,15
DA:190,15
DA:193,1
DA:196,10
DA:199,2
DA:200,24
DA:208,2
DA:209,17
DA:210,1
DA:211,16
DA:212,8
DA:215,8
DA:219,2
DA:220,2
DA:223,2
DA:224,2
DA:227,2
DA:228,2
DA:231,2
DA:232,2
DA:253,1
DA:255,82
DA:257,82
DA:258,82
DA:259,36
DA:260,36
DA:261,36
DA:262,36
DA:264,82
DA:268,2
LF:116
LH:116
BRDA:29,1,0,6
BRDA:29,1,1,2661
BRDA:29,2,0,2667
BRDA:29,2,1,2663
BRDA:30,3,0,2
BRDA:30,3,1,4
BRDA:35,4,0,2483
BRDA:35,4,1,178
BRDA:35,5,0,2661
BRDA:35,5,1,2660
BRDA:35,5,2,182
BRDA:36,6,0,2483
BRDA:36,6,1,0
BRDA:36,7,0,2483
BRDA:36,7,1,2483
BRDA:48,8,0,42
BRDA:48,8,1,0
BRDA:48,9,0,42
BRDA:48,9,1,0
BRDA:76,10,0,2523
BRDA:76,10,1,1752
BRDA:76,10,2,1752
BRDA:80,11,0,1
BRDA:80,11,1,0
BRDA:83,12,0,25
BRDA:83,12,1,6
BRDA:86,13,0,1
BRDA:86,13,1,0
BRDA:89,14,0,1
BRDA:89,14,1,0
BRDA:92,15,0,1
BRDA:92,15,1,0
BRDA:95,16,0,1
BRDA:95,16,1,0
BRDA:108,17,0,1862
BRDA:108,17,1,129
BRDA:108,17,2,1739
BRDA:111,18,0,1777
BRDA:111,18,1,1766
BRDA:120,19,0,1769
BRDA:120,19,1,1766
BRDA:125,20,0,13
BRDA:125,20,1,12
BRDA:125,20,2,11
BRDA:128,21,0,1157
BRDA:128,21,1,28
BRDA:131,22,0,3
BRDA:131,22,1,3
BRDA:134,23,0,10
BRDA:134,23,1,2
BRDA:135,24,0,1
BRDA:135,24,1,11
BRDA:135,25,0,12
BRDA:135,25,1,11
BRDA:138,26,0,12
BRDA:138,26,1,1
BRDA:144,27,0,3
BRDA:144,27,1,2
BRDA:148,28,0,13
BRDA:148,28,1,7
BRDA:152,29,0,23
BRDA:152,29,1,1745
BRDA:154,30,0,1647
BRDA:154,30,1,98
BRDA:154,31,0,1745
BRDA:154,31,1,98
BRDA:156,32,0,1644
BRDA:156,32,1,0
BRDA:165,33,0,11
BRDA:165,33,1,7
BRDA:166,34,0,11
BRDA:166,34,1,5
BRDA:166,34,2,2
BRDA:166,34,3,3
BRDA:166,34,4,2
BRDA:172,35,0,1
BRDA:172,35,1,0
BRDA:172,35,2,1
BRDA:172,35,3,1
BRDA:172,35,4,1
BRDA:183,36,0,3
BRDA:183,36,1,26
BRDA:183,37,0,29
BRDA:183,37,1,3
BRDA:186,38,0,26
BRDA:186,38,1,4
BRDA:188,39,0,15
BRDA:188,39,1,1
BRDA:189,40,0,15
BRDA:189,40,1,0
BRDA:209,41,0,1
BRDA:209,41,1,16
BRDA:211,42,0,8
BRDA:211,42,1,8
BRDA:212,43,0,8
BRDA:212,43,1,8
BRDA:220,44,0,2
BRDA:220,44,1,2
BRDA:220,44,2,2
BRDA:224,45,0,2
BRDA:224,45,1,2
BRDA:224,45,2,2
BRDA:228,46,0,2
BRDA:228,46,1,2
BRDA:228,46,2,2
BRDA:232,47,0,2
BRDA:232,47,1,2
BRDA:232,47,2,2
BRDA:258,48,0,36
BRDA:258,48,1,46
BRDA:258,49,0,82
BRDA:258,49,1,55
BRDA:258,49,2,49
BRDA:259,50,0,36
BRDA:259,50,1,36
BRDA:260,51,0,36
BRDA:260,51,1,36
BRDA:261,52,0,36
BRDA:261,52,1,7
BRDA:262,53,0,36
BRDA:262,53,1,29
BRF:121
BRH:110
end_of_record
TN:
SF:/Users/hzwangfei3/Documents/gitrepos/froguard/github/json-toy/lib/json-travel.js
FN:10,travelJson
FN:21,travel
FN:37,(anonymous_3)
FNF:3
FNH:3
FNDA:18,travelJson
FNDA:1672,travel
FNDA:1751,(anonymous_3)
DA:1,1
DA:10,1
DA:11,18
DA:13,17
DA:14,17
DA:15,17
DA:17,17
DA:18,17
DA:19,17
DA:21,1
DA:22,1672
DA:24,1672
DA:25,73
DA:26,73
DA:27,0
DA:28,0
DA:30,73
DA:31,73
DA:35,1672
DA:36,1672
DA:37,1672
DA:38,1751
DA:39,1751
DA:41,1751
DA:42,1751
DA:44,1751
DA:46,1751
DA:47,1751
DA:49,1751
DA:50,152
DA:51,152
DA:52,14
DA:53,14
DA:55,138
DA:56,138
DA:60,1751
DA:62,1750
DA:64,1750
DA:65,1655
DA:71,17
DA:72,17
DA:74,1
DA:75,1
DA:77,1
DA:79,0
DA:81,16
DA:84,1
LF:47
LH:44
BRDA:11,1,0,1
BRDA:11,1,1,17
BRDA:13,2,0,13
BRDA:13,2,1,4
BRDA:19,3,0,17
BRDA:19,3,1,7
BRDA:19,4,0,10
BRDA:19,4,1,7
BRDA:22,5,0,1672
BRDA:22,5,1,0
BRDA:24,6,0,73
BRDA:24,6,1,1599
BRDA:26,7,0,0
BRDA:26,7,1,73
BRDA:49,8,0,152
BRDA:49,8,1,1599
BRDA:51,9,0,14
BRDA:51,9,1,138
BRDA:60,10,0,1751
BRDA:60,10,1,1655
BRDA:62,11,0,1750
BRDA:62,11,1,101
BRDA:64,12,0,1655
BRDA:64,12,1,95
BRDA:72,13,0,17
BRDA:72,13,1,0
BRF:26
BRH:23
end_of_record
TN:
SF:/Users/hzwangfei3/Documents/gitrepos/froguard/github/json-toy/lib/json-check-circular.js
FN:7,checkCircular
FN:10,(anonymous_2)
FNF:2
FNH:2
FNDA:3,checkCircular
FNDA:28,(anonymous_2)
DA:1,1
DA:7,1
DA:8,3
DA:9,3
DA:10,3
DA:11,28
DA:12,4
DA:13,4
DA:21,3
DA:28,1
LF:10
LH:10
BRDA:11,1,0,4
BRDA:11,1,1,24
BRF:2
BRH:2
end_of_record
TN:
SF:/Users/hzwangfei3/Documents/gitrepos/froguard/github/json-toy/lib/json-treeify.js
FN:9,trimRight
FN:27,escapeString
FN:33,(anonymous_3)
FN:63,_isStartWith
FN:71,(anonymous_5)
FN:81,replaceTreeLinkChar
FN:87,checkNextSibling
FN:112,fixArr
FN:153,repeatChar
FN:176,treeString
FN:233,(anonymous_11)
FN:276,(anonymous_12)
FN:300,(anonymous_13)
FNF:13
FNH:13
FNDA:154,trimRight
FNDA:85,escapeString
FNDA:5,(anonymous_3)
FNDA:1,_isStartWith
FNDA:1082,(anonymous_5)
FNDA:14,replaceTreeLinkChar
FNDA:77,checkNextSibling
FNDA:7,fixArr
FNDA:14,repeatChar
FNDA:13,treeString
FNDA:70,(anonymous_11)
FNDA:324,(anonymous_12)
FNDA:154,(anonymous_13)
DA:1,1
DA:2,1
DA:9,1
DA:10,154
DA:17,1
DA:27,1
DA:32,85
DA:33,85
DA:34,5
DA:35,5
DA:44,1
DA:63,1
DA:64,1
DA:65,1
DA:66,1
DA:68,0
DA:70,1
DA:71,1
DA:72,1082
DA:76,1
DA:79,1
DA:81,1
DA:82,14
DA:83,14
DA:87,1
DA:88,77
DA:89,0
DA:91,77
DA:92,77
DA:93,504
DA:94,0
DA:97,504
DA:98,504
DA:99,21
DA:100,483
DA:101,35
DA:102,35
DA:105,77
DA:112,1
DA:113,7
DA:114,0
DA:116,7
DA:119,7
DA:120,7
DA:121,154
DA:122,154
DA:123,0
DA:125,154
DA:126,154
DA:127,676
DA:128,676
DA:129,77
DA:130,77
DA:131,42
DA:132,42
DA:133,42
DA:134,301
DA:135,301
DA:136,298
DA:146,7
DA:148,7
DA:150,7
DA:153,1
DA:154,14
DA:155,14
DA:156,14
DA:157,14
DA:158,14
DA:159,14
DA:176,1
DA:179,13
DA:180,13
DA:181,13
DA:182,13
DA:183,13
DA:184,13
DA:185,13
DA:188,13
DA:189,13
DA:190,2
DA:191,11
DA:192,2
DA:193,9
DA:194,2
DA:197,7
DA:198,7
DA:199,7
DA:200,7
DA:201,7
DA:202,7
DA:204,0
DA:205,0
DA:207,7
DA:208,7
DA:209,7
DA:211,7
DA:213,7
DA:214,7
DA:217,7
DA:218,7
DA:219,7
DA:222,7
DA:225,7
DA:226,7
DA:227,7
DA:228,7
DA:233,7
DA:234,70
DA:235,70
DA:236,70
DA:237,42
DA:238,42
DA:240,14
DA:241,14
DA:242,28
DA:243,1
DA:244,27
DA:245,1
DA:246,26
DA:247,0
DA:249,26
DA:252,42
DA:255,0
DA:259,28
DA:262,70
DA:263,70
DA:264,184
DA:266,70
DA:267,70
DA:270,70
DA:273,70
DA:274,70
DA:276,70
DA:277,324
DA:280,324
DA:287,7
DA:300,7
DA:301,154
DA:307,1
LF:139
LH:130
BRDA:33,1,0,1
BRDA:33,1,1,84
BRDA:35,2,0,5
BRDA:35,2,1,0
BRDA:65,3,0,1
BRDA:65,3,1,0
BRDA:68,4,0,0
BRDA:68,4,1,0
BRDA:72,5,0,1082
BRDA:72,5,1,1082
BRDA:82,6,0,14
BRDA:82,6,1,14
BRDA:83,7,0,6
BRDA:83,7,1,8
BRDA:83,8,0,14
BRDA:83,8,1,6
BRDA:88,9,0,0
BRDA:88,9,1,77
BRDA:93,10,0,0
BRDA:93,10,1,504
BRDA:93,11,0,504
BRDA:93,11,1,504
BRDA:98,12,0,21
BRDA:98,12,1,483
BRDA:100,13,0,35
BRDA:100,13,1,448
BRDA:113,14,0,0
BRDA:113,14,1,7
BRDA:122,15,0,0
BRDA:122,15,1,154
BRDA:128,16,0,77
BRDA:128,16,1,599
BRDA:128,17,0,676
BRDA:128,17,1,599
BRDA:130,18,0,42
BRDA:130,18,1,35
BRDA:134,19,0,301
BRDA:134,19,1,0
BRDA:135,20,0,298
BRDA:135,20,1,3
BRDA:135,21,0,301
BRDA:135,21,1,301
BRDA:156,22,0,14
BRDA:156,22,1,0
BRDA:157,23,0,14
BRDA:157,23,1,0
BRDA:158,24,0,14
BRDA:158,24,1,0
BRDA:179,25,0,13
BRDA:179,25,1,9
BRDA:185,26,0,13
BRDA:185,26,1,13
BRDA:188,27,0,13
BRDA:188,27,1,9
BRDA:188,28,0,4
BRDA:188,28,1,9
BRDA:189,29,0,2
BRDA:189,29,1,11
BRDA:191,30,0,2
BRDA:191,30,1,9
BRDA:193,31,0,2
BRDA:193,31,1,7
BRDA:194,32,0,2
BRDA:194,32,1,0
BRDA:194,33,0,1
BRDA:194,33,1,1
BRDA:194,34,0,1
BRDA:194,34,1,0
BRDA:198,35,0,7
BRDA:198,35,1,0
BRDA:200,36,0,3
BRDA:200,36,1,4
BRDA:201,37,0,0
BRDA:201,37,1,7
BRDA:201,38,0,0
BRDA:201,38,1,7
BRDA:204,39,0,0
BRDA:204,39,1,0
BRDA:208,40,0,3
BRDA:208,40,1,4
BRDA:208,41,0,0
BRDA:208,41,1,3
BRDA:209,42,0,0
BRDA:209,42,1,7
BRDA:209,43,0,0
BRDA:209,43,1,7
BRDA:211,44,0,3
BRDA:211,44,1,4
BRDA:225,45,0,7
BRDA:225,45,1,0
BRDA:236,46,0,42
BRDA:236,46,1,28
BRDA:237,47,0,42
BRDA:237,47,1,0
BRDA:238,48,0,14
BRDA:238,48,1,28
BRDA:241,49,0,14
BRDA:241,49,1,0
BRDA:242,50,0,1
BRDA:242,50,1,27
BRDA:244,51,0,1
BRDA:244,51,1,26
BRDA:246,52,0,0
BRDA:246,52,1,26
BRDA:264,53,0,70
BRDA:264,53,1,114
BRDA:279,54,0,324
BRDA:279,54,1,70
BRDA:280,55,0,282
BRDA:280,55,1,42
BRDA:280,56,0,324
BRDA:280,56,1,70
BRDA:280,57,0,70
BRDA:280,57,1,212
BRDA:302,58,0,0
BRDA:302,58,1,7
BRF:116
BRH:89
end_of_record
TN:
SF:/Users/hzwangfei3/Documents/gitrepos/froguard/github/json-toy/lib/json-get-val-by-keypath.js
FN:19,getValByKey
FN:30,(anonymous_2)
FNF:2
FNH:2
FNDA:15,getValByKey
FNDA:39,(anonymous_2)
DA:1,1
DA:19,1
DA:21,15
DA:22,1
DA:24,14
DA:25,14
DA:26,14
DA:30,14
DA:32,39
DA:33,36
DA:34,36
DA:35,36
DA:37,3
DA:42,14
DA:45,1
LF:15
LH:15
BRDA:21,1,0,1
BRDA:21,1,1,14
BRDA:21,2,0,15
BRDA:21,2,1,14
BRDA:24,3,0,12
BRDA:24,3,1,2
BRDA:32,4,0,36
BRDA:32,4,1,3
BRDA:35,5,0,3
BRDA:35,5,1,33
BRDA:35,6,0,30
BRDA:35,6,1,3
BRF:12
BRH:12
end_of_record
TN:
SF:/Users/hzwangfei3/Documents/gitrepos/froguard/github/json-toy/lib/cli/colorful.js
FN:8,noop
FN:13,isNotNaN
FN:16,isCorrectCode
FN:68,colorify
FN:108,genFn
FN:113,(anonymous_6)
FN:139,config
FN:186,(anonymous_8)
FN:191,(anonymous_9)
FN:196,(anonymous_10)
FN:201,(anonymous_11)
FNF:11
FNH:11
FNDA:1,noop
FNDA:42,isNotNaN
FNDA:42,isCorrectCode
FNDA:15,colorify
FNDA:15506,genFn
FNDA:15,(anonymous_6)
FNDA:5,config
FNDA:3,(anonymous_8)
FNDA:2,(anonymous_9)
FNDA:2,(anonymous_10)
FNDA:2,(anonymous_11)
DA:6,2
DA:8,1
DA:9,1
DA:13,1
DA:14,42
DA:16,1
DA:17,42
DA:19,2
DA:68,1
DA:69,15
DA:70,15
DA:71,14
DA:72,14
DA:73,7
DA:75,14
DA:76,1
DA:77,1
DA:78,1
DA:79,1
DA:81,14
DA:82,14
DA:83,14
DA:85,14
DA:86,14
DA:88,14
DA:89,14
DA:91,14
DA:92,14
DA:93,14
DA:96,14
DA:99,2
DA:102,2
DA:105,2
DA:108,1
DA:109,15506
DA:110,15506
DA:111,5
DA:113,15506
DA:114,15
DA:115,15
DA:116,12
DA:117,12
DA:119,3
DA:120,3
DA:121,3
DA:122,12
DA:123,12
DA:125,3
DA:139,1
DA:140,5
DA:141,5
DA:143,5
DA:145,5
DA:146,5
DA:147,5
DA:148,5
DA:150,5
DA:151,90
DA:153,90
DA:154,90
DA:155,1440
DA:156,1440
DA:157,1440
DA:159,1440
DA:160,1440
DA:161,15840
DA:165,90
DA:166,90
DA:167,990
DA:171,5
DA:172,80
DA:173,80
DA:175,80
DA:176,80
DA:177,880
DA:181,5
DA:182,55
DA:186,5
DA:187,3
DA:188,2
DA:189,2
DA:191,5
DA:192,2
DA:193,1
DA:194,1
DA:196,5
DA:197,2
DA:198,1
DA:199,1
DA:201,5
DA:202,2
DA:203,1
DA:204,1
DA:207,5
DA:211,2
DA:212,2
LF:96
LH:96
BRDA:17,1,0,42
BRDA:17,1,1,42
BRDA:17,1,2,42
BRDA:69,2,0,0
BRDA:69,2,1,15
BRDA:69,3,0,15
BRDA:69,3,1,15
BRDA:69,3,2,0
BRDA:70,4,0,1
BRDA:70,4,1,14
BRDA:72,5,0,7
BRDA:72,5,1,7
BRDA:75,6,0,1
BRDA:75,6,1,13
BRDA:82,7,0,14
BRDA:82,7,1,1
BRDA:83,8,0,14
BRDA:83,8,1,13
BRDA:85,9,0,14
BRDA:85,9,1,11
BRDA:86,10,0,14
BRDA:86,10,1,3
BRDA:88,11,0,14
BRDA:88,11,1,10
BRDA:89,12,0,14
BRDA:89,12,1,4
BRDA:110,13,0,5
BRDA:110,13,1,15501
BRDA:110,14,0,15506
BRDA:110,14,1,817
BRDA:110,14,2,49
BRDA:115,15,0,12
BRDA:115,15,1,3
BRDA:116,16,0,11
BRDA:116,16,1,1
BRDA:117,17,0,2
BRDA:117,17,1,10
BRDA:122,18,0,11
BRDA:122,18,1,1
BRDA:123,19,0,3
BRDA:123,19,1,9
BRDA:123,20,0,9
BRDA:123,20,1,3
BRDA:143,21,0,1
BRDA:143,21,1,4
BRDA:151,22,0,72
BRDA:151,22,1,18
BRDA:157,23,0,1152
BRDA:157,23,1,288
BRDA:161,24,0,12672
BRDA:161,24,1,3168
BRDA:167,25,0,792
BRDA:167,25,1,198
BRDA:173,26,0,64
BRDA:173,26,1,16
BRDA:177,27,0,704
BRDA:177,27,1,176
BRDA:182,28,0,44
BRDA:182,28,1,11
BRDA:187,29,0,1
BRDA:187,29,1,2
BRDA:192,30,0,1
BRDA:192,30,1,1
BRDA:197,31,0,1
BRDA:197,31,1,1
BRDA:202,32,0,1
BRDA:202,32,1,1
BRF:67
BRH:65
end_of_record
TN:
SF:/Users/hzwangfei3/Documents/gitrepos/froguard/github/json-toy/lib/cli/walk-dir.js
FN:20,dir2Json
FN:88,travel
FN:104,(anonymous_3)
FNF:3
FNH:3
FNDA:10,dir2Json
FNDA:13,travel
FNDA:35,(anonymous_3)
DA:1,1
DA:2,1
DA:3,1
DA:4,1
DA:5,1
DA:7,1
DA:8,1
DA:20,1
DA:22,10
DA:23,10
DA:24,1
DA:26,9
DA:27,9
DA:28,1
DA:32,8
DA:33,8
DA:34,8
DA:35,8
DA:36,8
DA:37,8
DA:38,8
DA:40,1
DA:43,8
DA:44,2
DA:51,6
DA:52,6
DA:53,6
DA:54,6
DA:56,8
DA:57,8
DA:58,8
DA:59,8
DA:60,8
DA:61,8
DA:62,8
DA:64,8
DA:65,7
DA:67,1
DA:68,1
DA:69,1
DA:72,8
DA:73,7
DA:75,1
DA:76,1
DA:77,1
DA:79,8
DA:80,8
DA:81,8
DA:82,8
DA:85,8
DA:88,1
DA:89,13
DA:90,13
DA:91,13
DA:93,13
DA:95,0
DA:96,0
DA:98,13
DA:99,13
DA:100,0
DA:104,13
DA:105,35
DA:106,35
DA:107,35
DA:109,35
DA:111,0
DA:112,0
DA:115,35
DA:118,32
DA:119,0
DA:120,0
DA:122,32
DA:123,25
DA:124,23
DA:126,7
DA:127,7
DA:128,7
DA:129,5
DA:130,5
DA:131,5
DA:133,2
DA:134,1
DA:135,1
DA:141,0
DA:148,8
DA:149,8
DA:152,1
LF:87
LH:79
BRDA:22,1,0,10
BRDA:22,1,1,0
BRDA:23,2,0,1
BRDA:23,2,1,9
BRDA:27,3,0,1
BRDA:27,3,1,8
BRDA:32,4,0,8
BRDA:32,4,1,0
BRDA:37,5,0,8
BRDA:37,5,1,0
BRDA:38,6,0,1
BRDA:38,6,1,7
BRDA:38,7,0,8
BRDA:38,7,1,8
BRDA:43,8,0,2
BRDA:43,8,1,6
BRDA:51,9,0,6
BRDA:51,9,1,0
BRDA:51,10,0,6
BRDA:51,10,1,0
BRDA:52,11,0,6
BRDA:52,11,1,5
BRDA:53,12,0,6
BRDA:53,12,1,4
BRDA:54,13,0,6
BRDA:54,13,1,4
BRDA:56,14,0,8
BRDA:56,14,1,6
BRDA:60,15,0,2
BRDA:60,15,1,6
BRDA:60,16,0,0
BRDA:60,16,1,6
BRDA:61,17,0,8
BRDA:61,17,1,0
BRDA:61,18,0,0
BRDA:61,18,1,0
BRDA:62,19,0,8
BRDA:62,19,1,0
BRDA:62,20,0,0
BRDA:62,20,1,0
BRDA:64,21,0,7
BRDA:64,21,1,1
BRDA:67,22,0,1
BRDA:67,22,1,0
BRDA:68,23,0,0
BRDA:68,23,1,1
BRDA:69,24,0,0
BRDA:69,24,1,1
BRDA:72,25,0,7
BRDA:72,25,1,1
BRDA:75,26,0,1
BRDA:75,26,1,0
BRDA:76,27,0,0
BRDA:76,27,1,1
BRDA:77,28,0,0
BRDA:77,28,1,1
BRDA:89,29,0,13
BRDA:89,29,1,0
BRDA:89,30,0,13
BRDA:89,30,1,13
BRDA:89,30,2,13
BRDA:98,31,0,13
BRDA:98,31,1,0
BRDA:98,32,0,13
BRDA:98,32,1,13
BRDA:99,33,0,0
BRDA:99,33,1,13
BRDA:115,34,0,32
BRDA:115,34,1,3
BRDA:115,35,0,35
BRDA:115,35,1,4
BRDA:115,35,2,4
BRDA:118,36,0,0
BRDA:118,36,1,32
BRDA:122,37,0,25
BRDA:122,37,1,7
BRDA:123,38,0,23
BRDA:123,38,1,2
BRDA:123,39,0,25
BRDA:123,39,1,25
BRDA:123,39,2,25
BRDA:126,40,0,7
BRDA:126,40,1,0
BRDA:128,41,0,5
BRDA:128,41,1,2
BRDA:128,42,0,7
BRDA:128,42,1,7
BRDA:128,42,2,7
BRDA:133,43,0,1
BRDA:133,43,1,1
BRDA:133,44,0,2
BRDA:133,44,1,2
BRDA:133,44,2,2
BRDA:149,45,0,1
BRDA:149,45,1,7
BRF:95
BRH:72
end_of_record
