TN:
SF:/Users/hzwangfei3/Documents/gitrepos/froguard/github/json-toy/lib/type-of.js
FN:14,_typeString
FN:28,_getType
FN:47,_isTypeOf
FN:49,(anonymous_4)
FN:66,(anonymous_5)
FN:75,isArray
FN:79,isDate
FN:82,isRegExp
FN:85,isError
FN:88,isSyntaxError
FN:91,isTypeError
FN:94,isRangeError
FN:107,isObject
FN:110,isFunction
FN:113,isNull
FN:116,isUndefined
FN:119,isNill
FN:124,isBoolean
FN:127,isString
FN:130,isChar
FN:133,isNumber
FN:140,isNaN
FN:143,isRealNumber
FN:147,isPrimitive
FN:151,isSpreadable
FN:164,_isJSON
FN:167,(anonymous_27)
FN:170,(anonymous_28)
FN:178,isJSON
FN:182,(anonymous_30)
FN:199,(anonymous_31)
FN:208,(anonymous_32)
FN:219,(anonymous_33)
FN:223,(anonymous_34)
FN:227,(anonymous_35)
FN:231,(anonymous_36)
FN:253,_instOf
FNF:37
FNH:37
FNDA:2062,_typeString
FNDA:2068,_getType
FNDA:44,_isTypeOf
FNDA:1901,(anonymous_4)
FNDA:26,(anonymous_5)
FNDA:1863,isArray
FNDA:2,isDate
FNDA:28,isRegExp
FNDA:4,isError
FNDA:2,isSyntaxError
FNDA:2,isTypeError
FNDA:2,isRangeError
FNDA:1947,isObject
FNDA:1853,isFunction
FNDA:21,isNull
FNDA:4,isUndefined
FNDA:1845,isNill
FNDA:13,isBoolean
FNDA:2276,isString
FNDA:3,isChar
FNDA:12,isNumber
FNDA:56,isNaN
FNDA:3,isRealNumber
FNDA:13,isPrimitive
FNDA:1851,isSpreadable
FNDA:11,_isJSON
FNDA:3,(anonymous_27)
FNDA:1,(anonymous_28)
FNDA:7,isJSON
FNDA:35,(anonymous_30)
FNDA:30,(anonymous_31)
FNDA:17,(anonymous_32)
FNDA:2,(anonymous_33)
FNDA:2,(anonymous_34)
FNDA:2,(anonymous_35)
FNDA:2,(anonymous_36)
FNDA:82,_instOf
DA:14,1
DA:15,2062
DA:28,1
DA:29,2068
DA:30,6
DA:32,2062
DA:34,2061
DA:35,2061
DA:36,1823
DA:38,2061
DA:47,1
DA:48,44
DA:49,44
DA:50,1901
DA:59,2
DA:60,2
DA:67,26
DA:69,2
DA:70,2
DA:71,2
DA:72,2
DA:73,2
DA:74,2
DA:75,1
DA:76,1863
DA:79,1
DA:80,2
DA:82,1
DA:83,28
DA:85,1
DA:86,4
DA:88,1
DA:89,2
DA:91,1
DA:92,2
DA:94,1
DA:95,2
DA:107,1
DA:108,1947
DA:110,1
DA:111,1853
DA:113,1
DA:114,21
DA:116,1
DA:117,4
DA:119,1
DA:120,1845
DA:124,1
DA:125,13
DA:127,1
DA:128,2276
DA:130,1
DA:131,3
DA:133,1
DA:134,12
DA:135,12
DA:136,1
DA:138,12
DA:140,1
DA:141,56
DA:143,1
DA:144,3
DA:147,1
DA:148,13
DA:151,1
DA:152,1851
DA:153,31
DA:154,1819
DA:155,1692
DA:156,1683
DA:157,1683
DA:161,136
DA:164,1
DA:165,11
DA:166,11
DA:168,3
DA:171,1
DA:172,1
DA:178,1
DA:179,7
DA:182,2
DA:183,35
DA:184,4
DA:186,31
DA:187,31
DA:188,21
DA:189,20
DA:190,20
DA:193,1
DA:196,10
DA:199,2
DA:200,30
DA:208,2
DA:209,17
DA:210,1
DA:211,16
DA:212,8
DA:215,8
DA:219,2
DA:220,2
DA:223,2
DA:224,2
DA:227,2
DA:228,2
DA:231,2
DA:232,2
DA:253,1
DA:255,82
DA:257,82
DA:258,82
DA:259,36
DA:260,36
DA:261,36
DA:262,36
DA:264,82
DA:268,2
LF:116
LH:116
BRDA:29,1,0,6
BRDA:29,1,1,2062
BRDA:29,2,0,2068
BRDA:29,2,1,2064
BRDA:30,3,0,2
BRDA:30,3,1,4
BRDA:35,4,0,1823
BRDA:35,4,1,238
BRDA:35,5,0,2061
BRDA:35,5,1,2060
BRDA:35,5,2,254
BRDA:36,6,0,1823
BRDA:36,6,1,0
BRDA:36,7,0,1823
BRDA:36,7,1,1823
BRDA:48,8,0,43
BRDA:48,8,1,1
BRDA:48,9,0,44
BRDA:48,9,1,1
BRDA:76,10,0,1863
BRDA:76,10,1,1827
BRDA:76,10,2,1827
BRDA:80,11,0,2
BRDA:80,11,1,1
BRDA:83,12,0,28
BRDA:83,12,1,7
BRDA:86,13,0,4
BRDA:86,13,1,3
BRDA:89,14,0,2
BRDA:89,14,1,1
BRDA:92,15,0,2
BRDA:92,15,1,1
BRDA:95,16,0,2
BRDA:95,16,1,1
BRDA:108,17,0,1947
BRDA:108,17,1,166
BRDA:108,17,2,1793
BRDA:111,18,0,1853
BRDA:111,18,1,1838
BRDA:120,19,0,1845
BRDA:120,19,1,1840
BRDA:125,20,0,13
BRDA:125,20,1,12
BRDA:125,20,2,11
BRDA:128,21,0,2276
BRDA:128,21,1,177
BRDA:131,22,0,3
BRDA:131,22,1,3
BRDA:134,23,0,10
BRDA:134,23,1,2
BRDA:135,24,0,1
BRDA:135,24,1,11
BRDA:135,25,0,12
BRDA:135,25,1,11
BRDA:138,26,0,12
BRDA:138,26,1,1
BRDA:144,27,0,3
BRDA:144,27,1,2
BRDA:148,28,0,13
BRDA:148,28,1,7
BRDA:152,29,0,31
BRDA:152,29,1,1819
BRDA:154,30,0,1692
BRDA:154,30,1,127
BRDA:154,31,0,1819
BRDA:154,31,1,127
BRDA:156,32,0,1683
BRDA:156,32,1,0
BRDA:165,33,0,11
BRDA:165,33,1,7
BRDA:166,34,0,11
BRDA:166,34,1,5
BRDA:166,34,2,2
BRDA:166,34,3,3
BRDA:166,34,4,2
BRDA:172,35,0,1
BRDA:172,35,1,0
BRDA:172,35,2,1
BRDA:172,35,3,1
BRDA:172,35,4,1
BRDA:183,36,0,4
BRDA:183,36,1,31
BRDA:183,37,0,35
BRDA:183,37,1,4
BRDA:186,38,0,31
BRDA:186,38,1,4
BRDA:188,39,0,20
BRDA:188,39,1,1
BRDA:189,40,0,20
BRDA:189,40,1,0
BRDA:209,41,0,1
BRDA:209,41,1,16
BRDA:211,42,0,8
BRDA:211,42,1,8
BRDA:212,43,0,8
BRDA:212,43,1,8
BRDA:220,44,0,2
BRDA:220,44,1,2
BRDA:220,44,2,2
BRDA:224,45,0,2
BRDA:224,45,1,2
BRDA:224,45,2,2
BRDA:228,46,0,2
BRDA:228,46,1,2
BRDA:228,46,2,2
BRDA:232,47,0,2
BRDA:232,47,1,2
BRDA:232,47,2,2
BRDA:258,48,0,36
BRDA:258,48,1,46
BRDA:258,49,0,82
BRDA:258,49,1,55
BRDA:258,49,2,49
BRDA:259,50,0,36
BRDA:259,50,1,36
BRDA:260,51,0,36
BRDA:260,51,1,36
BRDA:261,52,0,36
BRDA:261,52,1,7
BRDA:262,53,0,36
BRDA:262,53,1,29
BRF:121
BRH:117
end_of_record
TN:
SF:/Users/hzwangfei3/Documents/gitrepos/froguard/github/json-toy/lib/json-travel.js
FN:10,travelJson
FN:21,travel
FN:37,(anonymous_3)
FNF:3
FNH:3
FNDA:23,travelJson
FNDA:1719,travel
FNDA:1828,(anonymous_3)
DA:1,1
DA:10,1
DA:11,23
DA:13,21
DA:14,21
DA:15,21
DA:17,21
DA:18,21
DA:19,21
DA:21,1
DA:22,1719
DA:24,1719
DA:25,93
DA:26,93
DA:27,0
DA:28,0
DA:30,93
DA:31,93
DA:35,1719
DA:36,1719
DA:37,1719
DA:38,1828
DA:39,1828
DA:41,1828
DA:42,1828
DA:44,1828
DA:46,1828
DA:47,1828
DA:49,1828
DA:50,202
DA:51,202
DA:52,14
DA:53,14
DA:55,188
DA:56,188
DA:60,1828
DA:62,1827
DA:64,1827
DA:65,1698
DA:71,21
DA:72,21
DA:74,1
DA:75,1
DA:77,1
DA:79,0
DA:81,20
DA:84,1
LF:47
LH:44
BRDA:11,1,0,2
BRDA:11,1,1,21
BRDA:13,2,0,17
BRDA:13,2,1,4
BRDA:19,3,0,21
BRDA:19,3,1,7
BRDA:19,4,0,14
BRDA:19,4,1,7
BRDA:22,5,0,1719
BRDA:22,5,1,0
BRDA:24,6,0,93
BRDA:24,6,1,1626
BRDA:26,7,0,0
BRDA:26,7,1,93
BRDA:49,8,0,202
BRDA:49,8,1,1626
BRDA:51,9,0,14
BRDA:51,9,1,188
BRDA:60,10,0,1828
BRDA:60,10,1,1698
BRDA:62,11,0,1827
BRDA:62,11,1,151
BRDA:64,12,0,1698
BRDA:64,12,1,129
BRF:24
BRH:22
end_of_record
TN:
SF:/Users/hzwangfei3/Documents/gitrepos/froguard/github/json-toy/lib/json-check-circular.js
FN:7,checkCircular
FN:10,(anonymous_2)
FNF:2
FNH:2
FNDA:3,checkCircular
FNDA:28,(anonymous_2)
DA:1,1
DA:7,1
DA:8,3
DA:9,3
DA:10,3
DA:11,28
DA:12,4
DA:13,4
DA:21,3
DA:28,1
LF:10
LH:10
BRDA:11,1,0,4
BRDA:11,1,1,24
BRF:2
BRH:2
end_of_record
TN:
SF:/Users/hzwangfei3/Documents/gitrepos/froguard/github/json-toy/lib/json-treeify.js
FN:18,escapeString
FN:24,(anonymous_2)
FN:50,_isStartWith
FN:53,(anonymous_4)
FN:60,replaceTreeLinkChar
FN:65,checkNextSibling
FN:89,fixArr
FN:128,repeatChar
FN:137,formatOption
FN:172,treeify
FN:203,(anonymous_11)
FN:241,(anonymous_12)
FNF:12
FNH:12
FNDA:137,escapeString
FNDA:5,(anonymous_2)
FNDA:1,_isStartWith
FNDA:2186,(anonymous_4)
FNDA:15,replaceTreeLinkChar
FNDA:131,checkNextSibling
FNDA:11,fixArr
FNDA:22,repeatChar
FNDA:21,formatOption
FNDA:21,treeify
FNDA:120,(anonymous_11)
FNDA:637,(anonymous_12)
DA:1,1
DA:2,1
DA:8,1
DA:18,1
DA:23,137
DA:24,137
DA:25,5
DA:26,5
DA:32,1
DA:50,1
DA:51,1
DA:52,1
DA:53,1
DA:54,2186
DA:57,1
DA:59,1
DA:60,1
DA:61,15
DA:62,15
DA:65,1
DA:69,131
DA:70,131
DA:74,963
DA:75,963
DA:76,36
DA:77,927
DA:78,65
DA:79,65
DA:82,131
DA:89,1
DA:93,11
DA:96,11
DA:97,11
DA:98,275
DA:102,275
DA:103,1259
DA:104,1259
DA:105,131
DA:106,131
DA:107,66
DA:108,66
DA:109,552
DA:110,552
DA:111,543
DA:121,11
DA:123,11
DA:125,11
DA:128,1
DA:129,22
DA:130,22
DA:131,22
DA:132,22
DA:133,24
DA:134,22
DA:137,1
DA:139,21
DA:141,21
DA:143,21
DA:144,20
DA:145,20
DA:146,20
DA:148,1
DA:151,21
DA:152,21
DA:153,21
DA:155,21
DA:156,21
DA:172,1
DA:174,21
DA:177,21
DA:178,5
DA:179,16
DA:180,2
DA:181,14
DA:182,3
DA:186,11
DA:190,11
DA:191,11
DA:192,11
DA:195,11
DA:198,11
DA:199,12
DA:203,11
DA:204,120
DA:205,120
DA:206,120
DA:207,76
DA:208,52
DA:210,15
DA:211,15
DA:212,37
DA:213,1
DA:214,36
DA:215,1
DA:216,35
DA:217,3
DA:219,32
DA:222,52
DA:224,24
DA:227,44
DA:230,120
DA:231,120
DA:232,336
DA:234,120
DA:235,120
DA:237,120
DA:240,120
DA:241,132
DA:242,637
DA:245,637
DA:250,11
DA:263,275
DA:266,1
LF:113
LH:113
BRDA:24,1,0,1
BRDA:24,1,1,136
BRDA:26,2,0,5
BRDA:26,2,1,0
BRDA:54,3,0,2186
BRDA:54,3,1,2047
BRDA:61,4,0,15
BRDA:61,4,1,15
BRDA:62,5,0,6
BRDA:62,5,1,9
BRDA:62,6,0,15
BRDA:62,6,1,6
BRDA:75,7,0,36
BRDA:75,7,1,927
BRDA:77,8,0,65
BRDA:77,8,1,862
BRDA:104,9,0,131
BRDA:104,9,1,1128
BRDA:106,10,0,66
BRDA:106,10,1,65
BRDA:109,11,0,552
BRDA:109,11,1,0
BRDA:110,12,0,543
BRDA:110,12,1,9
BRDA:110,13,0,552
BRDA:110,13,1,549
BRDA:131,14,0,22
BRDA:131,14,1,2
BRDA:132,15,0,20
BRDA:132,15,1,2
BRDA:139,16,0,21
BRDA:139,16,1,1
BRDA:141,17,0,21
BRDA:141,17,1,21
BRDA:141,18,0,3
BRDA:141,18,1,18
BRDA:143,19,0,20
BRDA:143,19,1,1
BRDA:145,20,0,13
BRDA:145,20,1,7
BRDA:146,21,0,1
BRDA:146,21,1,19
BRDA:146,22,0,2
BRDA:146,22,1,17
BRDA:152,23,0,15
BRDA:152,23,1,6
BRDA:152,24,0,1
BRDA:152,24,1,14
BRDA:153,25,0,1
BRDA:153,25,1,20
BRDA:153,26,0,1
BRDA:153,26,1,19
BRDA:155,27,0,18
BRDA:155,27,1,3
BRDA:177,28,0,5
BRDA:177,28,1,16
BRDA:179,29,0,2
BRDA:179,29,1,14
BRDA:181,30,0,3
BRDA:181,30,1,11
BRDA:182,31,0,2
BRDA:182,31,1,1
BRDA:206,32,0,76
BRDA:206,32,1,44
BRDA:207,33,0,52
BRDA:207,33,1,24
BRDA:208,34,0,15
BRDA:208,34,1,37
BRDA:212,35,0,1
BRDA:212,35,1,36
BRDA:214,36,0,1
BRDA:214,36,1,35
BRDA:216,37,0,3
BRDA:216,37,1,32
BRDA:232,38,0,120
BRDA:232,38,1,216
BRDA:244,39,0,637
BRDA:244,39,1,132
BRDA:245,40,0,553
BRDA:245,40,1,84
BRDA:245,41,0,637
BRDA:245,41,1,132
BRDA:245,42,0,132
BRDA:245,42,1,421
BRDA:263,43,0,1
BRDA:263,43,1,10
BRF:86
BRH:84
end_of_record
TN:
SF:/Users/hzwangfei3/Documents/gitrepos/froguard/github/json-toy/lib/json-get-val-by-keypath.js
FN:19,getValByKey
FN:30,(anonymous_2)
FNF:2
FNH:2
FNDA:15,getValByKey
FNDA:39,(anonymous_2)
DA:1,1
DA:19,1
DA:21,15
DA:22,1
DA:24,14
DA:25,14
DA:26,14
DA:30,14
DA:32,39
DA:33,36
DA:34,36
DA:35,36
DA:37,3
DA:42,14
DA:45,1
LF:15
LH:15
BRDA:21,1,0,1
BRDA:21,1,1,14
BRDA:21,2,0,15
BRDA:21,2,1,14
BRDA:24,3,0,12
BRDA:24,3,1,2
BRDA:32,4,0,36
BRDA:32,4,1,3
BRDA:35,5,0,3
BRDA:35,5,1,33
BRDA:35,6,0,30
BRDA:35,6,1,3
BRF:12
BRH:12
end_of_record
TN:
SF:/Users/hzwangfei3/Documents/gitrepos/froguard/github/json-toy/lib/cli/colorful.js
FN:8,noop
FN:13,isNotNaN
FN:16,isCorrectCode
FN:68,colorify
FN:108,genFn
FN:113,(anonymous_6)
FN:139,config
FN:186,(anonymous_8)
FN:191,(anonymous_9)
FN:196,(anonymous_10)
FN:201,(anonymous_11)
FNF:11
FNH:11
FNDA:1,noop
FNDA:48,isNotNaN
FNDA:48,isCorrectCode
FNDA:17,colorify
FNDA:15506,genFn
FNDA:17,(anonymous_6)
FNDA:5,config
FNDA:4,(anonymous_8)
FNDA:2,(anonymous_9)
FNDA:2,(anonymous_10)
FNDA:2,(anonymous_11)
DA:6,2
DA:8,1
DA:9,1
DA:13,1
DA:14,48
DA:16,1
DA:17,48
DA:19,2
DA:68,1
DA:69,17
DA:70,17
DA:71,16
DA:72,16
DA:73,9
DA:75,16
DA:76,1
DA:77,1
DA:78,1
DA:79,1
DA:81,16
DA:82,16
DA:83,16
DA:85,16
DA:86,16
DA:88,16
DA:89,16
DA:91,16
DA:92,16
DA:93,16
DA:96,16
DA:99,2
DA:102,2
DA:105,2
DA:108,1
DA:109,15506
DA:110,15506
DA:111,5
DA:113,15506
DA:114,17
DA:115,17
DA:116,14
DA:117,14
DA:119,3
DA:120,3
DA:121,3
DA:122,12
DA:123,12
DA:125,3
DA:139,1
DA:140,5
DA:141,5
DA:143,5
DA:145,5
DA:146,5
DA:147,5
DA:148,5
DA:150,5
DA:151,90
DA:153,90
DA:154,90
DA:155,1440
DA:156,1440
DA:157,1440
DA:159,1440
DA:160,1440
DA:161,15840
DA:165,90
DA:166,90
DA:167,990
DA:171,5
DA:172,80
DA:173,80
DA:175,80
DA:176,80
DA:177,880
DA:181,5
DA:182,55
DA:186,5
DA:187,4
DA:188,3
DA:189,3
DA:191,5
DA:192,2
DA:193,1
DA:194,1
DA:196,5
DA:197,2
DA:198,1
DA:199,1
DA:201,5
DA:202,2
DA:203,1
DA:204,1
DA:207,5
DA:211,2
DA:212,2
LF:96
LH:96
BRDA:17,1,0,48
BRDA:17,1,1,48
BRDA:17,1,2,48
BRDA:69,2,0,0
BRDA:69,2,1,17
BRDA:69,3,0,17
BRDA:69,3,1,17
BRDA:69,3,2,0
BRDA:70,4,0,1
BRDA:70,4,1,16
BRDA:72,5,0,9
BRDA:72,5,1,7
BRDA:75,6,0,1
BRDA:75,6,1,15
BRDA:82,7,0,16
BRDA:82,7,1,1
BRDA:83,8,0,16
BRDA:83,8,1,15
BRDA:85,9,0,16
BRDA:85,9,1,12
BRDA:86,10,0,16
BRDA:86,10,1,4
BRDA:88,11,0,16
BRDA:88,11,1,12
BRDA:89,12,0,16
BRDA:89,12,1,4
BRDA:110,13,0,5
BRDA:110,13,1,15501
BRDA:110,14,0,15506
BRDA:110,14,1,817
BRDA:110,14,2,49
BRDA:115,15,0,14
BRDA:115,15,1,3
BRDA:116,16,0,13
BRDA:116,16,1,1
BRDA:117,17,0,2
BRDA:117,17,1,12
BRDA:122,18,0,11
BRDA:122,18,1,1
BRDA:123,19,0,3
BRDA:123,19,1,9
BRDA:123,20,0,9
BRDA:123,20,1,3
BRDA:143,21,0,1
BRDA:143,21,1,4
BRDA:151,22,0,72
BRDA:151,22,1,18
BRDA:157,23,0,1152
BRDA:157,23,1,288
BRDA:161,24,0,12672
BRDA:161,24,1,3168
BRDA:167,25,0,792
BRDA:167,25,1,198
BRDA:173,26,0,64
BRDA:173,26,1,16
BRDA:177,27,0,704
BRDA:177,27,1,176
BRDA:182,28,0,44
BRDA:182,28,1,11
BRDA:187,29,0,1
BRDA:187,29,1,3
BRDA:192,30,0,1
BRDA:192,30,1,1
BRDA:197,31,0,1
BRDA:197,31,1,1
BRDA:202,32,0,1
BRDA:202,32,1,1
BRF:67
BRH:65
end_of_record
TN:
SF:/Users/hzwangfei3/Documents/gitrepos/froguard/github/json-toy/lib/cli/walk-dir.js
FN:20,dir2Json
FN:88,travel
FN:104,(anonymous_3)
FNF:3
FNH:3
FNDA:12,dir2Json
FNDA:15,travel
FNDA:43,(anonymous_3)
DA:1,1
DA:2,1
DA:3,1
DA:4,1
DA:5,1
DA:7,1
DA:8,1
DA:20,1
DA:22,12
DA:23,11
DA:24,1
DA:26,10
DA:27,10
DA:28,1
DA:32,9
DA:33,9
DA:34,9
DA:35,9
DA:36,9
DA:37,9
DA:38,9
DA:40,2
DA:43,9
DA:44,3
DA:51,6
DA:52,6
DA:53,6
DA:54,6
DA:56,9
DA:57,9
DA:58,9
DA:59,9
DA:60,9
DA:61,9
DA:62,9
DA:64,9
DA:65,8
DA:67,1
DA:68,1
DA:69,1
DA:72,9
DA:73,8
DA:75,1
DA:76,1
DA:77,1
DA:79,9
DA:80,9
DA:81,9
DA:82,9
DA:85,9
DA:88,1
DA:89,15
DA:90,15
DA:91,15
DA:93,15
DA:95,0
DA:96,0
DA:98,15
DA:99,15
DA:100,0
DA:104,15
DA:105,43
DA:106,43
DA:107,43
DA:109,43
DA:111,0
DA:112,0
DA:115,43
DA:118,40
DA:119,0
DA:120,0
DA:122,40
DA:123,32
DA:124,30
DA:126,8
DA:127,8
DA:128,8
DA:129,6
DA:130,6
DA:131,6
DA:133,2
DA:134,1
DA:135,1
DA:141,0
DA:148,9
DA:149,9
DA:152,1
LF:87
LH:79
BRDA:22,1,0,12
BRDA:22,1,1,0
BRDA:23,2,0,1
BRDA:23,2,1,10
BRDA:27,3,0,1
BRDA:27,3,1,9
BRDA:32,4,0,9
BRDA:32,4,1,1
BRDA:37,5,0,9
BRDA:37,5,1,1
BRDA:38,6,0,2
BRDA:38,6,1,7
BRDA:38,7,0,9
BRDA:38,7,1,8
BRDA:43,8,0,3
BRDA:43,8,1,6
BRDA:51,9,0,6
BRDA:51,9,1,0
BRDA:52,10,0,6
BRDA:52,10,1,5
BRDA:53,11,0,6
BRDA:53,11,1,4
BRDA:54,12,0,6
BRDA:54,12,1,4
BRDA:56,13,0,9
BRDA:56,13,1,7
BRDA:60,14,0,2
BRDA:60,14,1,7
BRDA:60,15,0,0
BRDA:60,15,1,7
BRDA:61,16,0,9
BRDA:61,16,1,0
BRDA:61,17,0,0
BRDA:61,17,1,0
BRDA:62,18,0,9
BRDA:62,18,1,0
BRDA:62,19,0,0
BRDA:62,19,1,0
BRDA:64,20,0,8
BRDA:64,20,1,1
BRDA:67,21,0,1
BRDA:67,21,1,0
BRDA:68,22,0,0
BRDA:68,22,1,1
BRDA:69,23,0,0
BRDA:69,23,1,1
BRDA:72,24,0,8
BRDA:72,24,1,1
BRDA:75,25,0,1
BRDA:75,25,1,0
BRDA:76,26,0,0
BRDA:76,26,1,1
BRDA:77,27,0,0
BRDA:77,27,1,1
BRDA:89,28,0,15
BRDA:89,28,1,0
BRDA:89,29,0,15
BRDA:89,29,1,13
BRDA:89,29,2,13
BRDA:98,30,0,15
BRDA:98,30,1,0
BRDA:98,31,0,15
BRDA:98,31,1,15
BRDA:99,32,0,0
BRDA:99,32,1,15
BRDA:115,33,0,40
BRDA:115,33,1,3
BRDA:115,34,0,43
BRDA:115,34,1,4
BRDA:115,34,2,4
BRDA:118,35,0,0
BRDA:118,35,1,40
BRDA:122,36,0,32
BRDA:122,36,1,8
BRDA:123,37,0,30
BRDA:123,37,1,2
BRDA:123,38,0,32
BRDA:123,38,1,32
BRDA:123,38,2,32
BRDA:126,39,0,8
BRDA:126,39,1,0
BRDA:128,40,0,6
BRDA:128,40,1,2
BRDA:128,41,0,8
BRDA:128,41,1,8
BRDA:128,41,2,8
BRDA:133,42,0,1
BRDA:133,42,1,1
BRDA:133,43,0,2
BRDA:133,43,1,2
BRDA:133,43,2,2
BRDA:149,44,0,1
BRDA:149,44,1,8
BRF:93
BRH:73
end_of_record
